 250.000000         
   0.000000         
  -5.122057         
   1.526815         
  -6.433673         
   2.593799         
  -6.559323         
   6.559266         
  -9.681348         
  11.473217         
 -62.190134         
 147.615002         
   2.206190         
 -18.351961         
   0.217969         
 -10.121626         
  -2.610974         
  -6.421809         
  -2.286857         
  -4.661213         
  -3.918005         
  -4.008523         
  -4.059479         
  -2.365329         
  -5.489080         
  -2.510045         
  -7.415549         
  -0.068640         
 -10.856909         
   0.417935         
 -43.039562         
  17.058603         
  16.660141         
 -12.311531         
   7.199080         
  -6.462474         
   2.310534         
  -5.477614         
   1.603122         
  -3.953298         
   0.074873         
  -4.514441         
  -0.781074         
  -3.327250         
  -1.403420         
  -4.275556         
  -3.552206         
  -3.515378         
  -4.566162         
  -4.888244         
 -18.678646         
  -8.022540         
  21.015247         
   3.701936         
   7.846341         
   0.812943         
   3.760427         
  -1.705780         
   2.666719         
  -0.816310         
   2.112799         
  -2.111866         
   0.988981         
  -1.514727         
   1.382683         
  -2.338093         
  -0.244533         
  -2.533100         
   0.623278         
  -3.034943         
  -3.391104         
  -7.502448         
  11.260574         
  16.844340         
   2.762303         
   4.173115         
   1.875422         
   0.254482         
   0.789031         
   0.869718         
   1.375779         
  -0.156187         
   0.230759         
  -0.043725         
   1.089666         
  -0.084120         
  -0.028630         
  -0.690770         
   0.792824         
   0.321288         
   0.038888         
  -2.031748         
  -3.745826         
  17.283898         
  -1.008478         
   1.286816         
   0.689018         
  -0.798046         
  -0.775042         
  -0.191590         
   0.275767         
  -0.231612         
  -0.802722         
  -0.563913         
  -0.227555         
   0.161161         
  -0.908571         
  -0.728562         
  -1.227999         
   0.787583         
  -1.390073         
  -0.584122         
 -11.898182         
   7.488139         
   1.121372         
  -2.297488         
   2.182449         
  -1.587768         
  -0.080209         
  -1.632369         
   0.549216         
  -0.788632         
  -0.273858         
  -1.611561         
  -0.382841         
  -0.613859         
  -0.480323         
  -1.657417         
  -1.707107         
  -0.707107         
  -1.257489         
  -1.817462         
  -9.739393         
  -2.179811         
   5.613057         
  -0.511202         
   3.699583         
   0.365099         
   1.335540         
  -1.323161         
   1.170422         
  -0.221433         
   0.954046         
  -1.391606         
   0.229211         
  -0.636752         
   0.789363         
  -1.449011         
  -0.619870         
  -1.364625         
   0.504080         
  -1.729529         
  -3.441782         
  -5.008250         
   5.628557         
   5.435311         
   2.262194         
   2.948914         
   1.436627         
  -0.200715         
   0.633066         
   0.692379         
   1.224126         
  -0.323796         
   0.192390         
  -0.078705         
   1.120278         
  -0.245266         
   0.004891         
  -0.808399         
   1.020176         
  -0.054388         
   0.099542         
  -2.896401         
  -0.184387         
   8.787547         
  -0.701323         
   2.642342         
   0.827185         
  -0.130328         
  -0.468263         
   0.410502         
   0.633783         
   0.131614         
  -0.393498         
  -0.178647         
   0.357521         
   0.380612         
  -0.279361         
  -0.557058         
  -0.188517         
   0.805341         
   0.076120         
  -1.031530         
  -6.266885         
   5.759022         
  -1.229155         
  -0.068857         
   1.303437         
  -0.636233         
  -0.507332         
  -0.738459         
   0.417902         
  -0.117460         
  -0.333109         
  -0.924706         
  -0.190504         
   0.026991         
  -0.240892         
  -1.036595         
  -1.130398         
   0.039282         
  -0.317134         
  -1.117621         
  -7.209078         
  -0.337957         
   1.368302         
  -1.057590         
   2.475961         
   0.217684         
   0.530045         
  -1.132652         
   0.725530         
  -0.015850         
   0.526686         
  -1.139394         
  -0.007125         
  -0.297181         
   0.549819         
  -1.147304         
  -0.762332         
  -0.864359         
   0.460567         
  -1.258823         
  -3.661878         
  -3.844564         
   3.204320         
   1.673763         
   2.091714         
   2.293781         
   1.166679         
  -0.453886         
   0.563136         
   0.580950         
   1.090175         
  -0.459861         
   0.131914         
  -0.096593         
   1.068623         
  -0.373114         
  -0.084580         
  -0.839960         
   1.043661         
  -0.254972         
  -0.204760         
  -3.263624         
   1.000000         
   5.000000         
  -0.261047         
   3.026611         
   0.929054         
   0.027287         
  -0.261953         
   0.629160         
   0.820690         
   0.189234         
  -0.199719         
  -0.045566         
   0.651893         
   0.383812         
  -0.025956         
  -0.544758         
   0.324583         
   0.709333         
   0.651431         
  -1.454359         
  -3.457313         
   4.668638         
  -1.936875         
   1.193043         
   0.972661         
  -0.172384         
  -0.640492         
  -0.234313         
   0.433254         
   0.202228         
  -0.325630         
  -0.559682         
  -0.006903         
   0.340823         
  -0.086157         
  -0.738168         
  -0.724457         
   0.421985         
   0.258511         
  -0.860733         
  -5.615215         
   0.714512         
  -0.811083         
  -0.853256         
   1.790082         
   0.183557         
   0.047181         
  -0.935241         
   0.496363         
   0.138247         
   0.260550         
  -0.951149         
  -0.114204         
  -0.050123         
   0.404853         
  -0.945846         
  -0.814496         
  -0.487809         
   0.479075         
  -0.952639         
  -3.795604         
  -2.906372         
   1.436601         
  -0.190948         
   1.923880         
   1.796897         
   0.901257         
  -0.629995         
   0.489807         
   0.500321         
   0.937650         
  -0.564395         
   0.054315         
  -0.089762         
   0.978104         
  -0.467587         
  -0.212309         
  -0.814698         
   0.999965         
  -0.371907         
  -0.626629         
  -3.400719         
   1.347985         
   2.495136         
   0.164244         
   3.064135         
   0.992744         
   0.014404         
  -0.100527         
   0.712854         
   0.934234         
   0.142868         
  -0.084875         
   0.001975         
   0.834751         
   0.309454         
   0.090165         
  -0.584389         
   0.643283         
   0.564093         
   0.884799         
  -1.873985         
  -1.611180         
   3.610453         
  -2.051983         
   2.069767         
   0.846154         
   0.113698         
  -0.650332         
   0.123756         
   0.509365         
   0.386683         
  -0.280289         
  -0.316455         
   0.184105         
   0.520868         
   0.048616         
  -0.568632         
  -0.363523         
   0.643692         
   0.711607         
  -0.808324         
  -4.245900         
   1.360205         
  -2.153695         
  -0.326165         
   1.318337         
   0.230284         
  -0.292893         
  -0.707107         
   0.363625         
   0.287777         
   0.073873         
  -0.768635         
  -0.149731         
   0.170145         
   0.317925         
  -0.770602         
  -0.794037         
  -0.152610         
   0.565651         
  -0.707909         
  -3.766810         
  -2.024834         
  -0.105418         
  -1.184775         
   1.706371         
   1.400250         
   0.615284         
  -0.742333         
   0.400028         
   0.451530         
   0.764896         
  -0.630555         
  -0.033852         
  -0.051449         
   0.864519         
  -0.522804         
  -0.351142         
  -0.733887         
   0.930897         
  -0.417960         
  -1.084495         
  -3.350692         
   1.190076         
   0.552158         
   0.521940         
   2.909396         
   1.007760         
  -0.084142         
   0.020958         
   0.724790         
   0.991850         
   0.046388         
  -0.020818         
   0.009557         
   0.945384         
   0.198577         
   0.124905         
  -0.641244         
   0.846474         
   0.397092         
   0.910405         
  -2.275198         
  -0.291206         
   2.428642         
  -1.868755         
   2.697028         
   0.825408         
   0.294737         
  -0.588720         
   0.393985         
   0.617317         
   0.490334         
  -0.210029         
  -0.144115         
   0.380789         
   0.617824         
   0.175473         
  -0.476236         
  -0.020893         
   0.758609         
   1.098361         
  -0.895757         
  -2.909611         
   1.670570         
  -3.010511         
   0.375390         
   0.974334         
   0.341277         
  -0.537548         
  -0.446855         
   0.295551         
   0.442739         
  -0.053874         
  -0.578534         
  -0.128295         
   0.378869         
   0.281550         
  -0.603933         
  -0.702551         
   0.158775         
   0.727894         
  -0.503637         
  -3.523070         
  -1.174460         
  -1.540108         
  -1.632824         
   1.430447         
   1.097566         
   0.306604         
  -0.787731         
   0.293954         
   0.440842         
   0.576894         
  -0.650962         
  -0.124829         
   0.024426         
   0.740177         
  -0.532583         
  -0.482464         
  -0.594948         
   0.863974         
  -0.393394         
  -1.519261         
  -3.118346         
   0.633477         
  -1.058613         
   0.779522         
   2.631633         
   0.962898         
  -0.229875         
   0.098411         
   0.694176         
   0.996138         
  -0.073838         
