 105.000000         
   0.000000         
 -26.515233         
  -2.344903         
 -53.507121         
  -9.408606         
  48.287008         
  12.537699         
   9.488447         
   3.136955         
   2.437219         
   0.784150         
  -1.310190         
  -1.155845         
  -7.578049         
  -5.704140         
  18.291128         
  14.401321         
   4.191448         
   3.356874         
   1.986908         
   1.421823         
   0.869915         
   0.136855         
  -0.529928         
  -2.190405         
   7.910624         
  14.576171         
   1.971245         
   3.006289         
   1.352094         
   1.805099         
   1.089790         
   1.216773         
   0.924060         
   0.494061         
   1.213243         
  13.025160         
   0.781733         
   2.264358         
   0.671322         
   1.891139         
   0.549313         
   1.843614         
   0.368936         
   1.993699         
  -3.258851         
  10.108215         
   0.364595         
   1.429032         
   0.080481         
   1.708818         
  -0.233081         
   1.923580         
  -0.776212         
   2.299450         
  -5.677594         
   6.480880         
   0.541247         
   0.817487         
  -0.321782         
   1.344527         
  -0.893795         
   1.529038         
  -1.707107         
   1.707107         
  -6.216406         
   2.912041         
   1.037012         
   0.658886         
  -0.494650         
   0.913102         
  -1.207634         
   0.863503         
  -2.031558         
   0.690859         
  -5.293518         
   0.076842         
   1.512747         
   1.015936         
  -0.456724         
   0.524394         
  -1.111348         
   0.186466         
  -1.710840         
  -0.262214         
  -3.536258         
  -1.612606         
   1.658569         
   1.762388         
  -0.270450         
   0.256518         
  -0.694627         
  -0.274675         
  -0.967981         
  -0.801577         
  -1.630986         
  -2.089790         
   1.291044         
   2.624779         
  -0.016931         
   0.143337         
  -0.149009         
  -0.395415         
  -0.149975         
  -0.800677         
  -0.147357         
  -1.609665         
   0.412984         
   3.274719         
   0.228894         
   0.177776         
   0.309913         
  -0.185029         
   0.421478         
  -0.360245         
   0.595467         
  -0.632351         
  -0.787544         
   3.440501         
   0.414249         
   0.326569         
   0.520626         
   0.230221         
   0.565850         
   0.265021         
   0.577624         
   0.342382         
  -2.000000         
   3.000000         
   0.511923         
   0.548304         
   0.428245         
   0.662634         
   0.292947         
   0.783681         
   0.031946         
   0.933717         
  -2.895094         
   2.023115         
   0.513059         
   0.806588         
   0.095507         
   0.935665         
  -0.223675         
   0.983601         
  -0.675662         
   0.981305         
  -3.234248         
   0.749382         
   0.415711         
   1.073579         
  -0.328668         
   0.947326         
  -0.731632         
   0.805744         
  -1.193465         
   0.561850         
  -2.947562         
  -0.491244         
   0.216773         
   1.324423         
  -0.669270         
   0.702896         
  -1.006494         
   0.352794         
  -1.307191         
  -0.076626         
  -2.154053         
  -1.386878         
  -0.087538         
   1.527945         
  -0.791117         
   0.307397         
  -0.938926         
  -0.165200         
  -0.999625         
  -0.632383         
  -1.118098         
  -1.743989         
  -0.492363         
   1.641039         
  -0.647111         
  -0.077176         
  -0.570721         
  -0.523067         
  -0.431729         
  -0.873257         
  -0.158166         
  -1.545291         
  -0.970995         
   1.612682         
  -0.292893         
  -0.292893         
  -0.069165         
  -0.573062         
   0.140776         
  -0.720840         
   0.459709         
  -0.946250         
  -1.465821         
   1.398792         
   0.135400         
  -0.242885         
   0.347121         
  -0.302026         
   0.479245         
  -0.267872         
   0.606473         
  -0.213026         
  -1.890834         
   0.983373         
   0.470579         
   0.075289         
   0.499942         
   0.167538         
   0.458212         
   0.272607         
   0.323788         
   0.374843         
  -2.148832         
   0.396996         
   0.572504         
   0.570115         
   0.324423         
   0.630986         
   0.110071         
   0.662378         
  -0.203272         
   0.621673         
  -2.159932         
  -0.277080         
   0.374520         
   1.088332         
  -0.105172         
   0.887311         
  -0.396127         
   0.738034         
  -0.722825         
   0.478262         
  -1.892084         
  -0.915330         
  -0.096755         
   1.466039         
  -0.606154         
   0.822860         
  -0.830385         
   0.476304         
  -1.012872         
   0.048585         
  -1.381528         
  -1.384257         
  -0.733098         
   1.580319         
  -0.962200         
   0.459998         
