[Block Diagram Listing]
Header=Hypersignal for Windows Block Diagram Application, Block Listing
Version=4.00
Block Count=15
Horizontal Scroll Position=0
Vertical Scroll Position=0
Manual Compile=0
Block Library1=Simulation Library
Block Name1=Sound Card A/D 1
DLL Name1=SndCrdAD.dll
Block Type1=1
Block Class1=0
Layer1=-1
Position1=96,192,128,224
Input Count1=0
Output Count1=2
Parameter Count1=0
Block Library2=Simulation Library
Block Name2=Sine Generator 1
DLL Name2=SINE.DLL
Block Type2=1
Block Class2=0
Layer2=-1
Position2=96,320,128,352
Input Count2=0
Output Count2=1
Parameter Count2=1
Block2,Parameter Line 0=Sets Frequency,,,
Block2,Parameter Input 0=General knob 1,Output Channel 0,HDT_DOUBLE,202
Block Library3=Instrumentation Library
Block Name3=General knob 1
DLL Name3=knobgen.dll
Block Type3=10
Block Class3=0
Layer3=-1
Position3=352,448,448,544
Input Count3=0
Output Count3=1
Parameter Count3=0
Block Library4=Instrumentation Library
Block Name4=Two position toggle switch 1
DLL Name4=t2vert.dll
Block Type4=10
Block Class4=0
Layer4=-1
Position4=224,448,256,544
Input Count4=0
Output Count4=3
Parameter Count4=0
Block Library5=Simulation Library
Block Name5=Multiply 1
DLL Name5=MULT.DLL
Block Type5=2
Block Class5=0
Layer5=-1
Position5=192,256,224,288
Input Count5=2
Output Count5=1
Parameter Count5=0
Block5,Input Channel 0=Sound Card A/D 1,Output Channel 0
Block5,Input Channel 1=Sine Generator 1,Output Channel 0
Block Library6=Simulation Library
Block Name6=2 to 1 Multiplexer 1
DLL Name6=MUXTWO.DLL
Block Type6=66
Block Class6=64
Layer6=-1
Position6=320,256,352,288
Input Count6=3
Output Count6=1
Parameter Count6=0
Block6,Input Channel 0=Sound Card A/D 1,Output Channel 0
Block6,Input Channel 1=Multiply 1,Output Channel 0
Block6,Input Channel 2=Two position toggle switch 1,Output Channel 2
Block Library7=Simulation Library
Block Name7=Root Mean Square 1
DLL Name7=RMS.DLL
Block Type7=2
Block Class7=0
Layer7=-1
Position7=416,224,448,256
Input Count7=1
Output Count7=1
Parameter Count7=0
Block7,Input Channel 0=2 to 1 Multiplexer 1,Output Channel 0
Block Library8=Simulation Library
Block Name8=FFT 1
DLL Name8=FFT.DLL
Block Type8=2
Block Class8=0
Layer8=-1
Position8=384,352,416,384
Input Count8=1
Output Count8=1
Parameter Count8=0
Block8,Input Channel 0=2 to 1 Multiplexer 1,Output Channel 0
Block Library9=Instrumentation Library
Block Name9=Numeric Indicator 1
DLL Name9=Numeric.dll
Block Type9=8
Block Class9=0
Layer9=-1
Position9=320,160,448,192
Input Count9=1
Output Count9=0
Parameter Count9=0
Block9,Input Channel 0=Root Mean Square 1,Output Channel 0
Block Library10=Simulation Library
Block Name10=Threshold 1
DLL Name10=THRESH.DLL
Block Type10=2
Block Class10=0
Layer10=-1
Position10=640,160,672,192
Input Count10=1
Output Count10=1
Parameter Count10=0
Block10,Input Channel 0=Root Mean Square 1,Output Channel 0
Block Library11=Instrumentation Library
Block Name11=LED 1
DLL Name11=LEDvi.dll
Block Type11=12
Block Class11=0
Layer11=-1
Position11=448,160,480,192
Input Count11=1
Output Count11=0
Parameter Count11=0
Block11,Input Channel 0=Threshold 1,Output Channel 0
Block Library12=Simulation Library
Block Name12=Magnitude 1
DLL Name12=MAG.DLL
Block Type12=2
Block Class12=0
Layer12=-1
Position12=448,352,480,384
Input Count12=1
Output Count12=1
Parameter Count12=0
Block12,Input Channel 0=FFT 1,Output Channel 0
Block Library13=Instrumentation Library
Block Name13=Numeric Indicator 2
DLL Name13=Numeric.dll
Block Type13=8
Block Class13=0
Layer13=-1
Position13=320,416,480,448
Input Count13=1
Output Count13=0
Parameter Count13=0
Block13,Input Channel 0=General knob 1,Output Channel 0
Block Library14=Simulation Library
Block Name14=1 Channel X Display 2
DLL Name14=OneChanX.dll
Block Type14=8
Block Class14=0
Layer14=-1
Position14=512,160,864,352
Input Count14=1
Output Count14=0
Parameter Count14=0
Block14,Input Channel 0=2 to 1 Multiplexer 1,Output Channel 0
Block Library15=Simulation Library
Block Name15=1 Channel X Display 1
DLL Name15=OneChanX.dll
Block Type15=8
Block Class15=0
Layer15=-1
Position15=512,352,864,544
Input Count15=1
Output Count15=0
Parameter Count15=0
Block15,Input Channel 0=Magnitude 1,Output Channel 0

[Variables]
Num=3
Var1=Framesize
Value1=256
Var2=Sample Rate
Value2=11025
Var3=FFT Order
Value3=9

[Environment]
Undo Buffer Size=30

[Text Boxes]
Count=4
Text1=RMS
Position1=362,198
ColorR1=255
ColorG1=255
ColorB1=0
Font1=-20,0,0,0,700,0,0,0,0,1,2,1,34,MS Sans Serif
Text2=OF
Position2=449,196
ColorR2=255
ColorG2=255
ColorB2=0
Font2=-20,0,0,0,700,0,0,0,0,1,2,1,34,MS Sans Serif
Text3=Frequency
Position3=347,390
ColorR3=255
ColorG3=255
ColorB3=0
Font3=-20,0,0,0,700,0,0,0,0,1,2,1,34,MS Sans Serif
Text4=Mix Off||Mix On
Position4=261,456
ColorR4=255
ColorG4=255
ColorB4=0
Font4=-20,0,0,0,700,0,0,0,0,1,2,1,34,MS Sans Serif

[Layers]
Current Layer=-1
Mode=1
Num=1
Label1=

[Sound Card A/D 1]
Version=4.00
Precision=5
Framesize=Framesize
FramesizeOut0=256
RCFlagOut0=0
DTFlagOut0=5
SampFreqOut0=11025.0
FramesizeOut1=256
RCFlagOut1=0
DTFlagOut1=5
SampFreqOut1=11025.0
_Gain=1.0
_DataPrecision=303
_SoundQuality=311
_InterleaveData=305
_UseDataReady=315
_SelectBy=309
_WaveDeviceName=0
_WaveDeviceNumber=0
_SampleRate=Sample Rate

[Sine Generator 1]
Version=4.00
Precision=1
Framesize=Framesize
FramesizeOut0=256
RCFlagOut0=0
DTFlagOut0=1
SampFreqOut0=11025.0
_Amplitude=1.0
_Frequency=2424.0
_PhaseOffset=0.0
_DCOffset=0.0
_ofFrames=0
_SampleRate=Sample Rate

[General knob 1]
Version=4.00
Precision=0
Framesize=1
FramesizeOut0=1
RCFlagOut0=0
DTFlagOut0=0
SampFreqOut0=8000.0
_MinimumValue=0.0
_Range=10000.0
_StartingAngle=3.0
_EndingAngle=5.0
_AngleIncrement=0.0
_Clockwise=303
_SampleRate=Sample Rate
GeneralKnob=2424.823
_MouseThetaGeneral=4.3217821121

[Two position toggle switch 1]
Version=4.00
Precision=5
Framesize=1
FramesizeOut0=1
RCFlagOut0=0
DTFlagOut0=5
SampFreqOut0=8000.0
FramesizeOut1=1
RCFlagOut1=0
DTFlagOut1=5
SampFreqOut1=8000.0
FramesizeOut2=1
RCFlagOut2=0
DTFlagOut2=5
SampFreqOut2=8000.0
_Position1Value=0.0
_Position2Value=1.0
_ContactValue=1.0
_MouseObject=1
SW1Closure1=1.0
SW1Closure2=0.0
SW1Value=0.0

[Multiply 1]
Version=4.00
Precision=-1
Framesize=256
FramesizeIn0=256
RCFlagIn0=0
DTFlagIn0=5
SampFreqIn0=11025.0
FramesizeIn1=256
RCFlagIn1=0
DTFlagIn1=1
SampFreqIn1=11025.0
FramesizeOut0=256
RCFlagOut0=0
DTFlagOut0=1
SampFreqOut0=11025.0
_SmallFramesize=303
_FramesizeWarning=305

[2 to 1 Multiplexer 1]
Version=4.00
Precision=-1
Framesize=1
FramesizeIn0=0
RCFlagIn0=0
DTFlagIn0=5
SampFreqIn0=0.0
FramesizeIn1=0
RCFlagIn1=0
DTFlagIn1=1
SampFreqIn1=0.0
FramesizeIn2=1
RCFlagIn2=0
DTFlagIn2=5
SampFreqIn2=8000.0
FramesizeOut0=0
RCFlagOut0=0
DTFlagOut0=5
SampFreqOut0=0.0
_Mode=302

[Root Mean Square 1]
Version=2.01
Precision=-1
Framesize=256
FramesizeIn0=256
RCFlagIn0=0
DTFlagIn0=1
SampFreqIn0=11025.0
FramesizeOut0=1
RCFlagOut0=0
DTFlagOut0=1
SampFreqOut0=11025.0

[FFT 1]
Version=4.00
Precision=-1
Framesize=512
FramesizeIn0=256
RCFlagIn0=0
DTFlagIn0=1
SampFreqIn0=11025.0
FramesizeOut0=512
RCFlagOut0=1
DTFlagOut0=1
SampFreqOut0=11025.0
_FFTOrder=FFT Order
NumLocalElements0=0
NumLocalElements1=0

[Numeric Indicator 1]
Version=4.00
Precision=-1
Framesize=1
FramesizeIn0=1
RCFlagIn0=0
DTFlagIn0=1
SampFreqIn0=11025.0
_DecimalPrecision=3
TextColor=255,255,0
BackgroundColor=0,0,0
Font=-27,0,0,0,400,0,0,0,0,3,2,1,34,Arial

[Threshold 1]
Version=4.00
Precision=-1
Framesize=1
FramesizeIn0=1
RCFlagIn0=0
DTFlagIn0=1
SampFreqIn0=11025.0
FramesizeOut0=1
RCFlagOut0=0
DTFlagOut0=1
SampFreqOut0=11025.0
_ThresholdValue=150.0
_TrueOutput=1.0
_FalseOutput=0.0

[LED 1]
Version=4.00
Precision=0
Framesize=1
FramesizeIn0=1
RCFlagIn0=0
DTFlagIn0=1
SampFreqIn0=11025.0
_Threshold=0.0

[Magnitude 1]
Version=4.00
Precision=-1
Framesize=257
FramesizeIn0=512
RCFlagIn0=1
DTFlagIn0=1
SampFreqIn0=11025.0
FramesizeOut0=257
RCFlagOut0=0
DTFlagOut0=1
SampFreqOut0=11025.0

[Numeric Indicator 2]
Version=4.00
Precision=-1
Framesize=1
FramesizeIn0=1
RCFlagIn0=0
DTFlagIn0=0
SampFreqIn0=8000.0
_DecimalPrecision=5
TextColor=255,255,0
BackgroundColor=0,0,0
Font=-27,0,0,0,400,0,0,0,0,3,2,1,34,Arial

[1 Channel X Display 2]
Version=4.00
Precision=-1
Framesize=256
FramesizeIn0=256
RCFlagIn0=0
DTFlagIn0=1
SampFreqIn0=11025.0
_Title=Ch1 Time Display
_StartatSample=0
_ScrollBufferSize=0
_DisplayHorizontalLabels=303
_HorizontalLabel=
_HorizontalNumberofDivisions=5
_HorizontalTicMarksperLabel=1
_HorizontalScale=305
_HorizontalAutoScaleFactor=1.0
_HorizontalManualScaleMin=0.0
_HorizontalManualScaleMax=50.0
_HorizontalDecimalPlaces=0
_HorizontalLog=0
_HorizontalLogBase=10.0
_HorizontalGrid=1
_DisplayVerticalLabels=309
_VerticalLabel=
_VerticalNumberofDivisions=5
_VerticalTicMarksperLabel=1
_VerticalScale=311
_VerticalMin=-2500.0
_VerticalMax=2500.0
_VerticalAutoScaleFactor=1.0
_VerticalManualScaleMin=1.0
_VerticalManualScaleMax=1.0
_VerticalDecimalPlaces=0
_VerticalLog=0
_VerticalLogBase=10.0
_VerticalGrid=1
_TitleColor=255,255,255
_TitleFont=-19,0,0,0,400,0,0,0,0,1,2,1,34,MS Sans Serif
_HorizontalLabelColor=255,255,255
_HorizontalLabelFont=-13,0,0,0,400,0,0,0,0,3,2,1,34,Arial
_HorizontalScaleColor=255,255,255
_HorizontalScaleFont=-9,0,0,0,400,0,0,0,0,1,2,1,34,Small Fonts
_VerticalLabelColor=255,255,255
_VerticalLabelFont=-13,0,900,900,400,0,0,0,0,3,2,1,34,Arial
_VerticalScaleColor=255,255,255
_VerticalScaleFont=-9,0,0,0,400,0,0,0,0,1,2,1,34,Small Fonts
_WaveColor=255,255,0
_GridColor=128,128,128
_BackgroundColor=0,0,0

[1 Channel X Display 1]
Version=4.00
Precision=-1
Framesize=257
FramesizeIn0=257
RCFlagIn0=0
DTFlagIn0=1
SampFreqIn0=11025.0
_Title=Ch1 Frequency Display
_StartatSample=0
_ScrollBufferSize=0
_DisplayHorizontalLabels=303
_HorizontalLabel=
_HorizontalNumberofDivisions=5
_HorizontalTicMarksperLabel=1
_HorizontalScale=305
_HorizontalAutoScaleFactor=1.0
_HorizontalManualScaleMin=0.0
_HorizontalManualScaleMax=50.0
_HorizontalDecimalPlaces=0
_HorizontalLog=0
_HorizontalLogBase=10.0
_HorizontalGrid=1
_DisplayVerticalLabels=309
_VerticalLabel=
_VerticalNumberofDivisions=5
_VerticalTicMarksperLabel=1
_VerticalScale=311
_VerticalMin=0.0
_VerticalMax=25000.0
_VerticalAutoScaleFactor=1.0
_VerticalManualScaleMin=1.0
_VerticalManualScaleMax=1.0
_VerticalDecimalPlaces=0
_VerticalLog=0
_VerticalLogBase=10.0
_VerticalGrid=1
_TitleColor=255,255,255
_TitleFont=-19,0,0,0,400,0,0,0,0,1,2,1,34,MS Sans Serif
_HorizontalLabelColor=255,255,255
_HorizontalLabelFont=-13,0,0,0,400,0,0,0,0,3,2,1,34,Arial
_HorizontalScaleColor=255,255,255
_HorizontalScaleFont=-9,0,0,0,400,0,0,0,0,1,2,1,34,Small Fonts
_VerticalLabelColor=255,255,255
_VerticalLabelFont=-13,0,900,900,400,0,0,0,0,3,2,1,34,Arial
_VerticalScaleColor=255,255,255
_VerticalScaleFont=-9,0,0,0,400,0,0,0,0,1,2,1,34,Small Fonts
_WaveColor=0,255,255
_GridColor=128,128,128
_BackgroundColor=0,0,0

