[Block Diagram Listing]
Header=Hypersignal for Windows Block Diagram Application, Block Listing
Version=4.00
Block Count=13
Horizontal Scroll Position=0
Vertical Scroll Position=96
Manual Compile=0
Block Library1=Simulation Library
Block Name1=Sine Generator 1
DLL Name1=SINE.DLL
Block Type1=1
Block Class1=0
Layer1=-1
Position1=672,-32,704,0
Input Count1=0
Output Count1=1
Parameter Count1=1
Block1,Parameter Line 0=Sets Frequency,,,
Block1,Parameter Input 0=Table Lookup 1,Output Channel 0,HDT_DOUBLE,202
Block Library2=Simulation Library
Block Name2=Sine Generator 2
DLL Name2=SINE.DLL
Block Type2=1
Block Class2=0
Layer2=-1
Position2=672,128,704,160
Input Count2=0
Output Count2=1
Parameter Count2=1
Block2,Parameter Line 0=Sets Frequency,,,
Block2,Parameter Input 0=Table Lookup 2,Output Channel 0,HDT_DOUBLE,202
Block Library3=Simulation Library
Block Name3=Add 1
DLL Name3=ADD.DLL
Block Type3=2
Block Class3=0
Layer3=-1
Position3=768,64,800,96
Input Count3=2
Output Count3=1
Parameter Count3=0
Block3,Input Channel 0=Sine Generator 1,Output Channel 0
Block3,Input Channel 1=Sine Generator 2,Output Channel 0
Block Library4=Simulation Library
Block Name4=Gain 1
DLL Name4=GAIN.DLL
Block Type4=2
Block Class4=0
Layer4=-1
Position4=832,64,864,96
Input Count4=1
Output Count4=1
Parameter Count4=1
Block4,Input Channel 0=Add 1,Output Channel 0
Block4,Parameter Line 0=Sets Gain,,,
Block4,Parameter Input 0=Multiply 1,Output Channel 0,HDT_DOUBLE,201
Block Library5=Simulation Library
Block Name5=Single Channel Display 1
DLL Name5=SCD.DLL
Block Type5=8
Block Class5=0
Layer5=-1
Position5=256,128,544,352
Input Count5=1
Output Count5=0
Parameter Count5=0
Block5,Input Channel 0=Gain 1,Output Channel 0
Block Library6=Instrumentation Library
Block Name6=DTMF Keypad 1
DLL Name6=Dtmf.dll
Block Type6=8
Block Class6=0
Layer6=-1
Position6=96,128,256,320
Input Count6=0
Output Count6=4
Parameter Count6=0
Block Library7=Instrumentation Library
Block Name7=CD Knob 1
DLL Name7=CDKnob.dll
Block Type7=8
Block Class7=0
Layer7=-1
Position7=32,288,96,352
Input Count7=0
Output Count7=1
Parameter Count7=0
Block Library8=Simulation Library
Block Name8=Multiply 1
DLL Name8=MULT.DLL
Block Type8=2
Block Class8=0
Layer8=-1
Position8=640,384,672,416
Input Count8=2
Output Count8=1
Parameter Count8=0
Block8,Input Channel 0=CD Knob 1,Output Channel 0
Block8,Input Channel 1=DTMF Keypad 1,Output Channel 3
Block Library9=Instrumentation Library
Block Name9=LED Meter 1
DLL Name9=LEDMeter.dll
Block Type9=8
Block Class9=0
Layer9=-1
Position9=96,320,256,352
Input Count9=1
Output Count9=0
Parameter Count9=0
Block9,Input Channel 0=CD Knob 1,Output Channel 0
Block Library10=Instrumentation Library
Block Name10=LED 1
DLL Name10=LEDvi.dll
Block Type10=12
Block Class10=0
Layer10=-1
Position10=32,128,64,160
Input Count10=1
Output Count10=0
Parameter Count10=0
Block10,Input Channel 0=DTMF Keypad 1,Output Channel 3
Block Library11=Simulation Library
Block Name11=Table Lookup 1
DLL Name11=TABLE.DLL
Block Type11=2
Block Class11=0
Layer11=-1
Position11=608,64,640,96
Input Count11=1
Output Count11=1
Parameter Count11=0
Block11,Input Channel 0=DTMF Keypad 1,Output Channel 0
Block Library12=Simulation Library
Block Name12=Table Lookup 2
DLL Name12=TABLE.DLL
Block Type12=2
Block Class12=0
Layer12=-1
Position12=608,224,640,256
Input Count12=1
Output Count12=1
Parameter Count12=0
Block12,Input Channel 0=DTMF Keypad 1,Output Channel 1
Block Library13=Simulation Library
Block Name13=Sound Card D/A 1
DLL Name13=SndCrdDA.dll
Block Type13=68
Block Class13=64
Layer13=-1
Position13=932,257,964,289
Input Count13=2
Output Count13=0
Parameter Count13=0
Block13,Input Channel 0=Gain 1,Output Channel 0
Block13,Input Channel 1=Input Not Connected

[Variables]
Num=2
Var1=Framesize
Value1=1000
Var2=Sample Rate
Value2=8000.0

[Environment]
Undo Buffer Size=30

[Text Boxes]
Count=1
Text1=DTMF Generator Example
Position1=319,-73
ColorR1=255
ColorG1=255
ColorB1=0
Font1=-20,0,0,0,700,0,0,0,0,1,2,1,34,MS Sans Serif

[Layers]
Current Layer=-1
Mode=1
Num=1
Label1=

[Sine Generator 1]
Version=4.00
Precision=0
Framesize=Framesize
FramesizeOut0=1000
RCFlagOut0=0
DTFlagOut0=0
SampFreqOut0=8000.0
_Amplitude=150.0
_Frequency=697.0
_PhaseOffset=0.0
_DCOffset=0.0
_ofFrames=0
_SampleRate=Sample Rate

[Sine Generator 2]
Version=4.00
Precision=0
Framesize=Framesize
FramesizeOut0=1000
RCFlagOut0=0
DTFlagOut0=0
SampFreqOut0=8000.0
_Amplitude=150.0
_Frequency=1336.0
_PhaseOffset=0.0
_DCOffset=0.0
_ofFrames=0
_SampleRate=Sample Rate

[Add 1]
Version=4.00
Precision=-1
Framesize=1000
FramesizeIn0=1000
RCFlagIn0=0
DTFlagIn0=0
SampFreqIn0=8000.0
FramesizeIn1=1000
RCFlagIn1=0
DTFlagIn1=0
SampFreqIn1=8000.0
FramesizeOut0=1000
RCFlagOut0=0
DTFlagOut0=0
SampFreqOut0=8000.0
_OverflowHandling=303
_SmallFramesize=306
_FramesizeWarning=309

[Gain 1]
Version=4.00
Precision=1
Framesize=1000
FramesizeIn0=1000
RCFlagIn0=0
DTFlagIn0=0
SampFreqIn0=8000.0
FramesizeOut0=1000
RCFlagOut0=0
DTFlagOut0=1
SampFreqOut0=8000.0
_Gain=0.0

[Single Channel Display 1]
Version=4.00
Precision=-1
Framesize=200
FramesizeIn0=1000
RCFlagIn0=0
DTFlagIn0=1
SampFreqIn0=8000.0
Columns=5
ShowIndices=0
HTicks=2
VTicks=1
DigitPrecision=8
DecimalPrecision=4
Shadow=0
fUseSec=0
wfDense=40
Theta=60.0
Title0=Multi-Sine signal
HLabel0=Samples
VLabel0=Amplitude
BackGroundColor0=0
GridColor0=0
WaveColor0=9
ScaleColor0=11
XAmp0.Min=0.0
XAmp0.Max=200.0
XAmp0.UserScale=1.0
XAmp0.StrLabelMin=
XAmp0.StrLabelMax=
XAmp0.PercMin=50.0
XAmp0.PercMax=50.0
XAmp0.PercDev=5.0
XAmp0.fAutoMin=0
XAmp0.fAutoMax=0
XAmp0.RoundOff=10.0
XAmp0.Precision=0
XAmp0.Scaling=0
XAmp0.LogBase=10.0
XAmp0.LogFactor=1.0
YAmp0.Min=-0.1
YAmp0.Max=0.1
YAmp0.UserScale=1.0
YAmp0.StrLabelMin=
YAmp0.StrLabelMax=
YAmp0.PercMin=80.0
YAmp0.PercMax=80.0
YAmp0.PercDev=1.0
YAmp0.fAutoMin=1
YAmp0.fAutoMax=1
YAmp0.RoundOff=0.0
YAmp0.Precision=3
YAmp0.Scaling=0
YAmp0.LogBase=10.0
YAmp0.LogFactor=1.0
XAmpSec0.Min=-1000.0
XAmpSec0.Max=1000.0
XAmpSec0.PercMin=50.0
XAmpSec0.PercMax=50.0
XAmpSec0.PercDev=5.0
XAmpSec0.fAutoMin=1
XAmpSec0.fAutoMax=1
XAmpSec0.Precision=0
XAmpSec0.Scaling=0
XAmpSec0.LogBase=10.0
XAmpSec0.LogFactor=1.0
YAmpSec0.Min=-1000.0
YAmpSec0.Max=1000.0
YAmpSec0.PercMin=50.0
YAmpSec0.PercMax=50.0
YAmpSec0.PercDev=5.0
YAmpSec0.fAutoMin=1
YAmpSec0.fAutoMax=1
YAmpSec0.Precision=0
YAmpSec0.Scaling=0
YAmpSec0.LogBase=10.0
YAmpSec0.LogFactor=1.0
TracePause0=1
fOverWrite0=0
Mode0=0
DrawMode0=0
DisplayMode0=0
Shape0=0
ShapeColor0=0
ShowLabels0=0
fLineRemoval0=1
fMesh0=0
sfOverWrite=0
ShowLabels=0
AutoSize=0
FrameOffset=0

[DTMF Keypad 1]
Version=4.00
Precision=0
Framesize=1
FramesizeOut0=1
RCFlagOut0=0
DTFlagOut0=0
SampFreqOut0=8000.0
FramesizeOut1=1
RCFlagOut1=0
DTFlagOut1=0
SampFreqOut1=8000.0
FramesizeOut2=1
RCFlagOut2=0
DTFlagOut2=0
SampFreqOut2=8000.0
FramesizeOut3=1
RCFlagOut3=0
DTFlagOut3=0
SampFreqOut3=8000.0
_SampleRate=Sample Rate
_RowIndex=0
_ColumnIndex=1
_Digit=2

[CD Knob 1]
Version=4.00
Precision=1
Framesize=1
FramesizeOut0=1
RCFlagOut0=0
DTFlagOut0=1
SampFreqOut0=8000.0
_MinValue=0.0
_MaxValue=10.0
_Steps=100
_StartingAngle=225.0
_EndingAngle=315.0
_Units=302
_LabelPosition=1002
_DisplayLabel=1
Position=52
Color=255,255,255
Font=-9,0,0,0,400,0,0,0,0,1,2,1,34,Small Fonts

[Multiply 1]
Version=4.00
Precision=-1
Framesize=1
FramesizeIn0=1
RCFlagIn0=0
DTFlagIn0=1
SampFreqIn0=8000.0
FramesizeIn1=1
RCFlagIn1=0
DTFlagIn1=0
SampFreqIn1=8000.0
FramesizeOut0=1
RCFlagOut0=0
DTFlagOut0=1
SampFreqOut0=8000.0
_SmallFramesize=303
_FramesizeWarning=306

[LED Meter 1]
Version=4.00
Precision=-1
Framesize=1
FramesizeIn0=1
RCFlagIn0=0
DTFlagIn0=1
SampFreqIn0=8000.0
_Title=None
_MinimumAmplitude=0.0
_MaximumAmplitude=10.0
_NumberofIndicators=25
Value=5.1999998093
Color=0,255,255
TitleColor=0,255,255
Font=-8,0,0,0,400,0,0,0,0,1,2,1,34,Small Fonts

[LED 1]
Version=4.00
Precision=-1
Framesize=1
FramesizeIn0=1
RCFlagIn0=0
DTFlagIn0=0
SampFreqIn0=8000.0
_Threshold=0.0

[Table Lookup 1]
Version=4.00
Precision=-1
Framesize=1
FramesizeIn0=1
RCFlagIn0=0
DTFlagIn0=0
SampFreqIn0=8000.0
FramesizeOut0=1
RCFlagOut0=0
DTFlagOut0=0
SampFreqOut0=8000.0
_Table=Row.tbl
_Table_PathName=
_Table_CompleteName=Row.tbl

[Table Lookup 2]
Version=4.00
Precision=-1
Framesize=1
FramesizeIn0=1
RCFlagIn0=0
DTFlagIn0=0
SampFreqIn0=8000.0
FramesizeOut0=1
RCFlagOut0=0
DTFlagOut0=0
SampFreqOut0=8000.0
_Table=Column.tbl
_Table_PathName=
_Table_CompleteName=Column.tbl

[Sound Card D/A 1]
Version=4.00
Precision=-1
Framesize=1000
FramesizeIn0=1000
RCFlagIn0=0
DTFlagIn0=1
SampFreqIn0=8000.0
FramesizeIn1=0
RCFlagIn1=0
DTFlagIn1=6
SampFreqIn1=0.0
_SampleRate=Sample Rate
_UseInputRate=303
_WaveDevice=0
_Precision=0
NumChannels0=1
NumChannels1=0
Channels=1

