[Block Diagram Listing]
Header=Hypersignal for Windows Block Diagram Application, Block Listing
Version=4.00
Block Count=30
Horizontal Scroll Position=0
Vertical Scroll Position=0
Manual Compile=0
Block Library1=Simulation Library
Block Name1=Sweep (Chirp) Generator 1
DLL Name1=SWEEP.DLL
Block Type1=2
Block Class1=0
Layer1=-1
Position1=64,96,96,128
Input Count1=0
Output Count1=1
Parameter Count1=0
Block Library2=Simulation Library
Block Name2=Sine Generator 1
DLL Name2=SINE.DLL
Block Type2=1
Block Class2=0
Layer2=-1
Position2=128,256,160,288
Input Count2=0
Output Count2=1
Parameter Count2=0
Block Library3=Simulation Library
Block Name3=Multiply 2
DLL Name3=MULT.DLL
Block Type3=2
Block Class3=0
Layer3=-1
Position3=192,192,224,224
Input Count3=2
Output Count3=1
Parameter Count3=0
Block3,Input Channel 0=Add 10,Output Channel 0
Block3,Input Channel 1=Sine Generator 1,Output Channel 0
Block Library4=Simulation Library
Block Name4=Constant Generator 2
DLL Name4=CONST.DLL
Block Type4=2
Block Class4=0
Layer4=-1
Position4=64,192,96,224
Input Count4=0
Output Count4=1
Parameter Count4=0
Block Library5=Simulation Library
Block Name5=Add 10
DLL Name5=ADD.DLL
Block Type5=2
Block Class5=0
Layer5=-1
Position5=128,160,160,192
Input Count5=2
Output Count5=1
Parameter Count5=0
Block5,Input Channel 0=Sweep (Chirp) Generator 1,Output Channel 0
Block5,Input Channel 1=Constant Generator 2,Output Channel 0
Block Library6=Simulation Library
Block Name6=FFT 5
DLL Name6=FFT.DLL
Block Type6=2
Block Class6=0
Layer6=-1
Position6=512,192,544,224
Input Count6=1
Output Count6=1
Parameter Count6=0
Block6,Input Channel 0=Multiply 2,Output Channel 0
Block Library7=Simulation Library
Block Name7=Magnitude 5
DLL Name7=MAG.DLL
Block Type7=2
Block Class7=0
Layer7=-1
Position7=640,192,672,224
Input Count7=1
Output Count7=1
Parameter Count7=0
Block7,Input Channel 0=FFT 5,Output Channel 0
Block Library8=Simulation Library
Block Name8=FFT 6
DLL Name8=FFT.DLL
Block Type8=2
Block Class8=0
Layer8=-1
Position8=512,128,544,160
Input Count8=1
Output Count8=1
Parameter Count8=0
Block8,Input Channel 0=Sweep (Chirp) Generator 1,Output Channel 0
Block Library9=Simulation Library
Block Name9=Multiply 3
DLL Name9=MULT.DLL
Block Type9=2
Block Class9=0
Layer9=-1
Position9=288,256,320,288
Input Count9=2
Output Count9=1
Parameter Count9=0
Block9,Input Channel 0=Multiply 2,Output Channel 0
Block9,Input Channel 1=Multiply 2,Output Channel 0
Block Library10=Simulation Library
Block Name10=FFT 7
DLL Name10=FFT.DLL
Block Type10=2
Block Class10=0
Layer10=-1
Position10=512,256,544,288
Input Count10=1
Output Count10=1
Parameter Count10=0
Block10,Input Channel 0=Multiply 3,Output Channel 0
Block Library11=Simulation Library
Block Name11=Add 13
DLL Name11=ADD.DLL
Block Type11=2
Block Class11=0
Layer11=-1
Position11=416,480,448,512
Input Count11=2
Output Count11=1
Parameter Count11=0
Block11,Input Channel 0=Delay 8,Output Channel 0
Block11,Input Channel 1=Multiply 3,Output Channel 0
Block Library12=Simulation Library
Block Name12=Add 14
DLL Name12=ADD.DLL
Block Type12=2
Block Class12=0
Layer12=-1
Position12=544,448,576,480
Input Count12=2
Output Count12=1
Parameter Count12=0
Block12,Input Channel 0=Add 12,Output Channel 0
Block12,Input Channel 1=Add 13,Output Channel 0
Block Library13=Simulation Library
Block Name13=Add 15
DLL Name13=ADD.DLL
Block Type13=2
Block Class13=0
Layer13=-1
Position13=608,416,640,448
Input Count13=2
Output Count13=1
Parameter Count13=0
Block13,Input Channel 0=Delay 10,Output Channel 0
Block13,Input Channel 1=Add 14,Output Channel 0
Block Library14=Simulation Library
Block Name14=Add 16
DLL Name14=ADD.DLL
Block Type14=2
Block Class14=0
Layer14=-1
Position14=672,352,704,384
Input Count14=2
Output Count14=1
Parameter Count14=0
Block14,Input Channel 0=Delay 11,Output Channel 0
Block14,Input Channel 1=Add 15,Output Channel 0
Block Library15=Simulation Library
Block Name15=Delay 8
DLL Name15=DELAY.DLL
Block Type15=2
Block Class15=0
Layer15=-1
Position15=352,320,384,352
Input Count15=1
Output Count15=1
Parameter Count15=0
Block15,Input Channel 0=Multiply 3,Output Channel 0
Block Library16=Simulation Library
Block Name16=Delay 9
DLL Name16=DELAY.DLL
Block Type16=2
Block Class16=0
Layer16=-1
Position16=416,320,448,352
Input Count16=1
Output Count16=1
Parameter Count16=0
Block16,Input Channel 0=Delay 8,Output Channel 0
Block Library17=Simulation Library
Block Name17=Delay 10
DLL Name17=DELAY.DLL
Block Type17=2
Block Class17=0
Layer17=-1
Position17=480,320,512,352
Input Count17=1
Output Count17=1
Parameter Count17=0
Block17,Input Channel 0=Delay 9,Output Channel 0
Block Library18=Simulation Library
Block Name18=Delay 11
DLL Name18=DELAY.DLL
Block Type18=2
Block Class18=0
Layer18=-1
Position18=544,320,576,352
Input Count18=1
Output Count18=1
Parameter Count18=0
Block18,Input Channel 0=Delay 10,Output Channel 0
Block Library19=Simulation Library
Block Name19=FFT 8
DLL Name19=FFT.DLL
Block Type19=2
Block Class19=0
Layer19=-1
Position19=832,448,864,480
Input Count19=1
Output Count19=1
Parameter Count19=0
Block19,Input Channel 0=Add 16,Output Channel 0
Block Library20=Simulation Library
Block Name20=Magnitude 8
DLL Name20=MAG.DLL
Block Type20=2
Block Class20=0
Layer20=-1
Position20=928,448,960,480
Input Count20=1
Output Count20=1
Parameter Count20=0
Block20,Input Channel 0=FFT 8,Output Channel 0
Block Library21=Simulation Library
Block Name21=Single Channel Display 1
DLL Name21=SCD.DLL
Block Label21=Square & LPF - Frequency Domain
Block Label Color21=255,255,0
Block Label Font21=-17,0,0,0,700,0,0,0,0,1,2,1,34,MS Sans Serif
Block Type21=8
Block Class21=0
Layer21=-1
Position21=768,512,960,608
Input Count21=1
Output Count21=0
Parameter Count21=0
Block21,Input Channel 0=Magnitude 8,Output Channel 0
Block Library22=Simulation Library
Block Name22=Single Channel Display 3
DLL Name22=SCD.DLL
Block Label22=Modulated Signal (AM) - Frequency Domain
Block Label Color22=255,255,0
Block Label Font22=-17,0,0,0,700,0,0,0,0,1,2,1,34,MS Sans Serif
Block Type22=8
Block Class22=0
Layer22=-1
Position22=800,160,992,256
Input Count22=1
Output Count22=0
Parameter Count22=0
Block22,Input Channel 0=Magnitude 5,Output Channel 0
Block Library23=Simulation Library
Block Name23=Magnitude 6
DLL Name23=MAG.DLL
Block Type23=2
Block Class23=0
Layer23=-1
Position23=640,128,672,160
Input Count23=1
Output Count23=1
Parameter Count23=0
Block23,Input Channel 0=FFT 6,Output Channel 0
Block Library24=Simulation Library
Block Name24=Magnitude 7
DLL Name24=MAG.DLL
Block Type24=2
Block Class24=0
Layer24=-1
Position24=640,256,672,288
Input Count24=1
Output Count24=1
Parameter Count24=0
Block24,Input Channel 0=FFT 7,Output Channel 0
Block Library25=Simulation Library
Block Name25=Add 12
DLL Name25=ADD.DLL
Block Type25=2
Block Class25=0
Layer25=-1
Position25=480,416,512,448
Input Count25=2
Output Count25=1
Parameter Count25=0
Block25,Input Channel 0=Delay 9,Output Channel 0
Block25,Input Channel 1=Delay 9,Output Channel 0
Block Library26=Simulation Library
Block Name26=Single Channel Display 4
DLL Name26=SCD.DLL
Block Label26=Input Signal - Frequency
Block Label Color26=255,255,0
Block Label Font26=-17,0,0,0,700,0,0,0,0,1,2,1,34,MS Sans Serif
Block Type26=8
Block Class26=0
Layer26=-1
Position26=800,32,992,128
Input Count26=1
Output Count26=0
Parameter Count26=0
Block26,Input Channel 0=Magnitude 6,Output Channel 0
Block Library27=Simulation Library
Block Name27=Single Channel Display 2
DLL Name27=SCD.DLL
Block Label27=Square - Frequency Domain
Block Label Color27=255,255,0
Block Label Font27=-17,0,0,0,700,0,0,0,0,1,2,1,34,MS Sans Serif
Block Type27=8
Block Class27=0
Layer27=-1
Position27=800,288,992,384
Input Count27=1
Output Count27=0
Parameter Count27=0
Block27,Input Channel 0=Magnitude 7,Output Channel 0
Block Library28=Simulation Library
Block Name28=Single Channel Display 5
DLL Name28=SCD.DLL
Block Label28=Modulated Signal (AM)
Block Label Color28=255,255,0
Block Label Font28=-17,0,0,0,700,0,0,0,0,1,2,1,34,MS Sans Serif
Block Type28=8
Block Class28=0
Layer28=-1
Position28=32,320,224,416
Input Count28=1
Output Count28=0
Parameter Count28=0
Block28,Input Channel 0=Multiply 2,Output Channel 0
Block Library29=Simulation Library
Block Name29=Single Channel Display 6
DLL Name29=SCD.DLL
Block Label29=Input Signal
Block Label Color29=255,255,0
Block Label Font29=-17,0,0,0,700,0,0,0,0,1,2,1,34,MS Sans Serif
Block Type29=8
Block Class29=0
Layer29=-1
Position29=256,64,416,128
Input Count29=1
Output Count29=0
Parameter Count29=0
Block29,Input Channel 0=Sweep (Chirp) Generator 1,Output Channel 0
Block Library30=Simulation Library
Block Name30=Single Channel Display 7
DLL Name30=SCD.DLL
Block Label30=Square & LPF
Block Label Color30=255,255,0
Block Label Font30=-17,0,0,0,700,0,0,0,0,1,2,1,34,MS Sans Serif
Block Type30=8
Block Class30=0
Layer30=-1
Position30=480,512,672,608
Input Count30=1
Output Count30=0
Parameter Count30=0
Block30,Input Channel 0=Add 16,Output Channel 0

[Variables]
Num=2
Var1=Framesize
Value1=512
Var2=Sample Rate
Value2=8000.0

[Environment]
Undo Buffer Size=30

[Text Boxes]
Count=2
Text1=AM Modulation/Demodulation|(Square Demodulation)
Position1=373,0
ColorR1=0
ColorG1=255
ColorB1=0
Font1=-23,0,0,0,700,0,0,0,0,3,2,1,34,Arial
Text2=Please note that this demo contains a limited block|function library -- contact Hyperception for information|on the complete production library function list.
Position2=5,5
ColorR2=255
ColorG2=255
ColorB2=0
Font2=-11,0,0,0,400,0,0,0,0,1,2,1,34,MS Sans Serif

[Layers]
Current Layer=-1
Mode=1
Num=1

[Sweep (Chirp) Generator 1]
Version=4.00
Precision=1
Framesize=Framesize
FramesizeOut0=0
RCFlagOut0=0
DTFlagOut0=0
SampFreqOut0=0.0
_Amplitude=1.0
_MinFrequency=100.0
_MaxFrequency=700.0
_StepSize=15000
_PhaseOffset=0.0
_DCOffset=0.0
_ofFrames=0
_SampleRate=Sample Rate

[Sine Generator 1]
Version=4.00
Precision=1
Framesize=Framesize
FramesizeOut0=0
RCFlagOut0=0
DTFlagOut0=0
SampFreqOut0=0.0
_Amplitude=1.0
_Frequency=2900.0
_PhaseOffset=0.0
_DCOffset=0.0
_ofFrames=0
_SampleRate=Sample Rate

[Multiply 2]
Version=4.00
Precision=-1
Framesize=0
FramesizeIn0=0
RCFlagIn0=0
DTFlagIn0=0
SampFreqIn0=0.0
FramesizeIn1=0
RCFlagIn1=0
DTFlagIn1=0
SampFreqIn1=0.0
FramesizeOut0=0
RCFlagOut0=0
DTFlagOut0=0
SampFreqOut0=0.0
_SmallFramesize=302
_FramesizeWarning=305

[Constant Generator 2]
Version=4.00
Precision=1
Framesize=Framesize
FramesizeOut0=0
RCFlagOut0=0
DTFlagOut0=0
SampFreqOut0=0.0
_Amplitude=1.0
_ofFrames=0
_SampleRate=Sample Rate

[Add 10]
Version=4.00
Precision=-1
Framesize=0
FramesizeIn0=0
RCFlagIn0=0
DTFlagIn0=0
SampFreqIn0=0.0
FramesizeIn1=0
RCFlagIn1=0
DTFlagIn1=0
SampFreqIn1=0.0
FramesizeOut0=0
RCFlagOut0=0
DTFlagOut0=0
SampFreqOut0=0.0
_OverflowHandling=303
_SmallFramesize=306
_FramesizeWarning=309

[FFT 5]
Version=4.00
Precision=-1
Framesize=0
FramesizeIn0=0
RCFlagIn0=0
DTFlagIn0=0
SampFreqIn0=0.0
FramesizeOut0=0
RCFlagOut0=0
DTFlagOut0=0
SampFreqOut0=0.0
_FFTOrder=9
NumLocalElements0=0
NumLocalElements1=0

[Magnitude 5]
Version=4.00
Precision=-1
Framesize=0
FramesizeIn0=0
RCFlagIn0=0
DTFlagIn0=0
SampFreqIn0=0.0
FramesizeOut0=0
RCFlagOut0=0
DTFlagOut0=0
SampFreqOut0=0.0

[FFT 6]
Version=4.00
Precision=-1
Framesize=0
FramesizeIn0=0
RCFlagIn0=0
DTFlagIn0=0
SampFreqIn0=0.0
FramesizeOut0=0
RCFlagOut0=0
DTFlagOut0=0
SampFreqOut0=0.0
_FFTOrder=9
NumLocalElements0=0
NumLocalElements1=0

[Multiply 3]
Version=4.00
Precision=-1
Framesize=0
FramesizeIn0=0
RCFlagIn0=0
DTFlagIn0=0
SampFreqIn0=0.0
FramesizeIn1=0
RCFlagIn1=0
DTFlagIn1=0
SampFreqIn1=0.0
FramesizeOut0=0
RCFlagOut0=0
DTFlagOut0=0
SampFreqOut0=0.0
_SmallFramesize=302
_FramesizeWarning=305

[FFT 7]
Version=4.00
Precision=-1
Framesize=0
FramesizeIn0=0
RCFlagIn0=0
DTFlagIn0=0
SampFreqIn0=0.0
FramesizeOut0=0
RCFlagOut0=0
DTFlagOut0=0
SampFreqOut0=0.0
_FFTOrder=9
NumLocalElements0=0
NumLocalElements1=0

[Add 13]
Version=4.00
Precision=-1
Framesize=0
FramesizeIn0=0
RCFlagIn0=0
DTFlagIn0=0
SampFreqIn0=0.0
FramesizeIn1=0
RCFlagIn1=0
DTFlagIn1=0
SampFreqIn1=0.0
FramesizeOut0=0
RCFlagOut0=0
DTFlagOut0=0
SampFreqOut0=0.0
_OverflowHandling=303
_SmallFramesize=306
_FramesizeWarning=309

[Add 14]
Version=4.00
Precision=-1
Framesize=0
FramesizeIn0=0
RCFlagIn0=0
DTFlagIn0=0
SampFreqIn0=0.0
FramesizeIn1=0
RCFlagIn1=0
DTFlagIn1=0
SampFreqIn1=0.0
FramesizeOut0=0
RCFlagOut0=0
DTFlagOut0=0
SampFreqOut0=0.0
_OverflowHandling=303
_SmallFramesize=306
_FramesizeWarning=309

[Add 15]
Version=4.00
Precision=-1
Framesize=0
FramesizeIn0=0
RCFlagIn0=0
DTFlagIn0=0
SampFreqIn0=0.0
FramesizeIn1=0
RCFlagIn1=0
DTFlagIn1=0
SampFreqIn1=0.0
FramesizeOut0=0
RCFlagOut0=0
DTFlagOut0=0
SampFreqOut0=0.0
_OverflowHandling=303
_SmallFramesize=306
_FramesizeWarning=309

[Add 16]
Version=4.00
Precision=-1
Framesize=0
FramesizeIn0=0
RCFlagIn0=0
DTFlagIn0=0
SampFreqIn0=0.0
FramesizeIn1=0
RCFlagIn1=0
DTFlagIn1=0
SampFreqIn1=0.0
FramesizeOut0=0
RCFlagOut0=0
DTFlagOut0=0
SampFreqOut0=0.0
_OverflowHandling=303
_SmallFramesize=306
_FramesizeWarning=309

[Delay 8]
Version=2.01
Precision=-1
Framesize=0
FramesizeIn0=0
RCFlagIn0=0
DTFlagIn0=0
SampFreqIn0=0.0
FramesizeOut0=0
RCFlagOut0=0
DTFlagOut0=0
SampFreqOut0=0.0
_DelaySamples=1
NumLocalElements0=1000

[Delay 9]
Version=2.01
Precision=-1
Framesize=0
FramesizeIn0=0
RCFlagIn0=0
DTFlagIn0=0
SampFreqIn0=0.0
FramesizeOut0=0
RCFlagOut0=0
DTFlagOut0=0
SampFreqOut0=0.0
_DelaySamples=1
NumLocalElements0=1000

[Delay 10]
Version=2.01
Precision=-1
Framesize=0
FramesizeIn0=0
RCFlagIn0=0
DTFlagIn0=0
SampFreqIn0=0.0
FramesizeOut0=0
RCFlagOut0=0
DTFlagOut0=0
SampFreqOut0=0.0
_DelaySamples=1
NumLocalElements0=1000

[Delay 11]
Version=2.01
Precision=-1
Framesize=0
FramesizeIn0=0
RCFlagIn0=0
DTFlagIn0=0
SampFreqIn0=0.0
FramesizeOut0=0
RCFlagOut0=0
DTFlagOut0=0
SampFreqOut0=0.0
_DelaySamples=1
NumLocalElements0=1000

[FFT 8]
Version=4.00
Precision=-1
Framesize=0
FramesizeIn0=0
RCFlagIn0=0
DTFlagIn0=0
SampFreqIn0=0.0
FramesizeOut0=0
RCFlagOut0=0
DTFlagOut0=0
SampFreqOut0=0.0
_FFTOrder=9
NumLocalElements0=0
NumLocalElements1=0

[Magnitude 8]
Version=4.00
Precision=-1
Framesize=0
FramesizeIn0=0
RCFlagIn0=0
DTFlagIn0=0
SampFreqIn0=0.0
FramesizeOut0=0
RCFlagOut0=0
DTFlagOut0=0
SampFreqOut0=0.0

[Single Channel Display 1]
Version=4.00
Precision=-1
Framesize=257
FramesizeIn0=0
RCFlagIn0=0
DTFlagIn0=0
SampFreqIn0=0.0
Columns=4
ShowIndices=0
HTicks=10
VTicks=10
DigitPrecision=4
DecimalPrecision=2
Shadow=0
fUseSec=0
wfDense=20
Theta=45.0
Title0=Default Graph Title 0
HLabel0=Samples
VLabel0=Amplitude
BackGroundColor0=3
GridColor0=6
WaveColor0=11
ScaleColor0=6
XAmp0.Min=0.0
XAmp0.Max=512.0
XAmp0.UserScale=1.0
XAmp0.StrLabelMin=
XAmp0.StrLabelMax=
XAmp0.PercMin=50.0
XAmp0.PercMax=50.0
XAmp0.PercDev=5.0
XAmp0.fAutoMin=0
XAmp0.fAutoMax=0
XAmp0.RoundOff=10.0
XAmp0.Precision=0
XAmp0.Scaling=0
XAmp0.LogBase=10.0
XAmp0.LogFactor=1.0
YAmp0.Min=0.0
YAmp0.Max=2000.0
YAmp0.UserScale=1.0
YAmp0.StrLabelMin=
YAmp0.StrLabelMax=
YAmp0.PercMin=50.0
YAmp0.PercMax=50.0
YAmp0.PercDev=5.0
YAmp0.fAutoMin=0
YAmp0.fAutoMax=0
YAmp0.RoundOff=1.0
YAmp0.Precision=0
YAmp0.Scaling=0
YAmp0.LogBase=10.0
YAmp0.LogFactor=1.0
XAmpSec0.Min=-1000.0
XAmpSec0.Max=1000.0
XAmpSec0.PercMin=50.0
XAmpSec0.PercMax=50.0
XAmpSec0.PercDev=5.0
XAmpSec0.fAutoMin=1
XAmpSec0.fAutoMax=1
XAmpSec0.Precision=0
XAmpSec0.Scaling=0
XAmpSec0.LogBase=10.0
XAmpSec0.LogFactor=1.0
YAmpSec0.Min=-1000.0
YAmpSec0.Max=1000.0
YAmpSec0.PercMin=50.0
YAmpSec0.PercMax=50.0
YAmpSec0.PercDev=5.0
YAmpSec0.fAutoMin=1
YAmpSec0.fAutoMax=1
YAmpSec0.Precision=0
YAmpSec0.Scaling=0
YAmpSec0.LogBase=10.0
YAmpSec0.LogFactor=1.0
TracePause0=1
fOverWrite0=0
Mode0=0
DrawMode0=0
DisplayMode0=5
Shape0=0
ShapeColor0=7
ShowLabels0=0
fLineRemoval0=1
fMesh0=0
sfOverWrite=0
ShowLabels=0
AutoSize=0
FrameOffset=0

[Single Channel Display 3]
Version=4.00
Precision=-1
Framesize=257
FramesizeIn0=0
RCFlagIn0=0
DTFlagIn0=0
SampFreqIn0=0.0
Columns=4
ShowIndices=0
HTicks=10
VTicks=10
DigitPrecision=4
DecimalPrecision=2
Shadow=0
fUseSec=0
wfDense=20
Theta=45.0
Title0=Default Graph Title 0
HLabel0=Samples
VLabel0=Amplitude
BackGroundColor0=1
GridColor0=6
WaveColor0=12
ScaleColor0=6
XAmp0.Min=0.0
XAmp0.Max=512.0
XAmp0.UserScale=1.0
XAmp0.StrLabelMin=
XAmp0.StrLabelMax=
XAmp0.PercMin=50.0
XAmp0.PercMax=50.0
XAmp0.PercDev=5.0
XAmp0.fAutoMin=0
XAmp0.fAutoMax=0
XAmp0.RoundOff=10.0
XAmp0.Precision=0
XAmp0.Scaling=0
XAmp0.LogBase=10.0
XAmp0.LogFactor=1.0
YAmp0.Min=0.0
YAmp0.Max=300.0
YAmp0.UserScale=1.0
YAmp0.StrLabelMin=
YAmp0.StrLabelMax=
YAmp0.PercMin=50.0
YAmp0.PercMax=50.0
YAmp0.PercDev=5.0
YAmp0.fAutoMin=0
YAmp0.fAutoMax=0
YAmp0.RoundOff=1.0
YAmp0.Precision=0
YAmp0.Scaling=0
YAmp0.LogBase=10.0
YAmp0.LogFactor=1.0
XAmpSec0.Min=-1000.0
XAmpSec0.Max=1000.0
XAmpSec0.PercMin=50.0
XAmpSec0.PercMax=50.0
XAmpSec0.PercDev=5.0
XAmpSec0.fAutoMin=1
XAmpSec0.fAutoMax=1
XAmpSec0.Precision=0
XAmpSec0.Scaling=0
XAmpSec0.LogBase=10.0
XAmpSec0.LogFactor=1.0
YAmpSec0.Min=-1000.0
YAmpSec0.Max=1000.0
YAmpSec0.PercMin=50.0
YAmpSec0.PercMax=50.0
YAmpSec0.PercDev=5.0
YAmpSec0.fAutoMin=1
YAmpSec0.fAutoMax=1
YAmpSec0.Precision=0
YAmpSec0.Scaling=0
YAmpSec0.LogBase=10.0
YAmpSec0.LogFactor=1.0
TracePause0=1
fOverWrite0=0
Mode0=0
DrawMode0=0
DisplayMode0=5
Shape0=0
ShapeColor0=7
ShowLabels0=0
fLineRemoval0=1
fMesh0=0
sfOverWrite=0
ShowLabels=0
AutoSize=0
FrameOffset=0

[Magnitude 6]
Version=4.00
Precision=-1
Framesize=0
FramesizeIn0=0
RCFlagIn0=0
DTFlagIn0=0
SampFreqIn0=0.0
FramesizeOut0=0
RCFlagOut0=0
DTFlagOut0=0
SampFreqOut0=0.0

[Magnitude 7]
Version=4.00
Precision=-1
Framesize=0
FramesizeIn0=0
RCFlagIn0=0
DTFlagIn0=0
SampFreqIn0=0.0
FramesizeOut0=0
RCFlagOut0=0
DTFlagOut0=0
SampFreqOut0=0.0

[Add 12]
Version=4.00
Precision=-1
Framesize=0
FramesizeIn0=0
RCFlagIn0=0
DTFlagIn0=0
SampFreqIn0=0.0
FramesizeIn1=0
RCFlagIn1=0
DTFlagIn1=0
SampFreqIn1=0.0
FramesizeOut0=0
RCFlagOut0=0
DTFlagOut0=0
SampFreqOut0=0.0
_OverflowHandling=303
_SmallFramesize=306
_FramesizeWarning=309

[Single Channel Display 4]
Version=4.00
Precision=-1
Framesize=257
FramesizeIn0=0
RCFlagIn0=0
DTFlagIn0=0
SampFreqIn0=0.0
Columns=4
ShowIndices=0
HTicks=10
VTicks=10
DigitPrecision=4
DecimalPrecision=2
Shadow=0
fUseSec=0
wfDense=20
Theta=45.0
Title0=Default Graph Title 0
HLabel0=Samples
VLabel0=Amplitude
BackGroundColor0=1
GridColor0=6
WaveColor0=11
ScaleColor0=6
XAmp0.Min=0.0
XAmp0.Max=512.0
XAmp0.UserScale=1.0
XAmp0.StrLabelMin=
XAmp0.StrLabelMax=
XAmp0.PercMin=50.0
XAmp0.PercMax=50.0
XAmp0.PercDev=5.0
XAmp0.fAutoMin=0
XAmp0.fAutoMax=0
XAmp0.RoundOff=10.0
XAmp0.Precision=0
XAmp0.Scaling=0
XAmp0.LogBase=10.0
XAmp0.LogFactor=1.0
YAmp0.Min=0.0
YAmp0.Max=300.0
YAmp0.UserScale=1.0
YAmp0.StrLabelMin=
YAmp0.StrLabelMax=
YAmp0.PercMin=50.0
YAmp0.PercMax=50.0
YAmp0.PercDev=5.0
YAmp0.fAutoMin=0
YAmp0.fAutoMax=0
YAmp0.RoundOff=1.0
YAmp0.Precision=0
YAmp0.Scaling=0
YAmp0.LogBase=10.0
YAmp0.LogFactor=1.0
XAmpSec0.Min=-1000.0
XAmpSec0.Max=1000.0
XAmpSec0.PercMin=50.0
XAmpSec0.PercMax=50.0
XAmpSec0.PercDev=5.0
XAmpSec0.fAutoMin=1
XAmpSec0.fAutoMax=1
XAmpSec0.Precision=0
XAmpSec0.Scaling=0
XAmpSec0.LogBase=10.0
XAmpSec0.LogFactor=1.0
YAmpSec0.Min=-1000.0
YAmpSec0.Max=1000.0
YAmpSec0.PercMin=50.0
YAmpSec0.PercMax=50.0
YAmpSec0.PercDev=5.0
YAmpSec0.fAutoMin=1
YAmpSec0.fAutoMax=1
YAmpSec0.Precision=0
YAmpSec0.Scaling=0
YAmpSec0.LogBase=10.0
YAmpSec0.LogFactor=1.0
TracePause0=1
fOverWrite0=0
Mode0=0
DrawMode0=0
DisplayMode0=5
Shape0=0
ShapeColor0=7
ShowLabels0=0
fLineRemoval0=1
fMesh0=0
sfOverWrite=0
ShowLabels=0
AutoSize=0
FrameOffset=0

[Single Channel Display 2]
Version=4.00
Precision=-1
Framesize=257
FramesizeIn0=0
RCFlagIn0=0
DTFlagIn0=0
SampFreqIn0=0.0
Columns=4
ShowIndices=0
HTicks=10
VTicks=10
DigitPrecision=4
DecimalPrecision=2
Shadow=0
fUseSec=0
wfDense=20
Theta=45.0
Title0=Default Graph Title 0
HLabel0=Samples
VLabel0=Amplitude
BackGroundColor0=0
GridColor0=6
WaveColor0=12
ScaleColor0=6
XAmp0.Min=0.0
XAmp0.Max=512.0
XAmp0.UserScale=1.0
XAmp0.StrLabelMin=
XAmp0.StrLabelMax=
XAmp0.PercMin=50.0
XAmp0.PercMax=50.0
XAmp0.PercDev=5.0
XAmp0.fAutoMin=0
XAmp0.fAutoMax=0
XAmp0.RoundOff=10.0
XAmp0.Precision=0
XAmp0.Scaling=0
XAmp0.LogBase=10.0
XAmp0.LogFactor=1.0
YAmp0.Min=0.0
YAmp0.Max=300.0
YAmp0.UserScale=1.0
YAmp0.StrLabelMin=
YAmp0.StrLabelMax=
YAmp0.PercMin=50.0
YAmp0.PercMax=50.0
YAmp0.PercDev=5.0
YAmp0.fAutoMin=0
YAmp0.fAutoMax=0
YAmp0.RoundOff=1.0
YAmp0.Precision=0
YAmp0.Scaling=0
YAmp0.LogBase=10.0
YAmp0.LogFactor=1.0
XAmpSec0.Min=-1000.0
XAmpSec0.Max=1000.0
XAmpSec0.PercMin=50.0
XAmpSec0.PercMax=50.0
XAmpSec0.PercDev=5.0
XAmpSec0.fAutoMin=1
XAmpSec0.fAutoMax=1
XAmpSec0.Precision=0
XAmpSec0.Scaling=0
XAmpSec0.LogBase=10.0
XAmpSec0.LogFactor=1.0
YAmpSec0.Min=-1000.0
YAmpSec0.Max=1000.0
YAmpSec0.PercMin=50.0
YAmpSec0.PercMax=50.0
YAmpSec0.PercDev=5.0
YAmpSec0.fAutoMin=1
YAmpSec0.fAutoMax=1
YAmpSec0.Precision=0
YAmpSec0.Scaling=0
YAmpSec0.LogBase=10.0
YAmpSec0.LogFactor=1.0
TracePause0=1
fOverWrite0=0
Mode0=0
DrawMode0=0
DisplayMode0=5
Shape0=0
ShapeColor0=7
ShowLabels0=0
fLineRemoval0=1
fMesh0=0
sfOverWrite=0
ShowLabels=0
AutoSize=0
FrameOffset=0

[Single Channel Display 5]
Version=4.00
Precision=-1
Framesize=128
FramesizeIn0=0
RCFlagIn0=0
DTFlagIn0=0
SampFreqIn0=0.0
Columns=4
ShowIndices=0
HTicks=10
VTicks=10
DigitPrecision=4
DecimalPrecision=2
Shadow=0
fUseSec=0
wfDense=20
Theta=45.0
Title0=Default Graph Title 0
HLabel0=Samples
VLabel0=Amplitude
BackGroundColor0=3
GridColor0=6
WaveColor0=12
ScaleColor0=6
XAmp0.Min=0.0
XAmp0.Max=128.0
XAmp0.UserScale=1.0
XAmp0.StrLabelMin=
XAmp0.StrLabelMax=
XAmp0.PercMin=50.0
XAmp0.PercMax=50.0
XAmp0.PercDev=5.0
XAmp0.fAutoMin=0
XAmp0.fAutoMax=0
XAmp0.RoundOff=10.0
XAmp0.Precision=0
XAmp0.Scaling=0
XAmp0.LogBase=10.0
XAmp0.LogFactor=1.0
YAmp0.Min=-3.0
YAmp0.Max=3.0
YAmp0.UserScale=1.0
YAmp0.StrLabelMin=
YAmp0.StrLabelMax=
YAmp0.PercMin=50.0
YAmp0.PercMax=50.0
YAmp0.PercDev=5.0
YAmp0.fAutoMin=0
YAmp0.fAutoMax=0
YAmp0.RoundOff=1.0
YAmp0.Precision=0
YAmp0.Scaling=0
YAmp0.LogBase=10.0
YAmp0.LogFactor=1.0
XAmpSec0.Min=-1000.0
XAmpSec0.Max=1000.0
XAmpSec0.PercMin=50.0
XAmpSec0.PercMax=50.0
XAmpSec0.PercDev=5.0
XAmpSec0.fAutoMin=1
XAmpSec0.fAutoMax=1
XAmpSec0.Precision=0
XAmpSec0.Scaling=0
XAmpSec0.LogBase=10.0
XAmpSec0.LogFactor=1.0
YAmpSec0.Min=-1000.0
YAmpSec0.Max=1000.0
YAmpSec0.PercMin=50.0
YAmpSec0.PercMax=50.0
YAmpSec0.PercDev=5.0
YAmpSec0.fAutoMin=1
YAmpSec0.fAutoMax=1
YAmpSec0.Precision=0
YAmpSec0.Scaling=0
YAmpSec0.LogBase=10.0
YAmpSec0.LogFactor=1.0
TracePause0=1
fOverWrite0=0
Mode0=0
DrawMode0=0
DisplayMode0=5
Shape0=0
ShapeColor0=7
ShowLabels0=0
fLineRemoval0=1
fMesh0=0
sfOverWrite=0
ShowLabels=0
AutoSize=0
FrameOffset=0

[Single Channel Display 6]
Version=4.00
Precision=-1
Framesize=256
FramesizeIn0=0
RCFlagIn0=0
DTFlagIn0=0
SampFreqIn0=0.0
Columns=4
ShowIndices=0
HTicks=10
VTicks=10
DigitPrecision=4
DecimalPrecision=2
Shadow=0
fUseSec=0
wfDense=20
Theta=45.0
Title0=input signal
HLabel0=Samples
VLabel0=Amplitude
BackGroundColor0=5
GridColor0=6
WaveColor0=12
ScaleColor0=6
XAmp0.Min=0.0
XAmp0.Max=256.0
XAmp0.UserScale=1.0
XAmp0.StrLabelMin=
XAmp0.StrLabelMax=
XAmp0.PercMin=50.0
XAmp0.PercMax=50.0
XAmp0.PercDev=5.0
XAmp0.fAutoMin=0
XAmp0.fAutoMax=0
XAmp0.RoundOff=10.0
XAmp0.Precision=0
XAmp0.Scaling=0
XAmp0.LogBase=10.0
XAmp0.LogFactor=1.0
YAmp0.Min=-2.0
YAmp0.Max=2.0
YAmp0.UserScale=1.0
YAmp0.StrLabelMin=
YAmp0.StrLabelMax=
YAmp0.PercMin=50.0
YAmp0.PercMax=50.0
YAmp0.PercDev=5.0
YAmp0.fAutoMin=0
YAmp0.fAutoMax=0
YAmp0.RoundOff=1.0
YAmp0.Precision=0
YAmp0.Scaling=0
YAmp0.LogBase=10.0
YAmp0.LogFactor=1.0
XAmpSec0.Min=-1000.0
XAmpSec0.Max=1000.0
XAmpSec0.PercMin=50.0
XAmpSec0.PercMax=50.0
XAmpSec0.PercDev=5.0
XAmpSec0.fAutoMin=1
XAmpSec0.fAutoMax=1
XAmpSec0.Precision=0
XAmpSec0.Scaling=0
XAmpSec0.LogBase=10.0
XAmpSec0.LogFactor=1.0
YAmpSec0.Min=-1000.0
YAmpSec0.Max=1000.0
YAmpSec0.PercMin=50.0
YAmpSec0.PercMax=50.0
YAmpSec0.PercDev=5.0
YAmpSec0.fAutoMin=1
YAmpSec0.fAutoMax=1
YAmpSec0.Precision=0
YAmpSec0.Scaling=0
YAmpSec0.LogBase=10.0
YAmpSec0.LogFactor=1.0
TracePause0=1
fOverWrite0=0
Mode0=0
DrawMode0=0
DisplayMode0=5
Shape0=0
ShapeColor0=7
ShowLabels0=0
fLineRemoval0=1
fMesh0=0
sfOverWrite=0
ShowLabels=0
AutoSize=0
FrameOffset=0

[Single Channel Display 7]
Version=4.00
Precision=-1
Framesize=256
FramesizeIn0=0
RCFlagIn0=0
DTFlagIn0=0
SampFreqIn0=0.0
Columns=4
ShowIndices=0
HTicks=10
VTicks=10
DigitPrecision=4
DecimalPrecision=2
Shadow=0
fUseSec=0
wfDense=20
Theta=45.0
Title0=Default Graph Title 0
HLabel0=Samples
VLabel0=Amplitude
BackGroundColor0=4
GridColor0=6
WaveColor0=11
ScaleColor0=6
XAmp0.Min=0.0
XAmp0.Max=256.0
XAmp0.UserScale=1.0
XAmp0.StrLabelMin=
XAmp0.StrLabelMax=
XAmp0.PercMin=50.0
XAmp0.PercMax=50.0
XAmp0.PercDev=5.0
XAmp0.fAutoMin=0
XAmp0.fAutoMax=0
XAmp0.RoundOff=10.0
XAmp0.Precision=0
XAmp0.Scaling=0
XAmp0.LogBase=10.0
XAmp0.LogFactor=1.0
YAmp0.Min=0.0
YAmp0.Max=15.0
YAmp0.UserScale=1.0
YAmp0.StrLabelMin=
YAmp0.StrLabelMax=
YAmp0.PercMin=50.0
YAmp0.PercMax=50.0
YAmp0.PercDev=5.0
YAmp0.fAutoMin=0
YAmp0.fAutoMax=0
YAmp0.RoundOff=1.0
YAmp0.Precision=0
YAmp0.Scaling=0
YAmp0.LogBase=10.0
YAmp0.LogFactor=1.0
XAmpSec0.Min=-1000.0
XAmpSec0.Max=1000.0
XAmpSec0.PercMin=50.0
XAmpSec0.PercMax=50.0
XAmpSec0.PercDev=5.0
XAmpSec0.fAutoMin=1
XAmpSec0.fAutoMax=1
XAmpSec0.Precision=0
XAmpSec0.Scaling=0
XAmpSec0.LogBase=10.0
XAmpSec0.LogFactor=1.0
YAmpSec0.Min=-1000.0
YAmpSec0.Max=1000.0
YAmpSec0.PercMin=50.0
YAmpSec0.PercMax=50.0
YAmpSec0.PercDev=5.0
YAmpSec0.fAutoMin=1
YAmpSec0.fAutoMax=1
YAmpSec0.Precision=0
YAmpSec0.Scaling=0
YAmpSec0.LogBase=10.0
YAmpSec0.LogFactor=1.0
TracePause0=1
fOverWrite0=0
Mode0=0
DrawMode0=0
DisplayMode0=5
Shape0=0
ShapeColor0=7
ShowLabels0=0
fLineRemoval0=1
fMesh0=0
sfOverWrite=0
ShowLabels=0
AutoSize=0
FrameOffset=0

