[Block Diagram Listing]
Header=Hypersignal for Windows Block Diagram Application, Block Listing
Version=4.00
Block Count=22
Horizontal Scroll Position=0
Vertical Scroll Position=0
Manual Compile=0
Block Library1=Simulation Library
Block Name1=Noise Generator 1
DLL Name1=NOISE.DLL
Block Type1=2
Block Class1=0
Layer1=-1
Position1=64,288,96,320
Input Count1=0
Output Count1=1
Parameter Count1=1
Block1,Parameter Line 0=Sets Amplitude,,,
Block1,Parameter Input 0=CD Knob 1,Output Channel 0,HDT_DOUBLE,201
Block Library2=Simulation Library
Block Name2=Sine Generator 1
DLL Name2=SINE.DLL
Block Type2=1
Block Class2=0
Layer2=-1
Position2=64,96,96,128
Input Count2=0
Output Count2=1
Parameter Count2=1
Block2,Parameter Line 0=Sets Frequency,,,
Block2,Parameter Input 0=CD Knob 2,Output Channel 0,HDT_DOUBLE,202
Block Library3=Simulation Library
Block Name3=Add 1
DLL Name3=ADD.DLL
Block Type3=2
Block Class3=0
Layer3=-1
Position3=128,192,160,224
Input Count3=2
Output Count3=1
Parameter Count3=0
Block3,Input Channel 0=Sine Generator 1,Output Channel 0
Block3,Input Channel 1=Noise Generator 1,Output Channel 0
Block Library4=Simulation Library
Block Name4=Autocorrelation 1
DLL Name4=ACORR.DLL
Block Type4=2
Block Class4=0
Layer4=-1
Position4=192,224,224,256
Input Count4=1
Output Count4=1
Parameter Count4=0
Block4,Input Channel 0=Add 1,Output Channel 0
Block Library5=Simulation Library
Block Name5=Buffer 1
DLL Name5=BUFFER.DLL
Block Type5=2
Block Class5=0
Layer5=-1
Position5=256,96,288,128
Input Count5=1
Output Count5=1
Parameter Count5=0
Block5,Input Channel 0=Autocorrelation 1,Output Channel 0
Block Library6=Simulation Library
Block Name6=Hanning Window 1
DLL Name6=HANNING.DLL
Block Type6=2
Block Class6=0
Layer6=-1
Position6=352,96,384,128
Input Count6=1
Output Count6=1
Parameter Count6=0
Block6,Input Channel 0=Buffer 1,Output Channel 0
Block Library7=Simulation Library
Block Name7=FFT 1
DLL Name7=FFT.DLL
Block Type7=2
Block Class7=0
Layer7=-1
Position7=448,96,480,128
Input Count7=1
Output Count7=1
Parameter Count7=0
Block7,Input Channel 0=Hanning Window 1,Output Channel 0
Block Library8=Simulation Library
Block Name8=Magnitude 1
DLL Name8=MAG.DLL
Block Type8=2
Block Class8=0
Layer8=-1
Position8=512,96,544,128
Input Count8=1
Output Count8=1
Parameter Count8=0
Block8,Input Channel 0=FFT 1,Output Channel 0
Block Library9=Simulation Library
Block Name9=Single Channel Display 1
DLL Name9=SCD.DLL
Block Label9=Estimated Spectrum  (Hanning window)
Block Label Color9=255,255,0
Block Label Font9=-13,0,0,0,700,0,0,0,0,1,2,1,34,MS Sans Serif
Block Type9=8
Block Class9=0
Layer9=-1
Position9=608,0,832,128
Input Count9=1
Output Count9=0
Parameter Count9=0
Block9,Input Channel 0=Magnitude 1,Output Channel 0
Block Library10=Simulation Library
Block Name10=Buffer 2
DLL Name10=BUFFER.DLL
Block Type10=2
Block Class10=0
Layer10=-1
Position10=256,352,288,384
Input Count10=1
Output Count10=1
Parameter Count10=0
Block10,Input Channel 0=Autocorrelation 1,Output Channel 0
Block Library11=Simulation Library
Block Name11=Kaiser Window 1
DLL Name11=KAISER.DLL
Block Type11=2
Block Class11=0
Layer11=-1
Position11=352,352,384,384
Input Count11=1
Output Count11=1
Parameter Count11=0
Block11,Input Channel 0=Buffer 2,Output Channel 0
Block Library12=Simulation Library
Block Name12=2-Channel Display 1
DLL Name12=DCD.DLL
Block Label12=Both Windowed Waveforms
Block Label Color12=255,255,0
Block Label Font12=-11,0,0,0,700,0,0,0,0,1,2,1,34,MS Sans Serif
Block Type12=8
Block Class12=0
Layer12=-1
Position12=608,160,832,288
Input Count12=2
Output Count12=0
Parameter Count12=0
Block12,Input Channel 0=Hanning Window 1,Output Channel 0
Block12,Input Channel 1=Kaiser Window 1,Output Channel 0
Block Library13=Simulation Library
Block Name13=FFT 3
DLL Name13=FFT.DLL
Block Type13=2
Block Class13=0
Layer13=-1
Position13=448,352,480,384
Input Count13=1
Output Count13=1
Parameter Count13=0
Block13,Input Channel 0=Kaiser Window 1,Output Channel 0
Block Library14=Simulation Library
Block Name14=Magnitude 2
DLL Name14=MAG.DLL
Block Type14=2
Block Class14=0
Layer14=-1
Position14=512,352,544,384
Input Count14=1
Output Count14=1
Parameter Count14=0
Block14,Input Channel 0=FFT 3,Output Channel 0
Block Library15=Simulation Library
Block Name15=Single Channel Display 3
DLL Name15=SCD.DLL
Block Label15=Estimated Spectrum (Kaiser window)
Block Label Color15=255,255,0
Block Label Font15=-13,0,0,0,700,0,0,0,0,1,2,1,34,MS Sans Serif
Block Type15=8
Block Class15=0
Layer15=-1
Position15=608,320,832,448
Input Count15=1
Output Count15=0
Parameter Count15=0
Block15,Input Channel 0=Magnitude 2,Output Channel 0
Block Library16=Simulation Library
Block Name16=Hanning Window 2
DLL Name16=HANNING.DLL
Block Type16=2
Block Class16=0
Layer16=-1
Position16=224,512,256,544
Input Count16=1
Output Count16=1
Parameter Count16=0
Block16,Input Channel 0=Add 1,Output Channel 0
Block Library17=Simulation Library
Block Name17=FFT 4
DLL Name17=FFT.DLL
Block Type17=2
Block Class17=0
Layer17=-1
Position17=320,512,352,544
Input Count17=1
Output Count17=1
Parameter Count17=0
Block17,Input Channel 0=Hanning Window 2,Output Channel 0
Block Library18=Simulation Library
Block Name18=Magnitude 3
DLL Name18=MAG.DLL
Block Type18=2
Block Class18=0
Layer18=-1
Position18=416,512,448,544
Input Count18=1
Output Count18=1
Parameter Count18=0
Block18,Input Channel 0=FFT 4,Output Channel 0
Block Library19=Simulation Library
Block Name19=Multiply 1
DLL Name19=MULT.DLL
Block Type19=2
Block Class19=0
Layer19=-1
Position19=512,512,544,544
Input Count19=2
Output Count19=1
Parameter Count19=0
Block19,Input Channel 0=Magnitude 3,Output Channel 0
Block19,Input Channel 1=Magnitude 3,Output Channel 0
Block Library20=Simulation Library
Block Name20=Single Channel Display 4
DLL Name20=SCD.DLL
Block Label20=FFT Spectrum
Block Label Color20=255,255,0
Block Label Font20=-13,0,0,0,700,0,0,0,0,1,2,1,34,MS Sans Serif
Block Type20=8
Block Class20=0
Layer20=-1
Position20=608,480,832,608
Input Count20=1
Output Count20=0
Parameter Count20=0
Block20,Input Channel 0=Multiply 1,Output Channel 0
Block Library21=Instrumentation Library
Block Name21=CD Knob 1
DLL Name21=CDKnob.dll
Block Label21=Noise Level
Block Label Color21=255,255,0
Block Type21=8
Block Class21=0
Layer21=-1
Position21=288,224,352,288
Input Count21=0
Output Count21=1
Parameter Count21=0
Block Library22=Instrumentation Library
Block Name22=CD Knob 2
DLL Name22=CDKnob.dll
Block Label22=Frequency
Block Label Color22=255,255,0
Block Type22=8
Block Class22=0
Layer22=-1
Position22=416,224,480,288
Input Count22=0
Output Count22=1
Parameter Count22=0

[Variables]
Num=2
Var1=Framesize
Value1=1024
Var2=Sample Rate
Value2=8000.0

[Environment]
Undo Buffer Size=30

[Text Boxes]
Count=2
Text1=Blackman-Tukey Spectral Estimation
Position1=65,53
ColorR1=0
ColorG1=255
ColorB1=255
Font1=-27,0,0,0,700,0,0,0,0,3,2,1,34,Arial
Text2=Please note that this demo contains a limited block|function library -- contact Hyperception for information|on the complete production library function list.
Position2=5,5
ColorR2=255
ColorG2=255
ColorB2=0
Font2=-11,0,0,0,400,0,0,0,0,1,2,1,34,MS Sans Serif

[Layers]
Current Layer=-1
Mode=1
Num=1

[Noise Generator 1]
Version=4.00
Precision=1
Framesize=Framesize
FramesizeOut0=1024
RCFlagOut0=0
DTFlagOut0=1
SampFreqOut0=8000.0
_Amplitude=24.0
_DCOffset=0.0
_ofFrames=0
_SampleRate=Sample Rate
offset=10

[Sine Generator 1]
Version=4.00
Precision=1
Framesize=Framesize
FramesizeOut0=1024
RCFlagOut0=0
DTFlagOut0=1
SampFreqOut0=8000.0
_Amplitude=10.0
_Frequency=1240.0
_PhaseOffset=0.0
_DCOffset=0.0
_ofFrames=0
_SampleRate=Sample Rate

[Add 1]
Version=4.00
Precision=-1
Framesize=1024
FramesizeIn0=1024
RCFlagIn0=0
DTFlagIn0=1
SampFreqIn0=8000.0
FramesizeIn1=1024
RCFlagIn1=0
DTFlagIn1=1
SampFreqIn1=8000.0
FramesizeOut0=1024
RCFlagOut0=0
DTFlagOut0=1
SampFreqOut0=8000.0
_OverflowHandling=303
_SmallFramesize=306
_FramesizeWarning=309

[Autocorrelation 1]
Version=4.00
Precision=-1
Framesize=1024
FramesizeIn0=1024
RCFlagIn0=0
DTFlagIn0=1
SampFreqIn0=8000.0
FramesizeOut0=1024
RCFlagOut0=0
DTFlagOut0=1
SampFreqOut0=8000.0
_MinimumLag=0
_MaximumLag=1023

[Buffer 1]
Version=2.01
Precision=-1
Framesize=1024
FramesizeIn0=1024
RCFlagIn0=0
DTFlagIn0=1
SampFreqIn0=8000.0
FramesizeOut0=256
RCFlagOut0=0
DTFlagOut0=1
SampFreqOut0=8000.0
_BufferSize=256
NumLocalElements0=1000

[Hanning Window 1]
Version=4.00
Precision=-1
Framesize=256
FramesizeIn0=256
RCFlagIn0=0
DTFlagIn0=1
SampFreqIn0=8000.0
FramesizeOut0=256
RCFlagOut0=0
DTFlagOut0=1
SampFreqOut0=8000.0

[FFT 1]
Version=4.00
Precision=-1
Framesize=256
FramesizeIn0=256
RCFlagIn0=0
DTFlagIn0=1
SampFreqIn0=8000.0
FramesizeOut0=256
RCFlagOut0=1
DTFlagOut0=1
SampFreqOut0=8000.0
_FFTOrder=8
NumLocalElements0=0
NumLocalElements1=0

[Magnitude 1]
Version=4.00
Precision=-1
Framesize=129
FramesizeIn0=256
RCFlagIn0=1
DTFlagIn0=1
SampFreqIn0=8000.0
FramesizeOut0=129
RCFlagOut0=0
DTFlagOut0=1
SampFreqOut0=8000.0

[Single Channel Display 1]
Version=4.00
Precision=-1
Framesize=100
FramesizeIn0=129
RCFlagIn0=0
DTFlagIn0=1
SampFreqIn0=8000.0
Columns=4
ShowIndices=0
HTicks=10
VTicks=10
DigitPrecision=4
DecimalPrecision=2
Shadow=0
fUseSec=0
wfDense=256
Theta=30.0
Title0=Default Graph Title 0
HLabel0=Samples
VLabel0=Amplitude
BackGroundColor0=0
GridColor0=6
WaveColor0=12
ScaleColor0=6
XAmp0.Min=0.0
XAmp0.Max=129.0
XAmp0.UserScale=1.0
XAmp0.StrLabelMin=
XAmp0.StrLabelMax=
XAmp0.PercMin=50.0
XAmp0.PercMax=50.0
XAmp0.PercDev=5.0
XAmp0.fAutoMin=0
XAmp0.fAutoMax=0
XAmp0.RoundOff=10.0
XAmp0.Precision=0
XAmp0.Scaling=0
XAmp0.LogBase=10.0
XAmp0.LogFactor=1.0
YAmp0.Min=0.0
YAmp0.Max=55300.0
YAmp0.UserScale=1.0
YAmp0.StrLabelMin=
YAmp0.StrLabelMax=
YAmp0.PercMin=50.0
YAmp0.PercMax=50.0
YAmp0.PercDev=5.0
YAmp0.fAutoMin=0
YAmp0.fAutoMax=1
YAmp0.RoundOff=10.0
YAmp0.Precision=0
YAmp0.Scaling=0
YAmp0.LogBase=10.0
YAmp0.LogFactor=1.0
XAmpSec0.Min=-1000.0
XAmpSec0.Max=1000.0
XAmpSec0.PercMin=50.0
XAmpSec0.PercMax=50.0
XAmpSec0.PercDev=5.0
XAmpSec0.fAutoMin=1
XAmpSec0.fAutoMax=1
XAmpSec0.Precision=0
XAmpSec0.Scaling=0
XAmpSec0.LogBase=10.0
XAmpSec0.LogFactor=1.0
YAmpSec0.Min=-1000.0
YAmpSec0.Max=1000.0
YAmpSec0.PercMin=50.0
YAmpSec0.PercMax=50.0
YAmpSec0.PercDev=5.0
YAmpSec0.fAutoMin=1
YAmpSec0.fAutoMax=1
YAmpSec0.Precision=0
YAmpSec0.Scaling=0
YAmpSec0.LogBase=10.0
YAmpSec0.LogFactor=1.0
TracePause0=1
fOverWrite0=0
Mode0=0
DrawMode0=0
DisplayMode0=5
Shape0=0
ShapeColor0=7
ShowLabels0=0
fLineRemoval0=1
fMesh0=0
sfOverWrite=0
ShowLabels=0
AutoSize=1
FrameOffset=0

[Buffer 2]
Version=2.01
Precision=-1
Framesize=1024
FramesizeIn0=1024
RCFlagIn0=0
DTFlagIn0=1
SampFreqIn0=8000.0
FramesizeOut0=256
RCFlagOut0=0
DTFlagOut0=1
SampFreqOut0=8000.0
_BufferSize=256
NumLocalElements0=1000

[Kaiser Window 1]
Version=4.00
Precision=-1
Framesize=256
FramesizeIn0=256
RCFlagIn0=0
DTFlagIn0=1
SampFreqIn0=8000.0
FramesizeOut0=256
RCFlagOut0=0
DTFlagOut0=1
SampFreqOut0=8000.0
_Beta=5.0

[2-Channel Display 1]
Version=4.00
Precision=-1
Framesize=256
FramesizeIn0=256
RCFlagIn0=0
DTFlagIn0=1
SampFreqIn0=8000.0
FramesizeIn1=256
RCFlagIn1=0
DTFlagIn1=1
SampFreqIn1=8000.0
Channel=1
SeperateGrid=1
ShowLabels0=0
AutoSize0=1
Framesize0=100
FrameOffset0=0
sfOverWrite0=0
Columns=4
ShowIndices=0
HTicks=10
VTicks=10
DigitPrecision=4
DecimalPrecision=2
Shadow=0
fUseSec=0
wfDense=20
Theta=45.0
Title0=Waveform
HLabel0=Samples
VLabel0=Amplitude
BackGroundColor0=0
GridColor0=6
WaveColor0=2
ScaleColor0=6
XAmp0.Min=0.0
XAmp0.Max=256.0
XAmp0.UserScale=1.0
XAmp0.StrLabelMin=
XAmp0.StrLabelMax=
XAmp0.PercMin=50.0
XAmp0.PercMax=50.0
XAmp0.PercDev=5.0
XAmp0.fAutoMin=0
XAmp0.fAutoMax=0
XAmp0.RoundOff=10.0
XAmp0.Precision=0
XAmp0.Scaling=0
XAmp0.LogBase=10.0
XAmp0.LogFactor=1.0
YAmp0.Min=-1000.0
YAmp0.Max=1000.0
YAmp0.UserScale=1.0
YAmp0.StrLabelMin=
YAmp0.StrLabelMax=
YAmp0.PercMin=90.0
YAmp0.PercMax=90.0
YAmp0.PercDev=5.0
YAmp0.fAutoMin=1
YAmp0.fAutoMax=1
YAmp0.RoundOff=10.0
YAmp0.Precision=0
YAmp0.Scaling=0
YAmp0.LogBase=10.0
YAmp0.LogFactor=1.0
XAmpSec0.Min=-1000.0
XAmpSec0.Max=1000.0
XAmpSec0.PercMin=50.0
XAmpSec0.PercMax=50.0
XAmpSec0.PercDev=5.0
XAmpSec0.fAutoMin=1
XAmpSec0.fAutoMax=1
XAmpSec0.Precision=0
XAmpSec0.Scaling=0
XAmpSec0.LogBase=10.0
XAmpSec0.LogFactor=1.0
YAmpSec0.Min=-1000.0
YAmpSec0.Max=1000.0
YAmpSec0.PercMin=50.0
YAmpSec0.PercMax=50.0
YAmpSec0.PercDev=5.0
YAmpSec0.fAutoMin=1
YAmpSec0.fAutoMax=1
YAmpSec0.Precision=0
YAmpSec0.Scaling=0
YAmpSec0.LogBase=10.0
YAmpSec0.LogFactor=1.0
TracePause0=1
fOverWrite0=0
Mode0=0
DrawMode0=0
DisplayMode0=5
Shape0=0
ShapeColor0=7
fLineRemoval0=1
fMesh0=0
ShowLabels1=0
AutoSize1=1
Framesize1=100
FrameOffset1=0
sfOverWrite1=0
Title1=Default Graph Title 1
HLabel1=Samples
VLabel1=Amplitude
BackGroundColor1=0
GridColor1=6
WaveColor1=7
ScaleColor1=6
XAmp1.Min=0.0
XAmp1.Max=256.0
XAmp1.UserScale=1.0
XAmp1.StrLabelMin=
XAmp1.StrLabelMax=
XAmp1.PercMin=50.0
XAmp1.PercMax=50.0
XAmp1.PercDev=5.0
XAmp1.fAutoMin=0
XAmp1.fAutoMax=0
XAmp1.RoundOff=10.0
XAmp1.Precision=0
XAmp1.Scaling=0
XAmp1.LogBase=10.0
XAmp1.LogFactor=1.0
YAmp1.Min=-1000.0
YAmp1.Max=1000.0
YAmp1.UserScale=1.0
YAmp1.StrLabelMin=
YAmp1.StrLabelMax=
YAmp1.PercMin=90.0
YAmp1.PercMax=90.0
YAmp1.PercDev=5.0
YAmp1.fAutoMin=1
YAmp1.fAutoMax=1
YAmp1.RoundOff=10.0
YAmp1.Precision=0
YAmp1.Scaling=0
YAmp1.LogBase=10.0
YAmp1.LogFactor=1.0
XAmpSec1.Min=-1000.0
XAmpSec1.Max=1000.0
XAmpSec1.PercMin=50.0
XAmpSec1.PercMax=50.0
XAmpSec1.PercDev=5.0
XAmpSec1.fAutoMin=1
XAmpSec1.fAutoMax=1
XAmpSec1.Precision=0
XAmpSec1.Scaling=0
XAmpSec1.LogBase=10.0
XAmpSec1.LogFactor=1.0
YAmpSec1.Min=-1000.0
YAmpSec1.Max=1000.0
YAmpSec1.PercMin=50.0
YAmpSec1.PercMax=50.0
YAmpSec1.PercDev=5.0
YAmpSec1.fAutoMin=1
YAmpSec1.fAutoMax=1
YAmpSec1.Precision=0
YAmpSec1.Scaling=0
YAmpSec1.LogBase=10.0
YAmpSec1.LogFactor=1.0
TracePause1=1
fOverWrite1=0
Mode1=0
DrawMode1=0
DisplayMode1=5
Shape1=0
ShapeColor1=7
fLineRemoval1=1
fMesh1=0

[FFT 3]
Version=4.00
Precision=-1
Framesize=1024
FramesizeIn0=256
RCFlagIn0=0
DTFlagIn0=1
SampFreqIn0=8000.0
FramesizeOut0=1024
RCFlagOut0=1
DTFlagOut0=1
SampFreqOut0=8000.0
_FFTOrder=10
NumLocalElements0=0
NumLocalElements1=0

[Magnitude 2]
Version=4.00
Precision=-1
Framesize=513
FramesizeIn0=1024
RCFlagIn0=1
DTFlagIn0=1
SampFreqIn0=8000.0
FramesizeOut0=513
RCFlagOut0=0
DTFlagOut0=1
SampFreqOut0=8000.0

[Single Channel Display 3]
Version=4.00
Precision=-1
Framesize=100
FramesizeIn0=513
RCFlagIn0=0
DTFlagIn0=1
SampFreqIn0=8000.0
Columns=4
ShowIndices=0
HTicks=10
VTicks=10
DigitPrecision=4
DecimalPrecision=2
Shadow=0
fUseSec=0
wfDense=256
Theta=30.0
Title0=Default Graph Title 0
HLabel0=Samples
VLabel0=Amplitude
BackGroundColor0=0
GridColor0=6
WaveColor0=12
ScaleColor0=6
XAmp0.Min=0.0
XAmp0.Max=513.0
XAmp0.UserScale=1.0
XAmp0.StrLabelMin=
XAmp0.StrLabelMax=
XAmp0.PercMin=50.0
XAmp0.PercMax=50.0
XAmp0.PercDev=5.0
XAmp0.fAutoMin=0
XAmp0.fAutoMax=0
XAmp0.RoundOff=10.0
XAmp0.Precision=0
XAmp0.Scaling=0
XAmp0.LogBase=10.0
XAmp0.LogFactor=1.0
YAmp0.Min=0.0
YAmp0.Max=55300.0
YAmp0.UserScale=1.0
YAmp0.StrLabelMin=
YAmp0.StrLabelMax=
YAmp0.PercMin=50.0
YAmp0.PercMax=50.0
YAmp0.PercDev=5.0
YAmp0.fAutoMin=0
YAmp0.fAutoMax=1
YAmp0.RoundOff=10.0
YAmp0.Precision=0
YAmp0.Scaling=0
YAmp0.LogBase=10.0
YAmp0.LogFactor=1.0
XAmpSec0.Min=-1000.0
XAmpSec0.Max=1000.0
XAmpSec0.PercMin=50.0
XAmpSec0.PercMax=50.0
XAmpSec0.PercDev=5.0
XAmpSec0.fAutoMin=1
XAmpSec0.fAutoMax=1
XAmpSec0.Precision=0
XAmpSec0.Scaling=0
XAmpSec0.LogBase=10.0
XAmpSec0.LogFactor=1.0
YAmpSec0.Min=-1000.0
YAmpSec0.Max=1000.0
YAmpSec0.PercMin=50.0
YAmpSec0.PercMax=50.0
YAmpSec0.PercDev=5.0
YAmpSec0.fAutoMin=1
YAmpSec0.fAutoMax=1
YAmpSec0.Precision=0
YAmpSec0.Scaling=0
YAmpSec0.LogBase=10.0
YAmpSec0.LogFactor=1.0
TracePause0=1
fOverWrite0=0
Mode0=0
DrawMode0=0
DisplayMode0=5
Shape0=0
ShapeColor0=7
ShowLabels0=0
fLineRemoval0=1
fMesh0=0
sfOverWrite=0
ShowLabels=0
AutoSize=1
FrameOffset=0

[Hanning Window 2]
Version=4.00
Precision=-1
Framesize=1024
FramesizeIn0=1024
RCFlagIn0=0
DTFlagIn0=1
SampFreqIn0=8000.0
FramesizeOut0=1024
RCFlagOut0=0
DTFlagOut0=1
SampFreqOut0=8000.0

[FFT 4]
Version=4.00
Precision=-1
Framesize=256
FramesizeIn0=1024
RCFlagIn0=0
DTFlagIn0=1
SampFreqIn0=8000.0
FramesizeOut0=256
RCFlagOut0=1
DTFlagOut0=1
SampFreqOut0=8000.0
_FFTOrder=8
NumLocalElements0=0
NumLocalElements1=0

[Magnitude 3]
Version=4.00
Precision=-1
Framesize=129
FramesizeIn0=256
RCFlagIn0=1
DTFlagIn0=1
SampFreqIn0=8000.0
FramesizeOut0=129
RCFlagOut0=0
DTFlagOut0=1
SampFreqOut0=8000.0

[Multiply 1]
Version=4.00
Precision=-1
Framesize=129
FramesizeIn0=129
RCFlagIn0=0
DTFlagIn0=1
SampFreqIn0=8000.0
FramesizeIn1=129
RCFlagIn1=0
DTFlagIn1=1
SampFreqIn1=8000.0
FramesizeOut0=129
RCFlagOut0=0
DTFlagOut0=1
SampFreqOut0=8000.0
_SmallFramesize=302
_FramesizeWarning=305

[Single Channel Display 4]
Version=4.00
Precision=-1
Framesize=100
FramesizeIn0=129
RCFlagIn0=0
DTFlagIn0=1
SampFreqIn0=8000.0
Columns=4
ShowIndices=0
HTicks=10
VTicks=10
DigitPrecision=4
DecimalPrecision=2
Shadow=0
fUseSec=0
wfDense=256
Theta=30.0
Title0=Default Graph Title 0
HLabel0=Samples
VLabel0=Amplitude
BackGroundColor0=0
GridColor0=6
WaveColor0=7
ScaleColor0=6
XAmp0.Min=0.0
XAmp0.Max=129.0
XAmp0.UserScale=1.0
XAmp0.StrLabelMin=
XAmp0.StrLabelMax=
XAmp0.PercMin=50.0
XAmp0.PercMax=50.0
XAmp0.PercDev=5.0
XAmp0.fAutoMin=0
XAmp0.fAutoMax=0
XAmp0.RoundOff=10.0
XAmp0.Precision=0
XAmp0.Scaling=0
XAmp0.LogBase=10.0
XAmp0.LogFactor=1.0
YAmp0.Min=0.0
YAmp0.Max=1530.0
YAmp0.UserScale=1.0
YAmp0.StrLabelMin=
YAmp0.StrLabelMax=
YAmp0.PercMin=50.0
YAmp0.PercMax=50.0
YAmp0.PercDev=5.0
YAmp0.fAutoMin=0
YAmp0.fAutoMax=1
YAmp0.RoundOff=10.0
YAmp0.Precision=0
YAmp0.Scaling=0
YAmp0.LogBase=10.0
YAmp0.LogFactor=1.0
XAmpSec0.Min=-1000.0
XAmpSec0.Max=1000.0
XAmpSec0.PercMin=50.0
XAmpSec0.PercMax=50.0
XAmpSec0.PercDev=5.0
XAmpSec0.fAutoMin=1
XAmpSec0.fAutoMax=1
XAmpSec0.Precision=0
XAmpSec0.Scaling=0
XAmpSec0.LogBase=10.0
XAmpSec0.LogFactor=1.0
YAmpSec0.Min=-1000.0
YAmpSec0.Max=1000.0
YAmpSec0.PercMin=50.0
YAmpSec0.PercMax=50.0
YAmpSec0.PercDev=5.0
YAmpSec0.fAutoMin=1
YAmpSec0.fAutoMax=1
YAmpSec0.Precision=0
YAmpSec0.Scaling=0
YAmpSec0.LogBase=10.0
YAmpSec0.LogFactor=1.0
TracePause0=1
fOverWrite0=0
Mode0=0
DrawMode0=0
DisplayMode0=5
Shape0=0
ShapeColor0=7
ShowLabels0=0
fLineRemoval0=1
fMesh0=0
sfOverWrite=0
ShowLabels=0
AutoSize=1
FrameOffset=0

[CD Knob 1]
Version=4.00
Precision=0
Framesize=1
FramesizeOut0=1
RCFlagOut0=0
DTFlagOut0=0
SampFreqOut0=8000.0
_MinValue=0.0
_MaxValue=50.0
_Steps=100
_StartingAngle=225.0
_EndingAngle=315.0
_Units=302
_LabelPosition=1002
_DisplayLabel=1
Position=49
Color=255,255,0
Font=-9,0,0,0,400,0,0,0,0,1,2,1,34,Small Fonts

[CD Knob 2]
Version=4.00
Precision=1
Framesize=1
FramesizeOut0=1
RCFlagOut0=0
DTFlagOut0=1
SampFreqOut0=8000.0
_MinValue=0.0
_MaxValue=4000.0
_Steps=100
_StartingAngle=225.0
_EndingAngle=315.0
_Units=302
_LabelPosition=1002
_DisplayLabel=1
Position=31
Color=255,255,0
Font=-9,0,0,0,400,0,0,0,0,1,2,1,34,Small Fonts

