[Block Diagram Listing]
Header=Hypersignal for Windows Block Diagram Application, Block Listing
Version=4.00
Block Count=20
Horizontal Scroll Position=0
Vertical Scroll Position=0
Manual Compile=0
Block Library1=Simulation Library
Block Name1=Constant Generator 2
DLL Name1=CONST.DLL
Block Type1=2
Block Class1=0
Layer1=-1
Position1=32,160,64,192
Input Count1=0
Output Count1=1
Parameter Count1=0
Block Library2=Simulation Library
Block Name2=Subtract 3
DLL Name2=SUB.DLL
Block Type2=2
Block Class2=0
Layer2=-1
Position2=160,192,192,224
Input Count2=2
Output Count2=1
Parameter Count2=0
Block2,Input Channel 0=Constant Generator 2,Output Channel 0
Block2,Input Channel 1=Delay 4,Output Channel 0
Block Library3=Simulation Library
Block Name3=Delay 4
DLL Name3=DELAY.DLL
Block Type3=2
Block Class3=0
Layer3=-1
Position3=96,256,128,288
Input Count3=1
Output Count3=1
Parameter Count3=0
Block3,Input Channel 0=Constant Generator 2,Output Channel 0
Block Library4=Simulation Library
Block Name4=Add 4
DLL Name4=ADD.DLL
Block Type4=2
Block Class4=0
Layer4=-1
Position4=256,192,288,224
Input Count4=2
Output Count4=1
Parameter Count4=0
Block4,Input Channel 0=Add 4,Output Channel 0
Block4,Input Channel 1=Subtract 3,Output Channel 0
Block Library5=Simulation Library
Block Name5=Add 2
DLL Name5=ADD.DLL
Block Type5=2
Block Class5=0
Layer5=-1
Position5=544,64,576,96
Input Count5=2
Output Count5=1
Parameter Count5=0
Block5,Input Channel 0=Add 4,Output Channel 0
Block5,Input Channel 1=Gain 1,Output Channel 0
Block Library6=Simulation Library
Block Name6=Delay 2
DLL Name6=DELAY.DLL
Block Type6=2
Block Class6=0
Layer6=-1
Position6=384,128,416,160
Input Count6=1
Output Count6=1
Parameter Count6=1
Block6,Input Channel 0=Add 2,Output Channel 0
Block6,Parameter Line 0=Sets Delay Samples,,,
Block6,Parameter Input 0=CD Knob 1,Output Channel 0,HDT_LONG,201
Block Library7=Simulation Library
Block Name7=Gain 1
DLL Name7=GAIN.DLL
Block Label7=Gain=0.8
Block Type7=2
Block Class7=0
Layer7=-1
Position7=448,96,480,128
Input Count7=1
Output Count7=1
Parameter Count7=0
Block7,Input Channel 0=Delay 2,Output Channel 0
Block Library8=Simulation Library
Block Name8=Subtract 2
DLL Name8=SUB.DLL
Block Type8=2
Block Class8=0
Layer8=-1
Position8=640,352,672,384
Input Count8=2
Output Count8=1
Parameter Count8=0
Block8,Input Channel 0=Add 4,Output Channel 0
Block8,Input Channel 1=Gain 2,Output Channel 0
Block Library9=Simulation Library
Block Name9=Delay 3
DLL Name9=DELAY.DLL
Block Type9=2
Block Class9=0
Layer9=-1
Position9=512,448,544,480
Input Count9=1
Output Count9=1
Parameter Count9=1
Block9,Input Channel 0=Subtract 2,Output Channel 0
Block9,Parameter Line 0=Sets Delay Samples,,,
Block9,Parameter Input 0=CD Knob 1,Output Channel 0,HDT_LONG,201
Block Library10=Simulation Library
Block Name10=Gain 2
DLL Name10=GAIN.DLL
Block Label10=Gain=0.8
Block Type10=2
Block Class10=0
Layer10=-1
Position10=576,384,608,416
Input Count10=1
Output Count10=1
Parameter Count10=0
Block10,Input Channel 0=Delay 3,Output Channel 0
Block Library11=Simulation Library
Block Name11=Hanning Window 1
DLL Name11=HANNING.DLL
Block Type11=2
Block Class11=0
Layer11=-1
Position11=736,64,768,96
Input Count11=1
Output Count11=1
Parameter Count11=0
Block11,Input Channel 0=Add 2,Output Channel 0
Block Library12=Simulation Library
Block Name12=Hanning Window 2
DLL Name12=HANNING.DLL
Block Type12=2
Block Class12=0
Layer12=-1
Position12=736,352,768,384
Input Count12=1
Output Count12=1
Parameter Count12=0
Block12,Input Channel 0=Subtract 2,Output Channel 0
Block Library13=Simulation Library
Block Name13=FFT 1
DLL Name13=FFT.DLL
Block Type13=2
Block Class13=0
Layer13=-1
Position13=832,64,864,96
Input Count13=1
Output Count13=1
Parameter Count13=0
Block13,Input Channel 0=Hanning Window 1,Output Channel 0
Block Library14=Simulation Library
Block Name14=Magnitude 1
DLL Name14=MAG.DLL
Block Type14=2
Block Class14=0
Layer14=-1
Position14=928,64,960,96
Input Count14=1
Output Count14=1
Parameter Count14=0
Block14,Input Channel 0=FFT 1,Output Channel 0
Block Library15=Simulation Library
Block Name15=Single Channel Display 1
DLL Name15=SCD.DLL
Block Label15=Frequency Response
Block Label Color15=255,255,0
Block Label Font15=-17,0,0,0,700,0,0,0,0,1,2,1,34,MS Sans Serif
Block Type15=8
Block Class15=0
Layer15=-1
Position15=736,128,960,288
Input Count15=1
Output Count15=0
Parameter Count15=0
Block15,Input Channel 0=Magnitude 1,Output Channel 0
Block Library16=Simulation Library
Block Name16=FFT 2
DLL Name16=FFT.DLL
Block Type16=2
Block Class16=0
Layer16=-1
Position16=832,352,864,384
Input Count16=1
Output Count16=1
Parameter Count16=0
Block16,Input Channel 0=Hanning Window 2,Output Channel 0
Block Library17=Simulation Library
Block Name17=Magnitude 2
DLL Name17=MAG.DLL
Block Type17=2
Block Class17=0
Layer17=-1
Position17=928,352,960,384
Input Count17=1
Output Count17=1
Parameter Count17=0
Block17,Input Channel 0=FFT 2,Output Channel 0
Block Library18=Simulation Library
Block Name18=Single Channel Display 2
DLL Name18=SCD.DLL
Block Label18=Frequency Response
Block Label Color18=255,255,0
Block Label Font18=-17,0,0,0,700,0,0,0,0,1,2,1,34,MS Sans Serif
Block Type18=8
Block Class18=0
Layer18=-1
Position18=736,416,960,576
Input Count18=1
Output Count18=0
Parameter Count18=0
Block18,Input Channel 0=Magnitude 2,Output Channel 0
Block Library19=Simulation Library
Block Name19=Single Channel Display 4
DLL Name19=SCD.DLL
Block Label19=Test Input Signal (impulse)
Block Label Color19=255,255,0
Block Label Font19=-17,0,0,0,700,0,0,0,0,1,2,1,34,MS Sans Serif
Block Type19=8
Block Class19=0
Layer19=-1
Position19=384,256,512,320
Input Count19=1
Output Count19=0
Parameter Count19=0
Block19,Input Channel 0=Add 4,Output Channel 0
Block Library20=Instrumentation Library
Block Name20=CD Knob 1
DLL Name20=CDKnob.dll
Block Label20=Delay
Block Label Color20=0,255,0
Block Type20=8
Block Class20=0
Layer20=-1
Position20=544,128,640,224
Input Count20=0
Output Count20=1
Parameter Count20=0

[Variables]
Num=2
Var1=Framesize
Value1=512
Var2=Sample Rate
Value2=8000.0

[Environment]
Undo Buffer Size=30

[Text Boxes]
Count=3
Text1=Comb Filter Example (IIR)
Position1=344,15
ColorR1=255
ColorG1=255
ColorB1=0
Font1=-31,0,0,0,700,0,0,0,0,3,2,1,34,Arial
Text2=Impulse Generator
Position2=89,130
ColorR2=0
ColorG2=255
ColorB2=255
Font2=-17,0,0,0,700,0,0,0,0,1,2,1,34,MS Sans Serif
Text3=Please note that this demo contains a limited block|function library -- contact Hyperception for information|on the complete production library function list.
Position3=5,5
ColorR3=255
ColorG3=255
ColorB3=0
Font3=-11,0,0,0,400,0,0,0,0,1,2,1,34,MS Sans Serif

[Layers]
Current Layer=-1
Mode=1
Num=1

[Constant Generator 2]
Version=4.00
Precision=1
Framesize=Framesize
FramesizeOut0=0
RCFlagOut0=0
DTFlagOut0=0
SampFreqOut0=0.0
_Amplitude=1.0
_ofFrames=0
_SampleRate=Sample Rate

[Subtract 3]
Version=4.00
Precision=-1
Framesize=0
FramesizeIn0=0
RCFlagIn0=0
DTFlagIn0=0
SampFreqIn0=0.0
FramesizeIn1=0
RCFlagIn1=0
DTFlagIn1=0
SampFreqIn1=0.0
FramesizeOut0=0
RCFlagOut0=0
DTFlagOut0=0
SampFreqOut0=0.0
_OverflowHandling=303
_SmallFramesize=305
_FramesizeWarning=309

[Delay 4]
Version=2.01
Precision=-1
Framesize=0
FramesizeIn0=0
RCFlagIn0=0
DTFlagIn0=0
SampFreqIn0=0.0
FramesizeOut0=0
RCFlagOut0=0
DTFlagOut0=0
SampFreqOut0=0.0
_DelaySamples=1
NumLocalElements0=1000

[Add 4]
Version=4.00
Precision=-1
Framesize=0
FramesizeIn0=0
RCFlagIn0=0
DTFlagIn0=0
SampFreqIn0=0.0
FramesizeIn1=0
RCFlagIn1=0
DTFlagIn1=0
SampFreqIn1=0.0
FramesizeOut0=0
RCFlagOut0=0
DTFlagOut0=0
SampFreqOut0=0.0
_OverflowHandling=303
_SmallFramesize=306
_FramesizeWarning=309

[Add 2]
Version=4.00
Precision=-1
Framesize=0
FramesizeIn0=0
RCFlagIn0=0
DTFlagIn0=0
SampFreqIn0=0.0
FramesizeIn1=0
RCFlagIn1=0
DTFlagIn1=0
SampFreqIn1=0.0
FramesizeOut0=0
RCFlagOut0=0
DTFlagOut0=0
SampFreqOut0=0.0
_OverflowHandling=303
_SmallFramesize=306
_FramesizeWarning=309

[Delay 2]
Version=2.01
Precision=-1
Framesize=0
FramesizeIn0=0
RCFlagIn0=0
DTFlagIn0=0
SampFreqIn0=0.0
FramesizeOut0=0
RCFlagOut0=0
DTFlagOut0=0
SampFreqOut0=0.0
_DelaySamples=9
NumLocalElements0=1000

[Gain 1]
Version=4.00
Precision=-1
Framesize=0
FramesizeIn0=0
RCFlagIn0=0
DTFlagIn0=0
SampFreqIn0=0.0
FramesizeOut0=0
RCFlagOut0=0
DTFlagOut0=0
SampFreqOut0=0.0
_Gain=0.8

[Subtract 2]
Version=4.00
Precision=-1
Framesize=0
FramesizeIn0=0
RCFlagIn0=0
DTFlagIn0=0
SampFreqIn0=0.0
FramesizeIn1=0
RCFlagIn1=0
DTFlagIn1=0
SampFreqIn1=0.0
FramesizeOut0=0
RCFlagOut0=0
DTFlagOut0=0
SampFreqOut0=0.0
_OverflowHandling=303
_SmallFramesize=305
_FramesizeWarning=309

[Delay 3]
Version=2.01
Precision=-1
Framesize=0
FramesizeIn0=0
RCFlagIn0=0
DTFlagIn0=0
SampFreqIn0=0.0
FramesizeOut0=0
RCFlagOut0=0
DTFlagOut0=0
SampFreqOut0=0.0
_DelaySamples=9
NumLocalElements0=1000

[Gain 2]
Version=4.00
Precision=-1
Framesize=0
FramesizeIn0=0
RCFlagIn0=0
DTFlagIn0=0
SampFreqIn0=0.0
FramesizeOut0=0
RCFlagOut0=0
DTFlagOut0=0
SampFreqOut0=0.0
_Gain=0.8

[Hanning Window 1]
Version=4.00
Precision=-1
Framesize=0
FramesizeIn0=0
RCFlagIn0=0
DTFlagIn0=0
SampFreqIn0=0.0
FramesizeOut0=0
RCFlagOut0=0
DTFlagOut0=0
SampFreqOut0=0.0

[Hanning Window 2]
Version=4.00
Precision=-1
Framesize=0
FramesizeIn0=0
RCFlagIn0=0
DTFlagIn0=0
SampFreqIn0=0.0
FramesizeOut0=0
RCFlagOut0=0
DTFlagOut0=0
SampFreqOut0=0.0

[FFT 1]
Version=4.00
Precision=-1
Framesize=0
FramesizeIn0=0
RCFlagIn0=0
DTFlagIn0=0
SampFreqIn0=0.0
FramesizeOut0=0
RCFlagOut0=0
DTFlagOut0=0
SampFreqOut0=0.0
_FFTOrder=9
NumLocalElements0=0
NumLocalElements1=0

[Magnitude 1]
Version=4.00
Precision=-1
Framesize=0
FramesizeIn0=0
RCFlagIn0=0
DTFlagIn0=0
SampFreqIn0=0.0
FramesizeOut0=0
RCFlagOut0=0
DTFlagOut0=0
SampFreqOut0=0.0

[Single Channel Display 1]
Version=4.00
Precision=-1
Framesize=200
FramesizeIn0=0
RCFlagIn0=0
DTFlagIn0=0
SampFreqIn0=0.0
Columns=4
ShowIndices=1
HTicks=10
VTicks=10
DigitPrecision=4
DecimalPrecision=2
Shadow=0
fUseSec=0
wfDense=20
Theta=45.0
Title0=Default Graph Title 0
HLabel0=Samples
VLabel0=Amplitude
BackGroundColor0=0
GridColor0=6
WaveColor0=12
ScaleColor0=6
XAmp0.Min=0.0
XAmp0.Max=257.0
XAmp0.UserScale=1.0
XAmp0.StrLabelMin=
XAmp0.StrLabelMax=
XAmp0.PercMin=50.0
XAmp0.PercMax=50.0
XAmp0.PercDev=5.0
XAmp0.fAutoMin=0
XAmp0.fAutoMax=0
XAmp0.RoundOff=10.0
XAmp0.Precision=0
XAmp0.Scaling=0
XAmp0.LogBase=10.0
XAmp0.LogFactor=1.0
YAmp0.Min=0.0
YAmp0.Max=50.0
YAmp0.UserScale=1.0
YAmp0.StrLabelMin=
YAmp0.StrLabelMax=
YAmp0.PercMin=90.0
YAmp0.PercMax=90.0
YAmp0.PercDev=5.0
YAmp0.fAutoMin=0
YAmp0.fAutoMax=1
YAmp0.RoundOff=0.1
YAmp0.Precision=0
YAmp0.Scaling=0
YAmp0.LogBase=10.0
YAmp0.LogFactor=1.0
XAmpSec0.Min=-1000.0
XAmpSec0.Max=1000.0
XAmpSec0.PercMin=50.0
XAmpSec0.PercMax=50.0
XAmpSec0.PercDev=5.0
XAmpSec0.fAutoMin=1
XAmpSec0.fAutoMax=1
XAmpSec0.Precision=0
XAmpSec0.Scaling=0
XAmpSec0.LogBase=10.0
XAmpSec0.LogFactor=1.0
YAmpSec0.Min=-1000.0
YAmpSec0.Max=1000.0
YAmpSec0.PercMin=50.0
YAmpSec0.PercMax=50.0
YAmpSec0.PercDev=5.0
YAmpSec0.fAutoMin=1
YAmpSec0.fAutoMax=1
YAmpSec0.Precision=0
YAmpSec0.Scaling=0
YAmpSec0.LogBase=10.0
YAmpSec0.LogFactor=1.0
TracePause0=1
fOverWrite0=0
Mode0=0
DrawMode0=0
DisplayMode0=0
Shape0=6
ShapeColor0=9
ShowLabels0=0
fLineRemoval0=1
fMesh0=0
sfOverWrite=0
ShowLabels=0
AutoSize=1
FrameOffset=0

[FFT 2]
Version=4.00
Precision=-1
Framesize=0
FramesizeIn0=0
RCFlagIn0=0
DTFlagIn0=0
SampFreqIn0=0.0
FramesizeOut0=0
RCFlagOut0=0
DTFlagOut0=0
SampFreqOut0=0.0
_FFTOrder=9
NumLocalElements0=0
NumLocalElements1=0

[Magnitude 2]
Version=4.00
Precision=-1
Framesize=0
FramesizeIn0=0
RCFlagIn0=0
DTFlagIn0=0
SampFreqIn0=0.0
FramesizeOut0=0
RCFlagOut0=0
DTFlagOut0=0
SampFreqOut0=0.0

[Single Channel Display 2]
Version=4.00
Precision=-1
Framesize=200
FramesizeIn0=0
RCFlagIn0=0
DTFlagIn0=0
SampFreqIn0=0.0
Columns=4
ShowIndices=1
HTicks=10
VTicks=10
DigitPrecision=4
DecimalPrecision=2
Shadow=0
fUseSec=0
wfDense=20
Theta=45.0
Title0=Default Graph Title 0
HLabel0=Samples
VLabel0=Amplitude
BackGroundColor0=0
GridColor0=6
WaveColor0=12
ScaleColor0=6
XAmp0.Min=0.0
XAmp0.Max=257.0
XAmp0.UserScale=1.0
XAmp0.StrLabelMin=
XAmp0.StrLabelMax=
XAmp0.PercMin=50.0
XAmp0.PercMax=50.0
XAmp0.PercDev=5.0
XAmp0.fAutoMin=0
XAmp0.fAutoMax=0
XAmp0.RoundOff=10.0
XAmp0.Precision=0
XAmp0.Scaling=0
XAmp0.LogBase=10.0
XAmp0.LogFactor=1.0
YAmp0.Min=0.0
YAmp0.Max=50.0
YAmp0.UserScale=1.0
YAmp0.StrLabelMin=
YAmp0.StrLabelMax=
YAmp0.PercMin=90.0
YAmp0.PercMax=90.0
YAmp0.PercDev=5.0
YAmp0.fAutoMin=0
YAmp0.fAutoMax=1
YAmp0.RoundOff=0.1
YAmp0.Precision=0
YAmp0.Scaling=0
YAmp0.LogBase=10.0
YAmp0.LogFactor=1.0
XAmpSec0.Min=-1000.0
XAmpSec0.Max=1000.0
XAmpSec0.PercMin=50.0
XAmpSec0.PercMax=50.0
XAmpSec0.PercDev=5.0
XAmpSec0.fAutoMin=1
XAmpSec0.fAutoMax=1
XAmpSec0.Precision=0
XAmpSec0.Scaling=0
XAmpSec0.LogBase=10.0
XAmpSec0.LogFactor=1.0
YAmpSec0.Min=-1000.0
YAmpSec0.Max=1000.0
YAmpSec0.PercMin=50.0
YAmpSec0.PercMax=50.0
YAmpSec0.PercDev=5.0
YAmpSec0.fAutoMin=1
YAmpSec0.fAutoMax=1
YAmpSec0.Precision=0
YAmpSec0.Scaling=0
YAmpSec0.LogBase=10.0
YAmpSec0.LogFactor=1.0
TracePause0=1
fOverWrite0=0
Mode0=0
DrawMode0=0
DisplayMode0=0
Shape0=6
ShapeColor0=9
ShowLabels0=0
fLineRemoval0=1
fMesh0=0
sfOverWrite=0
ShowLabels=0
AutoSize=1
FrameOffset=0

[Single Channel Display 4]
Version=4.00
Precision=-1
Framesize=16
FramesizeIn0=0
RCFlagIn0=0
DTFlagIn0=0
SampFreqIn0=0.0
Columns=4
ShowIndices=1
HTicks=2
VTicks=1
DigitPrecision=4
DecimalPrecision=2
Shadow=0
fUseSec=0
wfDense=20
Theta=45.0
Title0=Default Graph Title 0
HLabel0=Samples
VLabel0=Amplitude
BackGroundColor0=3
GridColor0=6
WaveColor0=11
ScaleColor0=6
XAmp0.Min=0.0
XAmp0.Max=16.0
XAmp0.UserScale=1.0
XAmp0.StrLabelMin=
XAmp0.StrLabelMax=
XAmp0.PercMin=50.0
XAmp0.PercMax=50.0
XAmp0.PercDev=5.0
XAmp0.fAutoMin=0
XAmp0.fAutoMax=0
XAmp0.RoundOff=10.0
XAmp0.Precision=0
XAmp0.Scaling=0
XAmp0.LogBase=10.0
XAmp0.LogFactor=1.0
YAmp0.Min=-2.0
YAmp0.Max=2.0
YAmp0.UserScale=1.0
YAmp0.StrLabelMin=
YAmp0.StrLabelMax=
YAmp0.PercMin=90.0
YAmp0.PercMax=90.0
YAmp0.PercDev=5.0
YAmp0.fAutoMin=0
YAmp0.fAutoMax=0
YAmp0.RoundOff=0.1
YAmp0.Precision=0
YAmp0.Scaling=0
YAmp0.LogBase=10.0
YAmp0.LogFactor=1.0
XAmpSec0.Min=-1000.0
XAmpSec0.Max=1000.0
XAmpSec0.PercMin=50.0
XAmpSec0.PercMax=50.0
XAmpSec0.PercDev=5.0
XAmpSec0.fAutoMin=1
XAmpSec0.fAutoMax=1
XAmpSec0.Precision=0
XAmpSec0.Scaling=0
XAmpSec0.LogBase=10.0
XAmpSec0.LogFactor=1.0
YAmpSec0.Min=-1000.0
YAmpSec0.Max=1000.0
YAmpSec0.PercMin=50.0
YAmpSec0.PercMax=50.0
YAmpSec0.PercDev=5.0
YAmpSec0.fAutoMin=1
YAmpSec0.fAutoMax=1
YAmpSec0.Precision=0
YAmpSec0.Scaling=0
YAmpSec0.LogBase=10.0
YAmpSec0.LogFactor=1.0
TracePause0=1
fOverWrite0=0
Mode0=0
DrawMode0=0
DisplayMode0=0
Shape0=1
ShapeColor0=12
ShowLabels0=0
fLineRemoval0=1
fMesh0=0
sfOverWrite=0
ShowLabels=0
AutoSize=0
FrameOffset=0

[CD Knob 1]
Version=4.00
Precision=0
Framesize=1
FramesizeOut0=0
RCFlagOut0=0
DTFlagOut0=0
SampFreqOut0=0.0
_MinValue=2.0
_MaxValue=20.0
_Steps=100
_StartingAngle=225.0
_EndingAngle=315.0
_Units=302
_LabelPosition=1002
_DisplayLabel=1
Position=40
Color=255,255,0
Font=-9,0,0,0,400,0,0,0,0,1,2,1,34,Small Fonts

