[Block Diagram Listing]
Header=Hypersignal for Windows Block Diagram Application, Block Listing
Version=4.00
Block Count=14
Horizontal Scroll Position=0
Vertical Scroll Position=0
Manual Compile=0
Block Library1=Simulation Library
Block Name1=Sine Generator 1
DLL Name1=SINE.DLL
Block Type1=1
Block Class1=0
Layer1=-1
Position1=32,128,64,160
Input Count1=0
Output Count1=1
Parameter Count1=0
Block Library2=Simulation Library
Block Name2=Gaussian Generator 1
DLL Name2=GAUSS.DLL
Block Type2=2
Block Class2=0
Layer2=-1
Position2=32,288,64,320
Input Count2=0
Output Count2=1
Parameter Count2=0
Block Library3=Simulation Library
Block Name3=Add 1
DLL Name3=ADD.DLL
Block Type3=2
Block Class3=0
Layer3=-1
Position3=96,224,128,256
Input Count3=2
Output Count3=1
Parameter Count3=0
Block3,Input Channel 0=Sine Generator 1,Output Channel 0
Block3,Input Channel 1=Gaussian Generator 1,Output Channel 0
Block Library4=Simulation Library
Block Name4=Biquad 1
DLL Name4=BIQUAD.DLL
Block Type4=2
Block Class4=0
Layer4=-1
Position4=160,192,192,224
Input Count4=1
Output Count4=1
Parameter Count4=0
Block4,Input Channel 0=Add 1,Output Channel 0
Block Library5=Simulation Library
Block Name5=Biquad 2
DLL Name5=BIQUAD.DLL
Block Type5=2
Block Class5=0
Layer5=-1
Position5=224,192,256,224
Input Count5=1
Output Count5=1
Parameter Count5=0
Block5,Input Channel 0=Biquad 1,Output Channel 0
Block Library6=Simulation Library
Block Name6=Single Channel Display 1
DLL Name6=SCD.DLL
Block Label6=Original Signal
Block Label Color6=0,255,255
Block Label Font6=-13,0,0,0,700,0,0,0,0,1,2,1,34,MS Sans Serif
Block Type6=8
Block Class6=0
Layer6=-1
Position6=192,32,384,173
Input Count6=1
Output Count6=0
Parameter Count6=0
Block6,Input Channel 0=Add 1,Output Channel 0
Block Library7=Simulation Library
Block Name7=FFT 1
DLL Name7=FFT.DLL
Block Type7=2
Block Class7=0
Layer7=-1
Position7=384,192,416,224
Input Count7=1
Output Count7=1
Parameter Count7=0
Block7,Input Channel 0=Add 1,Output Channel 0
Block Library8=Simulation Library
Block Name8=Magnitude 1
DLL Name8=MAG.DLL
Block Type8=2
Block Class8=0
Layer8=-1
Position8=448,192,480,224
Input Count8=1
Output Count8=1
Parameter Count8=0
Block8,Input Channel 0=FFT 1,Output Channel 0
Block Library9=Simulation Library
Block Name9=Single Channel Display 2
DLL Name9=SCD.DLL
Block Label9=Freq. Domain for Original Signal
Block Label Color9=0,255,255
Block Label Font9=-13,0,0,0,700,0,0,0,0,1,2,1,34,MS Sans Serif
Block Type9=8
Block Class9=0
Layer9=-1
Position9=512,64,736,224
Input Count9=1
Output Count9=0
Parameter Count9=0
Block9,Input Channel 0=Magnitude 1,Output Channel 0
Block Library10=Simulation Library
Block Name10=Gain 1
DLL Name10=GAIN.DLL
Block Type10=2
Block Class10=0
Layer10=-1
Position10=288,192,320,224
Input Count10=1
Output Count10=1
Parameter Count10=0
Block10,Input Channel 0=Biquad 2,Output Channel 0
Block Library11=Simulation Library
Block Name11=Single Channel Display 3
DLL Name11=SCD.DLL
Block Label11=Filtered Signal
Block Label Color11=255,255,0
Block Label Font11=-13,0,0,0,700,0,0,0,0,1,2,1,34,MS Sans Serif
Block Type11=8
Block Class11=0
Layer11=-1
Position11=192,320,384,461
Input Count11=1
Output Count11=0
Parameter Count11=0
Block11,Input Channel 0=Gain 1,Output Channel 0
Block Library12=Simulation Library
Block Name12=FFT 2
DLL Name12=FFT.DLL
Block Type12=2
Block Class12=0
Layer12=-1
Position12=384,256,416,288
Input Count12=1
Output Count12=1
Parameter Count12=0
Block12,Input Channel 0=Gain 1,Output Channel 0
Block Library13=Simulation Library
Block Name13=Magnitude 2
DLL Name13=MAG.DLL
Block Type13=2
Block Class13=0
Layer13=-1
Position13=448,256,480,288
Input Count13=1
Output Count13=1
Parameter Count13=0
Block13,Input Channel 0=FFT 2,Output Channel 0
Block Library14=Simulation Library
Block Name14=Single Channel Display 4
DLL Name14=SCD.DLL
Block Label14=Freq. Domain for Filtered Signal
Block Label Color14=255,255,0
Block Label Font14=-13,0,0,0,700,0,0,0,0,1,2,1,34,MS Sans Serif
Block Type14=8
Block Class14=0
Layer14=-1
Position14=512,256,736,416
Input Count14=1
Output Count14=0
Parameter Count14=0
Block14,Input Channel 0=Magnitude 2,Output Channel 0

[Variables]
Num=2
Var1=Framesize
Value1=256
Var2=Sample Rate
Value2=8000.0

[Environment]
Undo Buffer Size=30

[Text Boxes]
Count=2
Text1=Simple Lowpass Filter Example|
Position1=442,35
ColorR1=255
ColorG1=255
ColorB1=255
Font1=-16,0,0,0,700,0,0,0,0,1,2,1,34,MS Sans Serif
Text2=The actual product version contains high-level Filter Design and implementation functions.
Position2=5,5
ColorR2=255
ColorG2=255
ColorB2=0
Font2=-11,0,0,0,700,0,0,0,0,1,2,1,34,MS Sans Serif

[Layers]
Current Layer=-1
Mode=1
Num=1

[Sine Generator 1]
Version=4.00
Precision=1
Framesize=256
FramesizeOut0=256
RCFlagOut0=0
DTFlagOut0=1
SampFreqOut0=8000.0
_Amplitude=1000.0
_Frequency=500.0
_PhaseOffset=0.0
_DCOffset=0.0
_ofFrames=0
_SampleRate=8000.0

[Gaussian Generator 1]
Version=4.00
Precision=1
Framesize=256
FramesizeOut0=256
RCFlagOut0=0
DTFlagOut0=1
SampFreqOut0=8000.0
_Amplitude=1000.0
_DCOffset=0.0
_ofFrames=0
_SampleRate=8000.0

[Add 1]
Version=4.00
Precision=-1
Framesize=256
FramesizeIn0=256
RCFlagIn0=0
DTFlagIn0=1
SampFreqIn0=8000.0
FramesizeIn1=256
RCFlagIn1=0
DTFlagIn1=1
SampFreqIn1=8000.0
FramesizeOut0=256
RCFlagOut0=0
DTFlagOut0=1
SampFreqOut0=8000.0
_OverflowHandling=303
_SmallFramesize=306
_FramesizeWarning=309

[Biquad 1]
Version=4.00
Precision=-1
Framesize=256
FramesizeIn0=256
RCFlagIn0=0
DTFlagIn0=1
SampFreqIn0=8000.0
FramesizeOut0=256
RCFlagOut0=0
DTFlagOut0=1
SampFreqOut0=8000.0
_b0=1.0
_b1=2.0
_b2=1.0
_a0=1.0
_a1=-1.4996000528
_a2=0.8399999738
NumLocalElements0=10

[Biquad 2]
Version=4.00
Precision=-1
Framesize=256
FramesizeIn0=256
RCFlagIn0=0
DTFlagIn0=1
SampFreqIn0=8000.0
FramesizeOut0=256
RCFlagOut0=0
DTFlagOut0=1
SampFreqOut0=8000.0
_b0=1.0
_b1=2.0
_b2=1.0
_a0=1.0
_a1=-1.5548000336
_a2=0.6492999792
NumLocalElements0=10

[Single Channel Display 1]
Version=4.00
Precision=-1
Framesize=100
FramesizeIn0=256
RCFlagIn0=0
DTFlagIn0=1
SampFreqIn0=8000.0
Columns=4
ShowIndices=0
HTicks=10
VTicks=10
DigitPrecision=4
DecimalPrecision=2
Shadow=0
fUseSec=0
wfDense=256
Theta=30.0
Title0=Default Graph Title 0
HLabel0=Samples
VLabel0=Amplitude
BackGroundColor0=0
GridColor0=6
WaveColor0=12
ScaleColor0=6
XAmp0.Min=0.0
XAmp0.Max=256.0
XAmp0.UserScale=1.0
XAmp0.StrLabelMin=
XAmp0.StrLabelMax=
XAmp0.PercMin=50.0
XAmp0.PercMax=50.0
XAmp0.PercDev=5.0
XAmp0.fAutoMin=0
XAmp0.fAutoMax=0
XAmp0.RoundOff=10.0
XAmp0.Precision=0
XAmp0.Scaling=0
XAmp0.LogBase=10.0
XAmp0.LogFactor=1.0
YAmp0.Min=-2553.0
YAmp0.Max=2553.0
YAmp0.UserScale=1.0
YAmp0.StrLabelMin=
YAmp0.StrLabelMax=
YAmp0.PercMin=50.0
YAmp0.PercMax=50.0
YAmp0.PercDev=5.0
YAmp0.fAutoMin=0
YAmp0.fAutoMax=0
YAmp0.RoundOff=10.0
YAmp0.Precision=0
YAmp0.Scaling=0
YAmp0.LogBase=10.0
YAmp0.LogFactor=1.0
XAmpSec0.Min=-1000.0
XAmpSec0.Max=1000.0
XAmpSec0.PercMin=50.0
XAmpSec0.PercMax=50.0
XAmpSec0.PercDev=5.0
XAmpSec0.fAutoMin=1
XAmpSec0.fAutoMax=1
XAmpSec0.Precision=0
XAmpSec0.Scaling=0
XAmpSec0.LogBase=10.0
XAmpSec0.LogFactor=1.0
YAmpSec0.Min=-1000.0
YAmpSec0.Max=1000.0
YAmpSec0.PercMin=50.0
YAmpSec0.PercMax=50.0
YAmpSec0.PercDev=5.0
YAmpSec0.fAutoMin=1
YAmpSec0.fAutoMax=1
YAmpSec0.Precision=0
YAmpSec0.Scaling=0
YAmpSec0.LogBase=10.0
YAmpSec0.LogFactor=1.0
TracePause0=1
fOverWrite0=0
Mode0=0
DrawMode0=0
DisplayMode0=5
Shape0=0
ShapeColor0=7
ShowLabels0=0
fLineRemoval0=1
fMesh0=0
sfOverWrite=0
ShowLabels=0
AutoSize=1
FrameOffset=0

[FFT 1]
Version=4.00
Precision=-1
Framesize=512
FramesizeIn0=256
RCFlagIn0=0
DTFlagIn0=1
SampFreqIn0=8000.0
FramesizeOut0=512
RCFlagOut0=1
DTFlagOut0=1
SampFreqOut0=8000.0
_FFTOrder=9
NumLocalElements0=0
NumLocalElements1=0

[Magnitude 1]
Version=4.00
Precision=-1
Framesize=257
FramesizeIn0=512
RCFlagIn0=1
DTFlagIn0=1
SampFreqIn0=8000.0
FramesizeOut0=257
RCFlagOut0=0
DTFlagOut0=1
SampFreqOut0=8000.0

[Single Channel Display 2]
Version=4.00
Precision=-1
Framesize=100
FramesizeIn0=257
RCFlagIn0=0
DTFlagIn0=1
SampFreqIn0=8000.0
Columns=4
ShowIndices=0
HTicks=10
VTicks=10
DigitPrecision=4
DecimalPrecision=2
Shadow=0
fUseSec=0
wfDense=256
Theta=30.0
Title0=Default Graph Title 0
HLabel0=Samples
VLabel0=Amplitude
BackGroundColor0=0
GridColor0=6
WaveColor0=10
ScaleColor0=6
XAmp0.Min=0.0
XAmp0.Max=257.0
XAmp0.UserScale=1.0
XAmp0.StrLabelMin=
XAmp0.StrLabelMax=
XAmp0.PercMin=50.0
XAmp0.PercMax=50.0
XAmp0.PercDev=5.0
XAmp0.fAutoMin=0
XAmp0.fAutoMax=0
XAmp0.RoundOff=10.0
XAmp0.Precision=0
XAmp0.Scaling=0
XAmp0.LogBase=10.0
XAmp0.LogFactor=1.0
YAmp0.Min=0.0
YAmp0.Max=85530.0
YAmp0.UserScale=1.0
YAmp0.StrLabelMin=
YAmp0.StrLabelMax=
YAmp0.PercMin=50.0
YAmp0.PercMax=50.0
YAmp0.PercDev=5.0
YAmp0.fAutoMin=0
YAmp0.fAutoMax=1
YAmp0.RoundOff=10.0
YAmp0.Precision=0
YAmp0.Scaling=0
YAmp0.LogBase=10.0
YAmp0.LogFactor=1.0
XAmpSec0.Min=-1000.0
XAmpSec0.Max=1000.0
XAmpSec0.PercMin=50.0
XAmpSec0.PercMax=50.0
XAmpSec0.PercDev=5.0
XAmpSec0.fAutoMin=1
XAmpSec0.fAutoMax=1
XAmpSec0.Precision=0
XAmpSec0.Scaling=0
XAmpSec0.LogBase=10.0
XAmpSec0.LogFactor=1.0
YAmpSec0.Min=-1000.0
YAmpSec0.Max=1000.0
YAmpSec0.PercMin=50.0
YAmpSec0.PercMax=50.0
YAmpSec0.PercDev=5.0
YAmpSec0.fAutoMin=1
YAmpSec0.fAutoMax=1
YAmpSec0.Precision=0
YAmpSec0.Scaling=0
YAmpSec0.LogBase=10.0
YAmpSec0.LogFactor=1.0
TracePause0=1
fOverWrite0=0
Mode0=0
DrawMode0=0
DisplayMode0=5
Shape0=0
ShapeColor0=7
ShowLabels0=0
fLineRemoval0=1
fMesh0=0
sfOverWrite=0
ShowLabels=0
AutoSize=1
FrameOffset=0

[Gain 1]
Version=4.00
Precision=-1
Framesize=256
FramesizeIn0=256
RCFlagIn0=0
DTFlagIn0=1
SampFreqIn0=8000.0
FramesizeOut0=256
RCFlagOut0=0
DTFlagOut0=1
SampFreqOut0=8000.0
_Gain=0.001836

[Single Channel Display 3]
Version=4.00
Precision=-1
Framesize=100
FramesizeIn0=256
RCFlagIn0=0
DTFlagIn0=1
SampFreqIn0=8000.0
Columns=4
ShowIndices=0
HTicks=10
VTicks=10
DigitPrecision=4
DecimalPrecision=2
Shadow=0
fUseSec=0
wfDense=256
Theta=30.0
Title0=Default Graph Title 0
HLabel0=Samples
VLabel0=Amplitude
BackGroundColor0=0
GridColor0=6
WaveColor0=2
ScaleColor0=6
XAmp0.Min=0.0
XAmp0.Max=256.0
XAmp0.UserScale=1.0
XAmp0.StrLabelMin=
XAmp0.StrLabelMax=
XAmp0.PercMin=50.0
XAmp0.PercMax=50.0
XAmp0.PercDev=5.0
XAmp0.fAutoMin=0
XAmp0.fAutoMax=0
XAmp0.RoundOff=10.0
XAmp0.Precision=0
XAmp0.Scaling=0
XAmp0.LogBase=10.0
XAmp0.LogFactor=1.0
YAmp0.Min=-2553.0
YAmp0.Max=2553.0
YAmp0.UserScale=1.0
YAmp0.StrLabelMin=
YAmp0.StrLabelMax=
YAmp0.PercMin=50.0
YAmp0.PercMax=50.0
YAmp0.PercDev=5.0
YAmp0.fAutoMin=0
YAmp0.fAutoMax=0
YAmp0.RoundOff=10.0
YAmp0.Precision=0
YAmp0.Scaling=0
YAmp0.LogBase=10.0
YAmp0.LogFactor=1.0
XAmpSec0.Min=-1000.0
XAmpSec0.Max=1000.0
XAmpSec0.PercMin=50.0
XAmpSec0.PercMax=50.0
XAmpSec0.PercDev=5.0
XAmpSec0.fAutoMin=1
XAmpSec0.fAutoMax=1
XAmpSec0.Precision=0
XAmpSec0.Scaling=0
XAmpSec0.LogBase=10.0
XAmpSec0.LogFactor=1.0
YAmpSec0.Min=-1000.0
YAmpSec0.Max=1000.0
YAmpSec0.PercMin=50.0
YAmpSec0.PercMax=50.0
YAmpSec0.PercDev=5.0
YAmpSec0.fAutoMin=1
YAmpSec0.fAutoMax=1
YAmpSec0.Precision=0
YAmpSec0.Scaling=0
YAmpSec0.LogBase=10.0
YAmpSec0.LogFactor=1.0
TracePause0=1
fOverWrite0=0
Mode0=0
DrawMode0=0
DisplayMode0=5
Shape0=0
ShapeColor0=7
ShowLabels0=0
fLineRemoval0=1
fMesh0=0
sfOverWrite=0
ShowLabels=0
AutoSize=1
FrameOffset=0

[FFT 2]
Version=4.00
Precision=-1
Framesize=512
FramesizeIn0=256
RCFlagIn0=0
DTFlagIn0=1
SampFreqIn0=8000.0
FramesizeOut0=512
RCFlagOut0=1
DTFlagOut0=1
SampFreqOut0=8000.0
_FFTOrder=9
NumLocalElements0=0
NumLocalElements1=0

[Magnitude 2]
Version=4.00
Precision=-1
Framesize=257
FramesizeIn0=512
RCFlagIn0=1
DTFlagIn0=1
SampFreqIn0=8000.0
FramesizeOut0=257
RCFlagOut0=0
DTFlagOut0=1
SampFreqOut0=8000.0

[Single Channel Display 4]
Version=4.00
Precision=-1
Framesize=100
FramesizeIn0=257
RCFlagIn0=0
DTFlagIn0=1
SampFreqIn0=8000.0
Columns=4
ShowIndices=0
HTicks=10
VTicks=10
DigitPrecision=4
DecimalPrecision=2
Shadow=0
fUseSec=0
wfDense=256
Theta=30.0
Title0=Default Graph Title 0
HLabel0=Samples
VLabel0=Amplitude
BackGroundColor0=0
GridColor0=6
WaveColor0=7
ScaleColor0=6
XAmp0.Min=0.0
XAmp0.Max=257.0
XAmp0.UserScale=1.0
XAmp0.StrLabelMin=
XAmp0.StrLabelMax=
XAmp0.PercMin=50.0
XAmp0.PercMax=50.0
XAmp0.PercDev=5.0
XAmp0.fAutoMin=0
XAmp0.fAutoMax=0
XAmp0.RoundOff=10.0
XAmp0.Precision=0
XAmp0.Scaling=0
XAmp0.LogBase=10.0
XAmp0.LogFactor=1.0
YAmp0.Min=0.0
YAmp0.Max=85530.0
YAmp0.UserScale=1.0
YAmp0.StrLabelMin=
YAmp0.StrLabelMax=
YAmp0.PercMin=50.0
YAmp0.PercMax=50.0
YAmp0.PercDev=5.0
YAmp0.fAutoMin=0
YAmp0.fAutoMax=1
YAmp0.RoundOff=10.0
YAmp0.Precision=0
YAmp0.Scaling=0
YAmp0.LogBase=10.0
YAmp0.LogFactor=1.0
XAmpSec0.Min=-1000.0
XAmpSec0.Max=1000.0
XAmpSec0.PercMin=50.0
XAmpSec0.PercMax=50.0
XAmpSec0.PercDev=5.0
XAmpSec0.fAutoMin=1
XAmpSec0.fAutoMax=1
XAmpSec0.Precision=0
XAmpSec0.Scaling=0
XAmpSec0.LogBase=10.0
XAmpSec0.LogFactor=1.0
YAmpSec0.Min=-1000.0
YAmpSec0.Max=1000.0
YAmpSec0.PercMin=50.0
YAmpSec0.PercMax=50.0
YAmpSec0.PercDev=5.0
YAmpSec0.fAutoMin=1
YAmpSec0.fAutoMax=1
YAmpSec0.Precision=0
YAmpSec0.Scaling=0
YAmpSec0.LogBase=10.0
YAmpSec0.LogFactor=1.0
TracePause0=1
fOverWrite0=0
Mode0=0
DrawMode0=0
DisplayMode0=5
Shape0=0
ShapeColor0=7
ShowLabels0=0
fLineRemoval0=1
fMesh0=0
sfOverWrite=0
ShowLabels=0
AutoSize=1
FrameOffset=0

