[Block Diagram Listing]
Header=Hypersignal for Windows Block Diagram Application, Block Listing
Version=4.00
Block Count=4
Horizontal Scroll Position=0
Vertical Scroll Position=0
Manual Compile=0
Block Library1=Simulation Library
Block Name1=Constant Generator 1
DLL Name1=CONST.DLL
Block Label1=Unit Step Generator
Block Label Font1=-11,0,0,0,700,0,0,0,0,1,2,1,34,MS Sans Serif
Block Type1=2
Block Class1=0
Layer1=-1
Position1=56,169,88,201
Input Count1=0
Output Count1=1
Parameter Count1=0
Block Library2=Simulation Library
Block Name2=Biquad 1
DLL Name2=BIQUAD.DLL
Block Label2=Biquad
Block Label Font2=-11,0,0,0,700,0,0,0,0,1,2,1,34,MS Sans Serif
Block Type2=2
Block Class2=0
Layer2=-1
Position2=152,169,184,201
Input Count2=1
Output Count2=1
Parameter Count2=0
Block2,Input Channel 0=Constant Generator 1,Output Channel 0
Block Library3=Simulation Library
Block Name3=Single Channel Display 1
DLL Name3=SCD.DLL
Block Label3=Unit Step Response|
Block Label Color3=255,255,0
Block Label Font3=-16,0,0,0,700,1,0,0,0,1,2,1,34,MS Sans Serif
Block Type3=8
Block Class3=0
Layer3=-1
Position3=312,73,728,233
Input Count3=1
Output Count3=0
Parameter Count3=0
Block3,Input Channel 0=Biquad 1,Output Channel 0
Block Library4=Simulation Library
Block Name4=Text Display 1
DLL Name4=TEXTDISP.DLL
Block Label4=Text Display for Unit Step Response
Block Label Color4=255,255,0
Block Label Font4=-16,0,0,0,700,1,0,0,0,1,2,1,34,MS Sans Serif
Block Type4=8
Block Class4=0
Layer4=-1
Position4=312,265,728,425
Input Count4=1
Output Count4=0
Parameter Count4=0
Block4,Input Channel 0=Biquad 1,Output Channel 0

[Variables]
Num=2
Var1=Framesize
Value1=256
Var2=Sample Rate
Value2=8000.0

[Environment]
Undo Buffer Size=30

[Text Boxes]
Count=3
Text1=Open Loop Filter Example using Biquad Function
Position1=180,10
ColorR1=0
ColorG1=255
ColorB1=255
Font1=-16,0,0,0,700,0,0,0,0,1,2,1,34,MS Sans Serif
Text2=Note: press the reset toolbar button while running to reset the unit step
Position2=146,40
ColorR2=255
ColorG2=0
ColorB2=0
Font2=-13,0,0,0,700,0,0,0,0,1,2,1,34,MS Sans Serif
Text3=Please note that this demo contains a limited block|function library -- contact Hyperception for information|on the complete production library function list.
Position3=16,372
ColorR3=255
ColorG3=255
ColorB3=0
Font3=-11,0,0,0,400,0,0,0,0,1,2,1,34,MS Sans Serif

[Layers]
Current Layer=-1
Mode=1
Num=1

[Constant Generator 1]
Version=4.00
Precision=1
Framesize=20
FramesizeOut0=20
RCFlagOut0=0
DTFlagOut0=1
SampFreqOut0=8000.0
_Amplitude=1.0
_ofFrames=0
_SampleRate=8000.0

[Biquad 1]
Version=4.00
Precision=-1
Framesize=20
FramesizeIn0=20
RCFlagIn0=0
DTFlagIn0=1
SampFreqIn0=8000.0
FramesizeOut0=20
RCFlagOut0=0
DTFlagOut0=1
SampFreqOut0=8000.0
_b0=0.0
_b1=0.3680000007
_b2=0.2639999986
_a0=1.0
_a1=-1.0
_a2=0.6320000291
NumLocalElements0=10

[Single Channel Display 1]
Version=4.00
Precision=-1
Framesize=100
FramesizeIn0=20
RCFlagIn0=0
DTFlagIn0=1
SampFreqIn0=8000.0
Columns=4
ShowIndices=0
HTicks=10
VTicks=10
DigitPrecision=4
DecimalPrecision=2
Shadow=0
fUseSec=0
wfDense=256
Theta=30.0
Title0=Default Graph Title 0
HLabel0=Samples
VLabel0=Amplitude
BackGroundColor0=0
GridColor0=6
WaveColor0=2
ScaleColor0=6
XAmp0.Min=0.0
XAmp0.Max=20.0
XAmp0.UserScale=1.0
XAmp0.StrLabelMin=
XAmp0.StrLabelMax=
XAmp0.PercMin=50.0
XAmp0.PercMax=50.0
XAmp0.PercDev=5.0
XAmp0.fAutoMin=0
XAmp0.fAutoMax=0
XAmp0.RoundOff=10.0
XAmp0.Precision=0
XAmp0.Scaling=0
XAmp0.LogBase=10.0
XAmp0.LogFactor=1.0
YAmp0.Min=0.0
YAmp0.Max=1.5
YAmp0.UserScale=1.0
YAmp0.StrLabelMin=
YAmp0.StrLabelMax=
YAmp0.PercMin=50.0
YAmp0.PercMax=50.0
YAmp0.PercDev=5.0
YAmp0.fAutoMin=0
YAmp0.fAutoMax=0
YAmp0.RoundOff=10.0
YAmp0.Precision=0
YAmp0.Scaling=0
YAmp0.LogBase=10.0
YAmp0.LogFactor=1.0
XAmpSec0.Min=-1000.0
XAmpSec0.Max=1000.0
XAmpSec0.PercMin=50.0
XAmpSec0.PercMax=50.0
XAmpSec0.PercDev=5.0
XAmpSec0.fAutoMin=1
XAmpSec0.fAutoMax=1
XAmpSec0.Precision=0
XAmpSec0.Scaling=0
XAmpSec0.LogBase=10.0
XAmpSec0.LogFactor=1.0
YAmpSec0.Min=-1000.0
YAmpSec0.Max=1000.0
YAmpSec0.PercMin=50.0
YAmpSec0.PercMax=50.0
YAmpSec0.PercDev=5.0
YAmpSec0.fAutoMin=1
YAmpSec0.fAutoMax=1
YAmpSec0.Precision=0
YAmpSec0.Scaling=0
YAmpSec0.LogBase=10.0
YAmpSec0.LogFactor=1.0
TracePause0=1
fOverWrite0=0
Mode0=0
DrawMode0=0
DisplayMode0=5
Shape0=0
ShapeColor0=7
ShowLabels0=0
fLineRemoval0=1
fMesh0=0
sfOverWrite=0
ShowLabels=0
AutoSize=1
FrameOffset=0

[Text Display 1]
Version=4.00
Precision=-1
Framesize=100
FramesizeIn0=20
RCFlagIn0=0
DTFlagIn0=1
SampFreqIn0=8000.0
BackGroundColor=0
WaveColor=7
ScaleColor=6
DisplayMode=0
HexPrefix=1
Columns=2
DigitPrecision=4
DecimalPrecision=2
ShowIndices=1
AutoSize=1
FrameOffset=0

