[Block Diagram Listing]
Header=Hypersignal for Windows Block Diagram Application, Block Listing
Version=4.00
Block Count=4
Horizontal Scroll Position=0
Vertical Scroll Position=0
Manual Compile=0
Block Library1=Simulation Library
Block Name1=Constant Generator 1
DLL Name1=CONST.DLL
Block Type1=2
Block Class1=0
Position1=96,224,128,256
Input Count1=0
Output Count1=1
Parameter Count1=0
Block Library2=Simulation Library
Block Name2=Delay 1
DLL Name2=DELAY.DLL
Block Type2=2
Block Class2=0
Position2=192,320,224,352
Input Count2=1
Output Count2=1
Parameter Count2=0
Block2,Input Channel 0=Constant Generator 1,Output Channel 0
Block Library3=Simulation Library
Block Name3=Subtract 1
DLL Name3=SUB.DLL
Block Type3=2
Block Class3=0
Position3=288,224,320,256
Input Count3=2
Output Count3=1
Parameter Count3=0
Block3,Input Channel 0=Constant Generator 1,Output Channel 0
Block3,Input Channel 1=Delay 1,Output Channel 0
Block Library4=Simulation Library
Block Name4=Single Channel Display 1
DLL Name4=SCD.DLL
Block Label4=Pulse Signal
Block Type4=8
Block Class4=0
Position4=352,96,736,384
Input Count4=1
Output Count4=0
Parameter Count4=0
Block4,Input Channel 0=Subtract 1,Output Channel 0

[Variables]
Num=0

[Environment]
Undo Buffer Size=30

[Text Boxes]
Count=2
Text1=Example of generating a single pulse using a delay
Position1=150,23
ColorR1=255
ColorG1=255
ColorB1=0
Font1=-19,0,0,0,700,255,0,0,0,3,2,1,34,Arial
Text2=Note: press reset while running to re-create pulse.
Position2=198,56
ColorR2=255
ColorG2=0
ColorB2=0
Font2=-16,0,0,0,700,255,0,0,0,3,2,1,34,Arial

[Constant Generator 1]
Version=4.00
Precision=1
Framesize=100
FramesizeOut0=100
RCFlagOut0=0
DTFlagOut0=1
SampFreqOut0=8000.0
_Amplitude=1.0
_ofFrames=0
_SampleRate=8000.0

[Delay 1]
Version=2.01
Precision=-1
Framesize=100
FramesizeIn0=100
RCFlagIn0=0
DTFlagIn0=1
SampFreqIn0=8000.0
FramesizeOut0=100
RCFlagOut0=0
DTFlagOut0=1
SampFreqOut0=8000.0
_DelaySamples=10
NumLocalElements0=200

[Subtract 1]
Version=4.00
Precision=-1
Framesize=100
FramesizeIn0=100
RCFlagIn0=0
DTFlagIn0=1
SampFreqIn0=8000.0
FramesizeIn1=100
RCFlagIn1=0
DTFlagIn1=1
SampFreqIn1=8000.0
FramesizeOut0=100
RCFlagOut0=0
DTFlagOut0=1
SampFreqOut0=8000.0
_OverflowHandling=301
_SmallFramesize=304
_FramesizeWarning=307

[Single Channel Display 1]
Version=4.00
Precision=-1
Framesize=100
FramesizeIn0=100
RCFlagIn0=0
DTFlagIn0=1
SampFreqIn0=8000.0
Columns=4
ShowIndices=0
HTicks=10
VTicks=10
DigitPrecision=4
DecimalPrecision=2
Shadow=0
fUseSec=0
wfDense=256
Theta=30.0
Title0=Pulse Output
HLabel0=Samples
VLabel0=Amplitude
BackGroundColor0=0
GridColor0=6
WaveColor0=2
ScaleColor0=6
XAmp0.Min=0.0
XAmp0.Max=100.0
XAmp0.UserScale=1.0
XAmp0.StrLabelMin=
XAmp0.StrLabelMax=
XAmp0.PercMin=50.0
XAmp0.PercMax=50.0
XAmp0.PercDev=5.0
XAmp0.fAutoMin=0
XAmp0.fAutoMax=0
XAmp0.RoundOff=10.0
XAmp0.Precision=0
XAmp0.Scaling=0
XAmp0.LogBase=10.0
XAmp0.LogFactor=1.0
YAmp0.Min=-1.5
YAmp0.Max=1.5
YAmp0.UserScale=1.0
YAmp0.StrLabelMin=
YAmp0.StrLabelMax=
YAmp0.PercMin=50.0
YAmp0.PercMax=50.0
YAmp0.PercDev=5.0
YAmp0.fAutoMin=0
YAmp0.fAutoMax=0
YAmp0.RoundOff=10.0
YAmp0.Precision=0
YAmp0.Scaling=0
YAmp0.LogBase=10.0
YAmp0.LogFactor=1.0
XAmpSec0.Min=-1000.0
XAmpSec0.Max=1000.0
XAmpSec0.PercMin=50.0
XAmpSec0.PercMax=50.0
XAmpSec0.PercDev=5.0
XAmpSec0.fAutoMin=1
XAmpSec0.fAutoMax=1
XAmpSec0.Precision=0
XAmpSec0.Scaling=0
XAmpSec0.LogBase=10.0
XAmpSec0.LogFactor=1.0
YAmpSec0.Min=-1000.0
YAmpSec0.Max=1000.0
YAmpSec0.PercMin=50.0
YAmpSec0.PercMax=50.0
YAmpSec0.PercDev=5.0
YAmpSec0.fAutoMin=1
YAmpSec0.fAutoMax=1
YAmpSec0.Precision=0
YAmpSec0.Scaling=0
YAmpSec0.LogBase=10.0
YAmpSec0.LogFactor=1.0
TracePause0=1
fOverWrite0=0
Mode0=0
DrawMode0=0
DisplayMode0=5
Shape0=0
ShapeColor0=7
ShowLabels0=1
fLineRemoval0=1
fMesh0=0
sfOverWrite=0
ShowLabels=1
AutoSize=1
FrameOffset=0
