[Block Diagram Listing]
Header=Hypersignal for Windows Block Diagram Application, Block Listing
Version=4.00
Block Count=35
Horizontal Scroll Position=0
Vertical Scroll Position=0
Manual Compile=0
Block Library1=Simulation Library
Block Name1=Cosine Generator 1
DLL Name1=COSINE.DLL
Block Type1=2
Block Class1=0
Layer1=-1
Position1=64,288,96,320
Input Count1=0
Output Count1=1
Parameter Count1=0
Block Library2=Simulation Library
Block Name2=Impulsive Noise Generator 1
DLL Name2=IMPNSE.DLL
Block Type2=2
Block Class2=0
Layer2=-1
Position2=128,608,160,640
Input Count2=0
Output Count2=1
Parameter Count2=0
Block Library3=Simulation Library
Block Name3=Impulsive Noise Generator 2
DLL Name3=IMPNSE.DLL
Block Type3=2
Block Class3=0
Layer3=-1
Position3=96,704,128,736
Input Count3=0
Output Count3=1
Parameter Count3=0
Block Library4=Simulation Library
Block Name4=Cosine Generator 2
DLL Name4=COSINE.DLL
Block Type4=2
Block Class4=0
Layer4=-1
Position4=416,256,448,288
Input Count4=0
Output Count4=1
Parameter Count4=0
Block Library5=Simulation Library
Block Name5=Multiply 1
DLL Name5=MULT.DLL
Block Type5=2
Block Class5=0
Layer5=-1
Position5=480,192,512,224
Input Count5=2
Output Count5=1
Parameter Count5=0
Block5,Input Channel 0=Add 19,Output Channel 0
Block5,Input Channel 1=Cosine Generator 2,Output Channel 0
Block Library6=Simulation Library
Block Name6=Delay 1
DLL Name6=DELAY.DLL
Block Type6=2
Block Class6=0
Layer6=-1
Position6=544,192,576,224
Input Count6=1
Output Count6=1
Parameter Count6=0
Block6,Input Channel 0=Multiply 1,Output Channel 0
Block Library7=Simulation Library
Block Name7=Delay 2
DLL Name7=DELAY.DLL
Block Type7=2
Block Class7=0
Layer7=-1
Position7=608,192,640,224
Input Count7=1
Output Count7=1
Parameter Count7=0
Block7,Input Channel 0=Delay 1,Output Channel 0
Block Library8=Simulation Library
Block Name8=Delay 3
DLL Name8=DELAY.DLL
Block Type8=2
Block Class8=0
Layer8=-1
Position8=672,192,704,224
Input Count8=1
Output Count8=1
Parameter Count8=0
Block8,Input Channel 0=Delay 2,Output Channel 0
Block Library9=Simulation Library
Block Name9=Delay 4
DLL Name9=DELAY.DLL
Block Type9=2
Block Class9=0
Layer9=-1
Position9=736,192,768,224
Input Count9=1
Output Count9=1
Parameter Count9=0
Block9,Input Channel 0=Delay 3,Output Channel 0
Block Library10=Simulation Library
Block Name10=Five Input Add 1
DLL Name10=FIVEADD.DLL
Block Type10=2
Block Class10=0
Layer10=-1
Position10=800,192,832,352
Input Count10=5
Output Count10=1
Parameter Count10=0
Block10,Input Channel 0=Delay 4,Output Channel 0
Block10,Input Channel 1=Delay 3,Output Channel 0
Block10,Input Channel 2=Delay 2,Output Channel 0
Block10,Input Channel 3=Delay 1,Output Channel 0
Block10,Input Channel 4=Multiply 1,Output Channel 0
Block Library11=Simulation Library
Block Name11=Constant Generator 1
DLL Name11=CONST.DLL
Block Type11=2
Block Class11=0
Layer11=-1
Position11=608,672,640,704
Input Count11=0
Output Count11=1
Parameter Count11=1
Block11,Parameter Line 0=Sets Amplitude,,,0,0,0,0,700,1,0,0,0,1,2,1,34,MS Sans Serif
Block11,Parameter Input 0=Add 18,Output Channel 0,HDT_DOUBLE,201
Block Library12=Simulation Library
Block Name12=Buffer 3
DLL Name12=BUFFER.DLL
Block Label12=Buffer 4
Block Type12=2
Block Class12=0
Layer12=-1
Position12=864,672,896,704
Input Count12=1
Output Count12=1
Parameter Count12=0
Block12,Input Channel 0=Constant Generator 1,Output Channel 0
Block Library13=Simulation Library
Block Name13=Single Channel Display 7
DLL Name13=SCD.DLL
Block Label13=Source Signal (4 values)
Block Label Color13=255,255,0
Block Label Font13=-17,0,0,0,700,0,0,0,0,1,2,1,34,MS Sans Serif
Block Type13=8
Block Class13=0
Layer13=-1
Position13=928,544,1216,672
Input Count13=1
Output Count13=0
Parameter Count13=0
Block13,Input Channel 0=Buffer 3,Output Channel 0
Block Library14=Simulation Library
Block Name14=Sine Generator 2
DLL Name14=SINE.DLL
Block Type14=1
Block Class14=0
Layer14=-1
Position14=416,384,448,416
Input Count14=0
Output Count14=1
Parameter Count14=0
Block Library15=Simulation Library
Block Name15=Sine Generator 3
DLL Name15=SINE.DLL
Block Label15=Sine Generator 1
Block Type15=1
Block Class15=0
Layer15=-1
Position15=64,480,96,512
Input Count15=0
Output Count15=1
Parameter Count15=0
Block Library16=Simulation Library
Block Name16=Multiply 2
DLL Name16=MULT.DLL
Block Type16=2
Block Class16=0
Layer16=-1
Position16=480,448,512,480
Input Count16=2
Output Count16=1
Parameter Count16=0
Block16,Input Channel 0=Sine Generator 2,Output Channel 0
Block16,Input Channel 1=Add 19,Output Channel 0
Block Library17=Simulation Library
Block Name17=Delay 15
DLL Name17=DELAY.DLL
Block Label17=Delay 5
Block Type17=2
Block Class17=0
Layer17=-1
Position17=544,448,576,480
Input Count17=1
Output Count17=1
Parameter Count17=0
Block17,Input Channel 0=Multiply 2,Output Channel 0
Block Library18=Simulation Library
Block Name18=Delay 16
DLL Name18=DELAY.DLL
Block Label18=Delay 6
Block Type18=2
Block Class18=0
Layer18=-1
Position18=608,448,640,480
Input Count18=1
Output Count18=1
Parameter Count18=0
Block18,Input Channel 0=Delay 15,Output Channel 0
Block Library19=Simulation Library
Block Name19=Delay 17
DLL Name19=DELAY.DLL
Block Label19=Delay 7
Block Type19=2
Block Class19=0
Layer19=-1
Position19=672,448,704,480
Input Count19=1
Output Count19=1
Parameter Count19=0
Block19,Input Channel 0=Delay 16,Output Channel 0
Block Library20=Simulation Library
Block Name20=Delay 18
DLL Name20=DELAY.DLL
Block Label20=Delay 8
Block Type20=2
Block Class20=0
Layer20=-1
Position20=736,448,768,480
Input Count20=1
Output Count20=1
Parameter Count20=0
Block20,Input Channel 0=Delay 17,Output Channel 0
Block Library21=Simulation Library
Block Name21=Five Input Add 4
DLL Name21=FIVEADD.DLL
Block Label21=Five Input Add 2
Block Type21=2
Block Class21=0
Layer21=-1
Position21=800,448,832,608
Input Count21=5
Output Count21=1
Parameter Count21=0
Block21,Input Channel 0=Delay 18,Output Channel 0
Block21,Input Channel 1=Delay 17,Output Channel 0
Block21,Input Channel 2=Delay 16,Output Channel 0
Block21,Input Channel 3=Delay 15,Output Channel 0
Block21,Input Channel 4=Multiply 2,Output Channel 0
Block Library22=Simulation Library
Block Name22=Gain 27
DLL Name22=GAIN.DLL
Block Label22=Gain=2.0
Block Type22=2
Block Class22=0
Layer22=-1
Position22=224,832,256,864
Input Count22=1
Output Count22=1
Parameter Count22=0
Block22,Input Channel 0=Impulsive Noise Generator 2,Output Channel 0
Block Library23=Simulation Library
Block Name23=Add 18
DLL Name23=ADD.DLL
Block Label23=Add 2
Block Type23=2
Block Class23=0
Layer23=-1
Position23=352,768,384,800
Input Count23=2
Output Count23=1
Parameter Count23=0
Block23,Input Channel 0=Impulsive Noise Generator 1,Output Channel 0
Block23,Input Channel 1=Gain 27,Output Channel 0
Block Library24=Simulation Library
Block Name24=Buffer 4
DLL Name24=BUFFER.DLL
Block Label24=Buffer 1
Block Type24=2
Block Class24=0
Layer24=-1
Position24=864,256,896,288
Input Count24=1
Output Count24=1
Parameter Count24=0
Block24,Input Channel 0=Five Input Add 1,Output Channel 0
Block Library25=Simulation Library
Block Name25=Buffer 5
DLL Name25=BUFFER.DLL
Block Label25=Buffer 2
Block Type25=2
Block Class25=0
Layer25=-1
Position25=864,512,896,544
Input Count25=1
Output Count25=1
Parameter Count25=0
Block25,Input Channel 0=Five Input Add 4,Output Channel 0
Block Library26=Simulation Library
Block Name26=Single Channel Display 2
DLL Name26=SCD.DLL
Block Label26=Inphase
Block Label Color26=255,255,0
Block Label Font26=-17,0,0,0,700,0,0,0,0,1,2,1,34,MS Sans Serif
Block Type26=8
Block Class26=0
Layer26=-1
Position26=928,192,1216,256
Input Count26=1
Output Count26=0
Parameter Count26=0
Block26,Input Channel 0=Buffer 4,Output Channel 0
Block Library27=Simulation Library
Block Name27=Single Channel Display 5
DLL Name27=SCD.DLL
Block Label27=Quadrature
Block Label Color27=255,255,0
Block Label Font27=-17,0,0,0,700,0,0,0,0,1,2,1,34,MS Sans Serif
Block Type27=8
Block Class27=0
Layer27=-1
Position27=928,416,1216,480
Input Count27=1
Output Count27=0
Parameter Count27=0
Block27,Input Channel 0=Buffer 5,Output Channel 0
Block Library28=Simulation Library
Block Name28=Gain 28
DLL Name28=GAIN.DLL
Block Label28=Gain=2.0
Block Type28=2
Block Class28=0
Layer28=-1
Position28=1024,352,1056,384
Input Count28=1
Output Count28=1
Parameter Count28=0
Block28,Input Channel 0=Buffer 5,Output Channel 0
Block Library29=Simulation Library
Block Name29=Gain 30
DLL Name29=GAIN.DLL
Block Label29=Gain 2
Block Type29=2
Block Class29=0
Layer29=-1
Position29=256,480,288,512
Input Count29=1
Output Count29=1
Parameter Count29=1
Block29,Input Channel 0=Sine Generator 3,Output Channel 0
Block29,Parameter Line 0=Sets Gain,,,0,0,0,0,700,1,0,0,0,1,2,1,34,MS Sans Serif
Block29,Parameter Input 0=Impulsive Noise Generator 2,Output Channel 0,HDT_DOUBLE,201
Block Library30=Simulation Library
Block Name30=Gain 31
DLL Name30=GAIN.DLL
Block Label30=Gain 1
Block Type30=2
Block Class30=0
Layer30=-1
Position30=192,288,224,320
Input Count30=1
Output Count30=1
Parameter Count30=1
Block30,Input Channel 0=Cosine Generator 1,Output Channel 0
Block30,Parameter Line 0=Sets Gain,,,0,0,0,0,700,1,0,0,0,1,2,1,34,MS Sans Serif
Block30,Parameter Input 0=Impulsive Noise Generator 1,Output Channel 0,HDT_DOUBLE,201
Block Library31=Simulation Library
Block Name31=Add 19
DLL Name31=ADD.DLL
Block Label31=Add 1
Block Type31=2
Block Class31=0
Layer31=-1
Position31=320,352,352,384
Input Count31=2
Output Count31=1
Parameter Count31=0
Block31,Input Channel 0=Gain 31,Output Channel 0
Block31,Input Channel 1=Gain 30,Output Channel 0
Block Library32=Simulation Library
Block Name32=Buffer 1
DLL Name32=BUFFER.DLL
Block Label32=Buffer 3
Block Type32=2
Block Class32=0
Layer32=-1
Position32=480,64,512,96
Input Count32=1
Output Count32=1
Parameter Count32=0
Block32,Input Channel 0=Add 19,Output Channel 0
Block Library33=Simulation Library
Block Name33=Single Channel Display 1
DLL Name33=SCD.DLL
Block Label33=QPSK Modulation Signal
Block Label Color33=255,255,0
Block Label Font33=-17,0,0,0,700,0,0,0,0,1,2,1,34,MS Sans Serif
Block Type33=8
Block Class33=0
Layer33=-1
Position33=624,48,1200,144
Input Count33=1
Output Count33=0
Parameter Count33=0
Block33,Input Channel 0=Buffer 1,Output Channel 0
Block Library34=Simulation Library
Block Name34=Add 20
DLL Name34=ADD.DLL
Block Label34=Add 3
Block Type34=2
Block Class34=0
Layer34=-1
Position34=1184,320,1216,352
Input Count34=2
Output Count34=1
Parameter Count34=0
Block34,Input Channel 0=Buffer 4,Output Channel 0
Block34,Input Channel 1=Gain 28,Output Channel 0
Block Library35=Simulation Library
Block Name35=Single Channel Display 6
DLL Name35=SCD.DLL
Block Label35=Demodulated Signal
Block Label Color35=255,255,0
Block Label Font35=-17,0,0,0,700,0,0,0,0,1,2,1,34,MS Sans Serif
Block Type35=8
Block Class35=0
Layer35=-1
Position35=928,704,1216,832
Input Count35=1
Output Count35=0
Parameter Count35=0
Block35,Input Channel 0=Add 20,Output Channel 0

[Variables]
Num=3
Var1=Framesize
Value1=64
Var2=pi
Value2=3.1415926
Var3=Sample Rate
Value3=8000.0

[Environment]
Undo Buffer Size=30

[Text Boxes]
Count=6
Text1=1/-1
Position1=285,698
ColorR1=64
ColorG1=0
ColorB1=64
Font1=-11,0,0,0,400,0,0,0,0,1,2,1,34,MS Sans Serif
Text2=QPSK Modulation/Demodulation
Position2=181,7
ColorR2=0
ColorG2=255
ColorB2=0
Font2=-31,0,0,0,700,0,0,0,0,3,2,1,34,Arial
Text3=Modulation
Position3=149,190
ColorR3=0
ColorG3=255
ColorB3=255
Font3=-23,0,0,0,700,0,0,0,0,1,2,1,34,MS Sans Serif
Text4=Demodulation
Position4=560,386
ColorR4=0
ColorG4=255
ColorB4=255
Font4=-23,0,0,0,700,0,0,0,0,1,2,1,34,MS Sans Serif
Text5=1/-1
Position5=155,562
ColorR5=0
ColorG5=255
ColorB5=255
Font5=-17,0,0,0,700,0,0,0,0,1,2,1,34,MS Sans Serif
Text6=Please note that this demo contains a limited block|function library -- contact Hyperception for information|on the complete production library function list.
Position6=12,89
ColorR6=255
ColorG6=255
ColorB6=0
Font6=-11,0,0,0,400,0,0,0,0,1,2,1,34,MS Sans Serif

[Layers]
Current Layer=-1
Mode=1
Num=1

[Cosine Generator 1]
Version=4.00
Precision=1
Framesize=Framesize
FramesizeOut0=64
RCFlagOut0=0
DTFlagOut0=1
SampFreqOut0=8000.0
_Amplitude=1.0
_Frequency=800.0
_PhaseOffset=0.0
_DCOffset=0.0
_ofFrames=0
_SampleRate=Sample Rate

[Impulsive Noise Generator 1]
Version=4.00
Precision=0
Framesize=1
FramesizeOut0=1
RCFlagOut0=0
DTFlagOut0=0
SampFreqOut0=8000.0
_Amplitude=2.0
_SampleRate=Sample Rate
_Probability=50
_DCOffset=-1.0
_ofFrames=0

[Impulsive Noise Generator 2]
Version=4.00
Precision=0
Framesize=1
FramesizeOut0=1
RCFlagOut0=0
DTFlagOut0=0
SampFreqOut0=8000.0
_Amplitude=2.0
_SampleRate=Sample Rate
_Probability=50
_DCOffset=-1.0
_ofFrames=0

[Cosine Generator 2]
Version=4.00
Precision=1
Framesize=Framesize
FramesizeOut0=64
RCFlagOut0=0
DTFlagOut0=1
SampFreqOut0=8000.0
_Amplitude=1.0
_Frequency=800.0
_PhaseOffset=0.0
_DCOffset=0.0
_ofFrames=0
_SampleRate=Sample Rate

[Multiply 1]
Version=4.00
Precision=-1
Framesize=64
FramesizeIn0=64
RCFlagIn0=0
DTFlagIn0=1
SampFreqIn0=8000.0
FramesizeIn1=64
RCFlagIn1=0
DTFlagIn1=1
SampFreqIn1=8000.0
FramesizeOut0=64
RCFlagOut0=0
DTFlagOut0=1
SampFreqOut0=8000.0
_SmallFramesize=302
_FramesizeWarning=305

[Delay 1]
Version=2.01
Precision=-1
Framesize=64
FramesizeIn0=64
RCFlagIn0=0
DTFlagIn0=1
SampFreqIn0=8000.0
FramesizeOut0=64
RCFlagOut0=0
DTFlagOut0=1
SampFreqOut0=8000.0
_DelaySamples=1
NumLocalElements0=128

[Delay 2]
Version=2.01
Precision=-1
Framesize=64
FramesizeIn0=64
RCFlagIn0=0
DTFlagIn0=1
SampFreqIn0=8000.0
FramesizeOut0=64
RCFlagOut0=0
DTFlagOut0=1
SampFreqOut0=8000.0
_DelaySamples=1
NumLocalElements0=128

[Delay 3]
Version=2.01
Precision=-1
Framesize=64
FramesizeIn0=64
RCFlagIn0=0
DTFlagIn0=1
SampFreqIn0=8000.0
FramesizeOut0=64
RCFlagOut0=0
DTFlagOut0=1
SampFreqOut0=8000.0
_DelaySamples=1
NumLocalElements0=128

[Delay 4]
Version=2.01
Precision=-1
Framesize=64
FramesizeIn0=64
RCFlagIn0=0
DTFlagIn0=1
SampFreqIn0=8000.0
FramesizeOut0=64
RCFlagOut0=0
DTFlagOut0=1
SampFreqOut0=8000.0
_DelaySamples=1
NumLocalElements0=128

[Five Input Add 1]
Version=
Precision=-1
Framesize=64
FramesizeIn0=64
RCFlagIn0=0
DTFlagIn0=1
SampFreqIn0=8000.0
FramesizeIn1=64
RCFlagIn1=0
DTFlagIn1=1
SampFreqIn1=8000.0
FramesizeIn2=64
RCFlagIn2=0
DTFlagIn2=1
SampFreqIn2=8000.0
FramesizeIn3=64
RCFlagIn3=0
DTFlagIn3=1
SampFreqIn3=8000.0
FramesizeIn4=64
RCFlagIn4=0
DTFlagIn4=1
SampFreqIn4=8000.0
FramesizeOut0=64
RCFlagOut0=0
DTFlagOut0=1
SampFreqOut0=8000.0

[Constant Generator 1]
Version=4.00
Precision=0
Framesize=Framesize
FramesizeOut0=64
RCFlagOut0=0
DTFlagOut0=0
SampFreqOut0=8000.0
_Amplitude=3.0
_ofFrames=0
_SampleRate=Sample Rate

[Buffer 3]
Version=2.01
Precision=-1
Framesize=64
FramesizeIn0=64
RCFlagIn0=0
DTFlagIn0=0
SampFreqIn0=8000.0
FramesizeOut0=512
RCFlagOut0=0
DTFlagOut0=0
SampFreqOut0=8000.0
_BufferSize=Framesize*8
NumLocalElements0=1000

[Single Channel Display 7]
Version=4.00
Precision=-1
Framesize=64
FramesizeIn0=512
RCFlagIn0=0
DTFlagIn0=0
SampFreqIn0=8000.0
Columns=4
ShowIndices=0
HTicks=2
VTicks=8
DigitPrecision=4
DecimalPrecision=2
Shadow=0
fUseSec=0
wfDense=256
Theta=30.0
Title0=Simple FSK Output Signal
HLabel0=Samples
VLabel0=Amplitude
BackGroundColor0=3
GridColor0=6
WaveColor0=2
ScaleColor0=6
XAmp0.Min=0.0
XAmp0.Max=512.0
XAmp0.UserScale=1.0
XAmp0.StrLabelMin=
XAmp0.StrLabelMax=
XAmp0.PercMin=50.0
XAmp0.PercMax=50.0
XAmp0.PercDev=5.0
XAmp0.fAutoMin=0
XAmp0.fAutoMax=0
XAmp0.RoundOff=10.0
XAmp0.Precision=0
XAmp0.Scaling=0
XAmp0.LogBase=10.0
XAmp0.LogFactor=1.0
YAmp0.Min=-5.0
YAmp0.Max=5.0
YAmp0.UserScale=1.0
YAmp0.StrLabelMin=
YAmp0.StrLabelMax=
YAmp0.PercMin=80.0
YAmp0.PercMax=80.0
YAmp0.PercDev=1.0
YAmp0.fAutoMin=0
YAmp0.fAutoMax=0
YAmp0.RoundOff=1.0
YAmp0.Precision=0
YAmp0.Scaling=0
YAmp0.LogBase=10.0
YAmp0.LogFactor=1.0
XAmpSec0.Min=-1000.0
XAmpSec0.Max=1000.0
XAmpSec0.PercMin=50.0
XAmpSec0.PercMax=50.0
XAmpSec0.PercDev=5.0
XAmpSec0.fAutoMin=1
XAmpSec0.fAutoMax=1
XAmpSec0.Precision=0
XAmpSec0.Scaling=0
XAmpSec0.LogBase=10.0
XAmpSec0.LogFactor=1.0
YAmpSec0.Min=-1000.0
YAmpSec0.Max=1000.0
YAmpSec0.PercMin=50.0
YAmpSec0.PercMax=50.0
YAmpSec0.PercDev=5.0
YAmpSec0.fAutoMin=1
YAmpSec0.fAutoMax=1
YAmpSec0.Precision=0
YAmpSec0.Scaling=0
YAmpSec0.LogBase=10.0
YAmpSec0.LogFactor=1.0
TracePause0=1
fOverWrite0=0
Mode0=0
DrawMode0=0
DisplayMode0=5
Shape0=0
ShapeColor0=0
ShowLabels0=0
fLineRemoval0=1
fMesh0=0
sfOverWrite=0
ShowLabels=0
AutoSize=1
FrameOffset=0

[Sine Generator 2]
Version=4.00
Precision=1
Framesize=Framesize
FramesizeOut0=64
RCFlagOut0=0
DTFlagOut0=1
SampFreqOut0=8000.0
_Amplitude=1.0
_Frequency=800.0
_PhaseOffset=0.0
_DCOffset=0.0
_ofFrames=0
_SampleRate=Sample Rate

[Sine Generator 3]
Version=4.00
Precision=1
Framesize=Framesize
FramesizeOut0=64
RCFlagOut0=0
DTFlagOut0=1
SampFreqOut0=8000.0
_Amplitude=1.0
_Frequency=800.0
_PhaseOffset=0.0
_DCOffset=0.0
_ofFrames=0
_SampleRate=Sample Rate

[Multiply 2]
Version=4.00
Precision=-1
Framesize=64
FramesizeIn0=64
RCFlagIn0=0
DTFlagIn0=1
SampFreqIn0=8000.0
FramesizeIn1=64
RCFlagIn1=0
DTFlagIn1=1
SampFreqIn1=8000.0
FramesizeOut0=64
RCFlagOut0=0
DTFlagOut0=1
SampFreqOut0=8000.0
_SmallFramesize=302
_FramesizeWarning=305

[Delay 15]
Version=2.01
Precision=-1
Framesize=64
FramesizeIn0=64
RCFlagIn0=0
DTFlagIn0=1
SampFreqIn0=8000.0
FramesizeOut0=64
RCFlagOut0=0
DTFlagOut0=1
SampFreqOut0=8000.0
_DelaySamples=1
NumLocalElements0=128

[Delay 16]
Version=2.01
Precision=-1
Framesize=64
FramesizeIn0=64
RCFlagIn0=0
DTFlagIn0=1
SampFreqIn0=8000.0
FramesizeOut0=64
RCFlagOut0=0
DTFlagOut0=1
SampFreqOut0=8000.0
_DelaySamples=1
NumLocalElements0=128

[Delay 17]
Version=2.01
Precision=-1
Framesize=64
FramesizeIn0=64
RCFlagIn0=0
DTFlagIn0=1
SampFreqIn0=8000.0
FramesizeOut0=64
RCFlagOut0=0
DTFlagOut0=1
SampFreqOut0=8000.0
_DelaySamples=1
NumLocalElements0=128

[Delay 18]
Version=2.01
Precision=-1
Framesize=64
FramesizeIn0=64
RCFlagIn0=0
DTFlagIn0=1
SampFreqIn0=8000.0
FramesizeOut0=64
RCFlagOut0=0
DTFlagOut0=1
SampFreqOut0=8000.0
_DelaySamples=1
NumLocalElements0=128

[Five Input Add 4]
Version=
Precision=-1
Framesize=64
FramesizeIn0=64
RCFlagIn0=0
DTFlagIn0=1
SampFreqIn0=8000.0
FramesizeIn1=64
RCFlagIn1=0
DTFlagIn1=1
SampFreqIn1=8000.0
FramesizeIn2=64
RCFlagIn2=0
DTFlagIn2=1
SampFreqIn2=8000.0
FramesizeIn3=64
RCFlagIn3=0
DTFlagIn3=1
SampFreqIn3=8000.0
FramesizeIn4=64
RCFlagIn4=0
DTFlagIn4=1
SampFreqIn4=8000.0
FramesizeOut0=64
RCFlagOut0=0
DTFlagOut0=1
SampFreqOut0=8000.0

[Gain 27]
Version=4.00
Precision=1
Framesize=1
FramesizeIn0=1
RCFlagIn0=0
DTFlagIn0=0
SampFreqIn0=8000.0
FramesizeOut0=1
RCFlagOut0=0
DTFlagOut0=1
SampFreqOut0=8000.0
_Gain=2.0

[Add 18]
Version=4.00
Precision=1
Framesize=1
FramesizeIn0=1
RCFlagIn0=0
DTFlagIn0=0
SampFreqIn0=8000.0
FramesizeIn1=1
RCFlagIn1=0
DTFlagIn1=1
SampFreqIn1=8000.0
FramesizeOut0=1
RCFlagOut0=0
DTFlagOut0=1
SampFreqOut0=8000.0
_OverflowHandling=303
_SmallFramesize=306
_FramesizeWarning=309

[Buffer 4]
Version=2.01
Precision=-1
Framesize=64
FramesizeIn0=64
RCFlagIn0=0
DTFlagIn0=1
SampFreqIn0=8000.0
FramesizeOut0=512
RCFlagOut0=0
DTFlagOut0=1
SampFreqOut0=8000.0
_BufferSize=Framesize*8
NumLocalElements0=1000

[Buffer 5]
Version=2.01
Precision=-1
Framesize=64
FramesizeIn0=64
RCFlagIn0=0
DTFlagIn0=1
SampFreqIn0=8000.0
FramesizeOut0=512
RCFlagOut0=0
DTFlagOut0=1
SampFreqOut0=8000.0
_BufferSize=Framesize*8
NumLocalElements0=1000

[Single Channel Display 2]
Version=4.00
Precision=-1
Framesize=64
FramesizeIn0=512
RCFlagIn0=0
DTFlagIn0=1
SampFreqIn0=8000.0
Columns=4
ShowIndices=0
HTicks=2
VTicks=8
DigitPrecision=4
DecimalPrecision=2
Shadow=0
fUseSec=0
wfDense=256
Theta=30.0
Title0=Simple FSK Output Signal
HLabel0=Samples
VLabel0=Amplitude
BackGroundColor0=0
GridColor0=6
WaveColor0=11
ScaleColor0=8
XAmp0.Min=0.0
XAmp0.Max=512.0
XAmp0.UserScale=1.0
XAmp0.StrLabelMin=
XAmp0.StrLabelMax=
XAmp0.PercMin=50.0
XAmp0.PercMax=50.0
XAmp0.PercDev=5.0
XAmp0.fAutoMin=0
XAmp0.fAutoMax=0
XAmp0.RoundOff=10.0
XAmp0.Precision=0
XAmp0.Scaling=0
XAmp0.LogBase=10.0
XAmp0.LogFactor=1.0
YAmp0.Min=-5.0
YAmp0.Max=5.0
YAmp0.UserScale=1.0
YAmp0.StrLabelMin=
YAmp0.StrLabelMax=
YAmp0.PercMin=50.0
YAmp0.PercMax=50.0
YAmp0.PercDev=5.0
YAmp0.fAutoMin=0
YAmp0.fAutoMax=0
YAmp0.RoundOff=10.0
YAmp0.Precision=0
YAmp0.Scaling=0
YAmp0.LogBase=10.0
YAmp0.LogFactor=1.0
XAmpSec0.Min=-1000.0
XAmpSec0.Max=1000.0
XAmpSec0.PercMin=50.0
XAmpSec0.PercMax=50.0
XAmpSec0.PercDev=5.0
XAmpSec0.fAutoMin=1
XAmpSec0.fAutoMax=1
XAmpSec0.Precision=0
XAmpSec0.Scaling=0
XAmpSec0.LogBase=10.0
XAmpSec0.LogFactor=1.0
YAmpSec0.Min=-1000.0
YAmpSec0.Max=1000.0
YAmpSec0.PercMin=50.0
YAmpSec0.PercMax=50.0
YAmpSec0.PercDev=5.0
YAmpSec0.fAutoMin=1
YAmpSec0.fAutoMax=1
YAmpSec0.Precision=0
YAmpSec0.Scaling=0
YAmpSec0.LogBase=10.0
YAmpSec0.LogFactor=1.0
TracePause0=1
fOverWrite0=0
Mode0=0
DrawMode0=0
DisplayMode0=5
Shape0=0
ShapeColor0=7
ShowLabels0=0
fLineRemoval0=1
fMesh0=0
sfOverWrite=0
ShowLabels=0
AutoSize=1
FrameOffset=0

[Single Channel Display 5]
Version=4.00
Precision=-1
Framesize=64
FramesizeIn0=512
RCFlagIn0=0
DTFlagIn0=1
SampFreqIn0=8000.0
Columns=4
ShowIndices=0
HTicks=2
VTicks=8
DigitPrecision=4
DecimalPrecision=2
Shadow=0
fUseSec=0
wfDense=256
Theta=30.0
Title0=Simple FSK Output Signal
HLabel0=Samples
VLabel0=Amplitude
BackGroundColor0=5
GridColor0=6
WaveColor0=12
ScaleColor0=8
XAmp0.Min=0.0
XAmp0.Max=512.0
XAmp0.UserScale=1.0
XAmp0.StrLabelMin=
XAmp0.StrLabelMax=
XAmp0.PercMin=50.0
XAmp0.PercMax=50.0
XAmp0.PercDev=5.0
XAmp0.fAutoMin=0
XAmp0.fAutoMax=0
XAmp0.RoundOff=10.0
XAmp0.Precision=0
XAmp0.Scaling=0
XAmp0.LogBase=10.0
XAmp0.LogFactor=1.0
YAmp0.Min=-5.0
YAmp0.Max=5.0
YAmp0.UserScale=1.0
YAmp0.StrLabelMin=
YAmp0.StrLabelMax=
YAmp0.PercMin=50.0
YAmp0.PercMax=50.0
YAmp0.PercDev=5.0
YAmp0.fAutoMin=0
YAmp0.fAutoMax=0
YAmp0.RoundOff=10.0
YAmp0.Precision=0
YAmp0.Scaling=0
YAmp0.LogBase=10.0
YAmp0.LogFactor=1.0
XAmpSec0.Min=-1000.0
XAmpSec0.Max=1000.0
XAmpSec0.PercMin=50.0
XAmpSec0.PercMax=50.0
XAmpSec0.PercDev=5.0
XAmpSec0.fAutoMin=1
XAmpSec0.fAutoMax=1
XAmpSec0.Precision=0
XAmpSec0.Scaling=0
XAmpSec0.LogBase=10.0
XAmpSec0.LogFactor=1.0
YAmpSec0.Min=-1000.0
YAmpSec0.Max=1000.0
YAmpSec0.PercMin=50.0
YAmpSec0.PercMax=50.0
YAmpSec0.PercDev=5.0
YAmpSec0.fAutoMin=1
YAmpSec0.fAutoMax=1
YAmpSec0.Precision=0
YAmpSec0.Scaling=0
YAmpSec0.LogBase=10.0
YAmpSec0.LogFactor=1.0
TracePause0=1
fOverWrite0=0
Mode0=0
DrawMode0=0
DisplayMode0=5
Shape0=0
ShapeColor0=7
ShowLabels0=0
fLineRemoval0=1
fMesh0=0
sfOverWrite=0
ShowLabels=0
AutoSize=1
FrameOffset=0

[Gain 28]
Version=4.00
Precision=1
Framesize=512
FramesizeIn0=512
RCFlagIn0=0
DTFlagIn0=1
SampFreqIn0=8000.0
FramesizeOut0=512
RCFlagOut0=0
DTFlagOut0=1
SampFreqOut0=8000.0
_Gain=2.0

[Gain 30]
Version=4.00
Precision=1
Framesize=64
FramesizeIn0=64
RCFlagIn0=0
DTFlagIn0=1
SampFreqIn0=8000.0
FramesizeOut0=64
RCFlagOut0=0
DTFlagOut0=1
SampFreqOut0=8000.0
_Gain=1.0

[Gain 31]
Version=4.00
Precision=1
Framesize=64
FramesizeIn0=64
RCFlagIn0=0
DTFlagIn0=1
SampFreqIn0=8000.0
FramesizeOut0=64
RCFlagOut0=0
DTFlagOut0=1
SampFreqOut0=8000.0
_Gain=1.0

[Add 19]
Version=4.00
Precision=1
Framesize=64
FramesizeIn0=64
RCFlagIn0=0
DTFlagIn0=1
SampFreqIn0=8000.0
FramesizeIn1=64
RCFlagIn1=0
DTFlagIn1=1
SampFreqIn1=8000.0
FramesizeOut0=64
RCFlagOut0=0
DTFlagOut0=1
SampFreqOut0=8000.0
_OverflowHandling=303
_SmallFramesize=306
_FramesizeWarning=309

[Buffer 1]
Version=2.01
Precision=-1
Framesize=64
FramesizeIn0=64
RCFlagIn0=0
DTFlagIn0=1
SampFreqIn0=8000.0
FramesizeOut0=512
RCFlagOut0=0
DTFlagOut0=1
SampFreqOut0=8000.0
_BufferSize=Framesize*8
NumLocalElements0=1000

[Single Channel Display 1]
Version=4.00
Precision=-1
Framesize=64
FramesizeIn0=512
RCFlagIn0=0
DTFlagIn0=1
SampFreqIn0=8000.0
Columns=4
ShowIndices=0
HTicks=10
VTicks=10
DigitPrecision=4
DecimalPrecision=2
Shadow=0
fUseSec=0
wfDense=256
Theta=30.0
Title0=Simple FSK Output Signal
HLabel0=Samples
VLabel0=Amplitude
BackGroundColor0=0
GridColor0=8
WaveColor0=12
ScaleColor0=6
XAmp0.Min=0.0
XAmp0.Max=512.0
XAmp0.UserScale=1.0
XAmp0.StrLabelMin=
XAmp0.StrLabelMax=
XAmp0.PercMin=50.0
XAmp0.PercMax=50.0
XAmp0.PercDev=5.0
XAmp0.fAutoMin=0
XAmp0.fAutoMax=0
XAmp0.RoundOff=10.0
XAmp0.Precision=0
XAmp0.Scaling=0
XAmp0.LogBase=10.0
XAmp0.LogFactor=1.0
YAmp0.Min=-2.0
YAmp0.Max=2.0
YAmp0.UserScale=1.0
YAmp0.StrLabelMin=
YAmp0.StrLabelMax=
YAmp0.PercMin=50.0
YAmp0.PercMax=50.0
YAmp0.PercDev=5.0
YAmp0.fAutoMin=0
YAmp0.fAutoMax=0
YAmp0.RoundOff=10.0
YAmp0.Precision=0
YAmp0.Scaling=0
YAmp0.LogBase=10.0
YAmp0.LogFactor=1.0
XAmpSec0.Min=-1000.0
XAmpSec0.Max=1000.0
XAmpSec0.PercMin=50.0
XAmpSec0.PercMax=50.0
XAmpSec0.PercDev=5.0
XAmpSec0.fAutoMin=1
XAmpSec0.fAutoMax=1
XAmpSec0.Precision=0
XAmpSec0.Scaling=0
XAmpSec0.LogBase=10.0
XAmpSec0.LogFactor=1.0
YAmpSec0.Min=-1000.0
YAmpSec0.Max=1000.0
YAmpSec0.PercMin=50.0
YAmpSec0.PercMax=50.0
YAmpSec0.PercDev=5.0
YAmpSec0.fAutoMin=1
YAmpSec0.fAutoMax=1
YAmpSec0.Precision=0
YAmpSec0.Scaling=0
YAmpSec0.LogBase=10.0
YAmpSec0.LogFactor=1.0
TracePause0=1
fOverWrite0=0
Mode0=0
DrawMode0=0
DisplayMode0=5
Shape0=0
ShapeColor0=7
ShowLabels0=0
fLineRemoval0=1
fMesh0=0
sfOverWrite=0
ShowLabels=0
AutoSize=1
FrameOffset=0

[Add 20]
Version=4.00
Precision=1
Framesize=512
FramesizeIn0=512
RCFlagIn0=0
DTFlagIn0=1
SampFreqIn0=8000.0
FramesizeIn1=512
RCFlagIn1=0
DTFlagIn1=1
SampFreqIn1=8000.0
FramesizeOut0=512
RCFlagOut0=0
DTFlagOut0=1
SampFreqOut0=8000.0
_OverflowHandling=303
_SmallFramesize=306
_FramesizeWarning=309

[Single Channel Display 6]
Version=4.00
Precision=-1
Framesize=64
FramesizeIn0=512
RCFlagIn0=0
DTFlagIn0=1
SampFreqIn0=8000.0
Columns=4
ShowIndices=0
HTicks=2
VTicks=8
DigitPrecision=4
DecimalPrecision=2
Shadow=0
fUseSec=0
wfDense=256
Theta=30.0
Title0=Simple FSK Output Signal
HLabel0=Samples
VLabel0=Amplitude
BackGroundColor0=0
GridColor0=6
WaveColor0=7
ScaleColor0=8
XAmp0.Min=0.0
XAmp0.Max=512.0
XAmp0.UserScale=1.0
XAmp0.StrLabelMin=
XAmp0.StrLabelMax=
XAmp0.PercMin=50.0
XAmp0.PercMax=50.0
XAmp0.PercDev=5.0
XAmp0.fAutoMin=0
XAmp0.fAutoMax=0
XAmp0.RoundOff=10.0
XAmp0.Precision=0
XAmp0.Scaling=0
XAmp0.LogBase=10.0
XAmp0.LogFactor=1.0
YAmp0.Min=-10.0
YAmp0.Max=10.0
YAmp0.UserScale=1.0
YAmp0.StrLabelMin=
YAmp0.StrLabelMax=
YAmp0.PercMin=1.0
YAmp0.PercMax=1.0
YAmp0.PercDev=1.0
YAmp0.fAutoMin=0
YAmp0.fAutoMax=0
YAmp0.RoundOff=1.0
YAmp0.Precision=0
YAmp0.Scaling=0
YAmp0.LogBase=10.0
YAmp0.LogFactor=1.0
XAmpSec0.Min=-1000.0
XAmpSec0.Max=1000.0
XAmpSec0.PercMin=50.0
XAmpSec0.PercMax=50.0
XAmpSec0.PercDev=5.0
XAmpSec0.fAutoMin=1
XAmpSec0.fAutoMax=1
XAmpSec0.Precision=0
XAmpSec0.Scaling=0
XAmpSec0.LogBase=10.0
XAmpSec0.LogFactor=1.0
YAmpSec0.Min=-1000.0
YAmpSec0.Max=1000.0
YAmpSec0.PercMin=50.0
YAmpSec0.PercMax=50.0
YAmpSec0.PercDev=5.0
YAmpSec0.fAutoMin=1
YAmpSec0.fAutoMax=1
YAmpSec0.Precision=0
YAmpSec0.Scaling=0
YAmpSec0.LogBase=10.0
YAmpSec0.LogFactor=1.0
TracePause0=1
fOverWrite0=0
Mode0=0
DrawMode0=0
DisplayMode0=5
Shape0=0
ShapeColor0=7
ShowLabels0=0
fLineRemoval0=1
fMesh0=0
sfOverWrite=0
ShowLabels=0
AutoSize=1
FrameOffset=0

