[Block Diagram Listing]
Header=Hypersignal for Windows Block Diagram Application, Block Listing
Version=4.00
Block Count=40
Horizontal Scroll Position=0
Vertical Scroll Position=0
Manual Compile=0
Block Library1=Simulation Library
Block Name1=Constant Generator 1
DLL Name1=CONST.DLL
Block Type1=2
Block Class1=0
Layer1=-1
Position1=64,672,96,704
Input Count1=0
Output Count1=1
Parameter Count1=0
Block Library2=Simulation Library
Block Name2=Subtract 1
DLL Name2=SUB.DLL
Block Type2=2
Block Class2=0
Layer2=-1
Position2=192,672,224,704
Input Count2=2
Output Count2=1
Parameter Count2=0
Block2,Input Channel 0=Constant Generator 1,Output Channel 0
Block2,Input Channel 1=Delay 1,Output Channel 0
Block Library3=Simulation Library
Block Name3=Delay 1
DLL Name3=DELAY.DLL
Block Type3=2
Block Class3=0
Layer3=-1
Position3=128,736,160,768
Input Count3=1
Output Count3=1
Parameter Count3=0
Block3,Input Channel 0=Constant Generator 1,Output Channel 0
Block Library4=Simulation Library
Block Name4=Constant Generator 2
DLL Name4=CONST.DLL
Block Type4=2
Block Class4=0
Layer4=-1
Position4=640,768,672,800
Input Count4=0
Output Count4=1
Parameter Count4=0
Block Library5=Simulation Library
Block Name5=Add 1
DLL Name5=ADD.DLL
Block Type5=2
Block Class5=0
Layer5=-1
Position5=256,640,288,672
Input Count5=2
Output Count5=1
Parameter Count5=0
Block5,Input Channel 0=Add 3,Output Channel 0
Block5,Input Channel 1=Subtract 1,Output Channel 0
Block Library6=Simulation Library
Block Name6=Delay 2
DLL Name6=DELAY.DLL
Block Type6=2
Block Class6=0
Layer6=-1
Position6=320,640,352,672
Input Count6=1
Output Count6=1
Parameter Count6=0
Block6,Input Channel 0=Add 1,Output Channel 0
Block Library7=Simulation Library
Block Name7=Delay 3
DLL Name7=DELAY.DLL
Block Type7=2
Block Class7=0
Layer7=-1
Position7=384,640,416,672
Input Count7=1
Output Count7=1
Parameter Count7=0
Block7,Input Channel 0=Delay 2,Output Channel 0
Block Library8=Simulation Library
Block Name8=Add 2
DLL Name8=ADD.DLL
Block Type8=2
Block Class8=0
Layer8=-1
Position8=448,672,480,704
Input Count8=2
Output Count8=1
Parameter Count8=0
Block8,Input Channel 0=Delay 3,Output Channel 0
Block8,Input Channel 1=Delay 2,Output Channel 0
Block Library9=Simulation Library
Block Name9=Add 3
DLL Name9=ADD.DLL
Block Type9=2
Block Class9=0
Layer9=-1
Position9=704,736,736,768
Input Count9=2
Output Count9=1
Parameter Count9=0
Block9,Input Channel 0=Gain 1,Output Channel 0
Block9,Input Channel 1=Constant Generator 2,Output Channel 0
Block Library10=Simulation Library
Block Name10=Subtract 2
DLL Name10=SUB.DLL
Block Type10=2
Block Class10=0
Layer10=-1
Position10=512,704,544,736
Input Count10=2
Output Count10=1
Parameter Count10=0
Block10,Input Channel 0=Add 2,Output Channel 0
Block10,Input Channel 1=Constant Generator 3,Output Channel 0
Block Library11=Simulation Library
Block Name11=Constant Generator 3
DLL Name11=CONST.DLL
Block Type11=2
Block Class11=0
Layer11=-1
Position11=448,800,480,832
Input Count11=0
Output Count11=1
Parameter Count11=0
Block Library12=Simulation Library
Block Name12=Multiply 1
DLL Name12=MULT.DLL
Block Type12=2
Block Class12=0
Layer12=-1
Position12=576,704,608,736
Input Count12=2
Output Count12=1
Parameter Count12=0
Block12,Input Channel 0=Subtract 2,Output Channel 0
Block12,Input Channel 1=Subtract 2,Output Channel 0
Block Library13=Simulation Library
Block Name13=Gain 1
DLL Name13=GAIN.DLL
Block Type13=2
Block Class13=0
Layer13=-1
Position13=640,704,672,736
Input Count13=1
Output Count13=1
Parameter Count13=0
Block13,Input Channel 0=Multiply 1,Output Channel 0
Block Library14=Simulation Library
Block Name14=Constant Generator 4
DLL Name14=CONST.DLL
Block Type14=2
Block Class14=0
Layer14=-1
Position14=768,800,800,832
Input Count14=0
Output Count14=1
Parameter Count14=0
Block Library15=Simulation Library
Block Name15=Sine Generator 1
DLL Name15=SINE.DLL
Block Type15=1
Block Class15=0
Layer15=-1
Position15=224,352,256,384
Input Count15=0
Output Count15=1
Parameter Count15=0
Block Library16=Simulation Library
Block Name16=Sweep (Chirp) Generator 1
DLL Name16=SWEEP.DLL
Block Type16=2
Block Class16=0
Layer16=-1
Position16=96,192,128,224
Input Count16=0
Output Count16=1
Parameter Count16=0
Block Library17=Simulation Library
Block Name17=Multiply 2
DLL Name17=MULT.DLL
Block Label17=SS modulation
Block Type17=2
Block Class17=0
Layer17=-1
Position17=224,64,256,96
Input Count17=2
Output Count17=1
Parameter Count17=0
Block17,Input Channel 0=Buffer 1,Output Channel 0
Block17,Input Channel 1=Sweep (Chirp) Generator 1,Output Channel 0
Block Library18=Simulation Library
Block Name18=Single Channel Display 1
DLL Name18=SCD.DLL
Block Label18=Input Signal
Block Label Color18=255,255,0
Block Label Font18=-13,0,0,0,700,0,0,0,0,1,2,1,34,MS Sans Serif
Block Type18=8
Block Class18=0
Layer18=-1
Position18=192,480,384,576
Input Count18=1
Output Count18=0
Parameter Count18=0
Block18,Input Channel 0=Sweep (Chirp) Generator 1,Output Channel 0
Block Library19=Simulation Library
Block Name19=Gain 5
DLL Name19=GAIN.DLL
Block Type19=2
Block Class19=0
Layer19=-1
Position19=768,736,800,768
Input Count19=1
Output Count19=1
Parameter Count19=0
Block19,Input Channel 0=Add 3,Output Channel 0
Block Library20=Simulation Library
Block Name20=Subtract 3
DLL Name20=SUB.DLL
Block Type20=2
Block Class20=0
Layer20=-1
Position20=832,768,864,800
Input Count20=2
Output Count20=1
Parameter Count20=0
Block20,Input Channel 0=Gain 5,Output Channel 0
Block20,Input Channel 1=Constant Generator 4,Output Channel 0
Block Library21=Simulation Library
Block Name21=Buffer 1
DLL Name21=BUFFER.DLL
Block Type21=2
Block Class21=0
Layer21=-1
Position21=896,768,928,800
Input Count21=1
Output Count21=1
Parameter Count21=0
Block21,Input Channel 0=Subtract 3,Output Channel 0
Block Library22=Simulation Library
Block Name22=Add 5
DLL Name22=ADD.DLL
Block Type22=2
Block Class22=0
Layer22=-1
Position22=320,384,352,416
Input Count22=2
Output Count22=1
Parameter Count22=0
Block22,Input Channel 0=Sine Generator 1,Output Channel 0
Block22,Input Channel 1=Cosine Generator 1,Output Channel 0
Block Library23=Simulation Library
Block Name23=Add 4
DLL Name23=ADD.DLL
Block Type23=2
Block Class23=0
Layer23=-1
Position23=384,320,416,352
Input Count23=2
Output Count23=1
Parameter Count23=0
Block23,Input Channel 0=Multiply 2,Output Channel 0
Block23,Input Channel 1=Add 5,Output Channel 0
Block Library24=Simulation Library
Block Name24=Multiply 3
DLL Name24=MULT.DLL
Block Label24=SS demodulation
Block Type24=2
Block Class24=0
Layer24=-1
Position24=992,256,1024,288
Input Count24=2
Output Count24=1
Parameter Count24=0
Block24,Input Channel 0=Buffer 1,Output Channel 0
Block24,Input Channel 1=Add 4,Output Channel 0
Block Library25=Simulation Library
Block Name25=Single Channel Display 2
DLL Name25=SCD.DLL
Block Label25=Waveform of SS Modulated Signal + Inteference Signal
Block Label Color25=255,255,0
Block Label Font25=-13,0,0,0,700,0,0,0,0,1,2,1,34,MS Sans Serif
Block Type25=8
Block Class25=0
Layer25=-1
Position25=640,320,832,416
Input Count25=1
Output Count25=0
Parameter Count25=0
Block25,Input Channel 0=Add 4,Output Channel 0
Block Library26=Simulation Library
Block Name26=Delay 4
DLL Name26=DELAY.DLL
Block Type26=2
Block Class26=0
Layer26=-1
Position26=1088,96,1120,128
Input Count26=1
Output Count26=1
Parameter Count26=0
Block26,Input Channel 0=Multiply 3,Output Channel 0
Block Library27=Simulation Library
Block Name27=Delay 5
DLL Name27=DELAY.DLL
Block Type27=2
Block Class27=0
Layer27=-1
Position27=1152,96,1184,128
Input Count27=1
Output Count27=1
Parameter Count27=0
Block27,Input Channel 0=Delay 4,Output Channel 0
Block Library28=Simulation Library
Block Name28=Delay 6
DLL Name28=DELAY.DLL
Block Type28=2
Block Class28=0
Layer28=-1
Position28=1216,96,1248,128
Input Count28=1
Output Count28=1
Parameter Count28=0
Block28,Input Channel 0=Delay 5,Output Channel 0
Block Library29=Simulation Library
Block Name29=Delay 7
DLL Name29=DELAY.DLL
Block Label29=Delay 4
Block Type29=2
Block Class29=0
Layer29=-1
Position29=1280,96,1312,128
Input Count29=1
Output Count29=1
Parameter Count29=0
Block29,Input Channel 0=Delay 6,Output Channel 0
Block Library30=Simulation Library
Block Name30=Gain 2
DLL Name30=GAIN.DLL
Block Type30=2
Block Class30=0
Layer30=-1
Position30=1280,224,1312,256
Input Count30=1
Output Count30=1
Parameter Count30=0
Block30,Input Channel 0=Delay 5,Output Channel 0
Block Library31=Simulation Library
Block Name31=Gain 3
DLL Name31=GAIN.DLL
Block Type31=2
Block Class31=0
Layer31=-1
Position31=1280,288,1312,320
Input Count31=1
Output Count31=1
Parameter Count31=0
Block31,Input Channel 0=Delay 4,Output Channel 0
Block Library32=Simulation Library
Block Name32=Gain 4
DLL Name32=GAIN.DLL
Block Type32=2
Block Class32=0
Layer32=-1
Position32=1280,160,1312,192
Input Count32=1
Output Count32=1
Parameter Count32=0
Block32,Input Channel 0=Delay 6,Output Channel 0
Block Library33=Simulation Library
Block Name33=Five Input Add 1
DLL Name33=FIVEADD.DLL
Block Type33=2
Block Class33=0
Layer33=-1
Position33=1344,96,1376,128
Input Count33=5
Output Count33=1
Parameter Count33=0
Block33,Input Channel 0=Delay 7,Output Channel 0
Block33,Input Channel 1=Gain 4,Output Channel 0
Block33,Input Channel 2=Gain 2,Output Channel 0
Block33,Input Channel 3=Gain 3,Output Channel 0
Block33,Input Channel 4=Multiply 3,Output Channel 0
Block Library34=Simulation Library
Block Name34=Single Channel Display 3
DLL Name34=SCD.DLL
Block Label34=Demodulated Signal
Block Label Color34=255,255,0
Block Label Font34=-13,0,0,0,700,0,0,0,0,1,2,1,34,MS Sans Serif
Block Type34=8
Block Class34=0
Layer34=-1
Position34=1088,480,1280,576
Input Count34=1
Output Count34=0
Parameter Count34=0
Block34,Input Channel 0=Five Input Add 1,Output Channel 0
Block Library35=Simulation Library
Block Name35=FFT 1
DLL Name35=FFT.DLL
Block Type35=2
Block Class35=0
Layer35=-1
Position35=448,480,480,512
Input Count35=1
Output Count35=1
Parameter Count35=0
Block35,Input Channel 0=Add 4,Output Channel 0
Block Library36=Simulation Library
Block Name36=Magnitude 1
DLL Name36=MAG.DLL
Block Type36=2
Block Class36=0
Layer36=-1
Position36=544,480,576,512
Input Count36=1
Output Count36=1
Parameter Count36=0
Block36,Input Channel 0=FFT 1,Output Channel 0
Block Library37=Simulation Library
Block Name37=Single Channel Display 5
DLL Name37=SCD.DLL
Block Label37=Spectrum of SS Modulated Signal + Interference Signal
Block Label Color37=255,255,0
Block Label Font37=-13,0,0,0,700,0,0,0,0,1,2,1,34,MS Sans Serif
Block Type37=8
Block Class37=0
Layer37=-1
Position37=640,448,832,544
Input Count37=1
Output Count37=0
Parameter Count37=0
Block37,Input Channel 0=Magnitude 1,Output Channel 0
Block Library38=Simulation Library
Block Name38=Cosine Generator 1
DLL Name38=COSINE.DLL
Block Type38=2
Block Class38=0
Layer38=-1
Position38=224,416,256,448
Input Count38=0
Output Count38=1
Parameter Count38=0
Block Library39=Simulation Library
Block Name39=Single Channel Display 6
DLL Name39=SCD.DLL
Block Label39=Waveform of M-seq
Block Label Color39=255,255,0
Block Label Font39=-13,0,0,0,700,0,0,0,0,1,2,1,34,MS Sans Serif
Block Type39=8
Block Class39=0
Layer39=-1
Position39=1088,736,1280,832
Input Count39=1
Output Count39=0
Parameter Count39=0
Block39,Input Channel 0=Buffer 1,Output Channel 0
Block Library40=Simulation Library
Block Name40=Single Channel Display 7
DLL Name40=SCD.DLL
Block Label40=Waveform of SS modulated signal
Block Label Color40=255,255,0
Block Label Font40=-13,0,0,0,700,0,0,0,0,1,2,1,34,MS Sans Serif
Block Type40=8
Block Class40=0
Layer40=-1
Position40=320,128,512,224
Input Count40=1
Output Count40=0
Parameter Count40=0
Block40,Input Channel 0=Multiply 2,Output Channel 0

[Variables]
Num=2
Var1=Framesize
Value1=512
Var2=Sample Rate
Value2=8000.0

[Environment]
Undo Buffer Size=30

[Text Boxes]
Count=6
Text1=Simulation of the principle of|Spread Spectrum (SS) Communication
Position1=421,60
ColorR1=0
ColorG1=255
ColorB1=0
Font1=-23,0,0,0,700,0,0,0,0,3,2,1,34,Arial
Text2=M-Sequence
Position2=966,752
ColorR2=0
ColorG2=255
ColorB2=255
Font2=-17,0,0,0,700,0,0,0,0,1,2,1,34,MS Sans Serif
Text3=LPF
Position3=1194,60
ColorR3=0
ColorG3=0
ColorB3=0
Font3=-11,0,0,0,400,0,0,0,0,1,2,1,34,MS Sans Serif
Text4=M-seq Generator
Position4=518,651
ColorR4=0
ColorG4=255
ColorB4=255
Font4=-17,0,0,0,700,0,0,0,0,1,2,1,34,MS Sans Serif
Text5=Add Inteference Signal
Position5=300,291
ColorR5=0
ColorG5=255
ColorB5=255
Font5=-17,0,0,0,700,0,0,0,0,1,2,1,34,MS Sans Serif
Text6=Please note that this demo contains a limited block|function library -- contact Hyperception for information|on the complete production library function list.
Position6=5,5
ColorR6=255
ColorG6=255
ColorB6=0
Font6=-11,0,0,0,400,0,0,0,0,1,2,1,34,MS Sans Serif

[Layers]
Current Layer=-1
Mode=1
Num=1

[Constant Generator 1]
Version=4.00
Precision=1
Framesize=15
FramesizeOut0=15
RCFlagOut0=0
DTFlagOut0=1
SampFreqOut0=8000.0
_Amplitude=1.0
_ofFrames=0
_SampleRate=Sample Rate

[Subtract 1]
Version=4.00
Precision=-1
Framesize=15
FramesizeIn0=15
RCFlagIn0=0
DTFlagIn0=1
SampFreqIn0=8000.0
FramesizeIn1=15
RCFlagIn1=0
DTFlagIn1=1
SampFreqIn1=8000.0
FramesizeOut0=15
RCFlagOut0=0
DTFlagOut0=1
SampFreqOut0=8000.0
_OverflowHandling=301
_SmallFramesize=304
_FramesizeWarning=307

[Delay 1]
Version=2.01
Precision=-1
Framesize=15
FramesizeIn0=15
RCFlagIn0=0
DTFlagIn0=1
SampFreqIn0=8000.0
FramesizeOut0=15
RCFlagOut0=0
DTFlagOut0=1
SampFreqOut0=8000.0
_DelaySamples=1
NumLocalElements0=30

[Constant Generator 2]
Version=4.00
Precision=1
Framesize=15
FramesizeOut0=15
RCFlagOut0=0
DTFlagOut0=1
SampFreqOut0=8000.0
_Amplitude=1.0
_ofFrames=0
_SampleRate=8000.0

[Add 1]
Version=4.00
Precision=-1
Framesize=15
FramesizeIn0=15
RCFlagIn0=0
DTFlagIn0=6
SampFreqIn0=8000.0
FramesizeIn1=15
RCFlagIn1=0
DTFlagIn1=1
SampFreqIn1=8000.0
FramesizeOut0=15
RCFlagOut0=0
DTFlagOut0=1
SampFreqOut0=8000.0
_OverflowHandling=303
_SmallFramesize=306
_FramesizeWarning=309

[Delay 2]
Version=2.01
Precision=6
Framesize=15
FramesizeIn0=15
RCFlagIn0=0
DTFlagIn0=1
SampFreqIn0=8000.0
FramesizeOut0=15
RCFlagOut0=0
DTFlagOut0=6
SampFreqOut0=8000.0
_DelaySamples=14
NumLocalElements0=30

[Delay 3]
Version=2.01
Precision=6
Framesize=15
FramesizeIn0=15
RCFlagIn0=0
DTFlagIn0=6
SampFreqIn0=8000.0
FramesizeOut0=15
RCFlagOut0=0
DTFlagOut0=6
SampFreqOut0=8000.0
_DelaySamples=1
NumLocalElements0=30

[Add 2]
Version=4.00
Precision=6
Framesize=15
FramesizeIn0=15
RCFlagIn0=0
DTFlagIn0=6
SampFreqIn0=8000.0
FramesizeIn1=15
RCFlagIn1=0
DTFlagIn1=6
SampFreqIn1=8000.0
FramesizeOut0=15
RCFlagOut0=0
DTFlagOut0=6
SampFreqOut0=8000.0
_OverflowHandling=303
_SmallFramesize=306
_FramesizeWarning=309

[Add 3]
Version=4.00
Precision=6
Framesize=15
FramesizeIn0=15
RCFlagIn0=0
DTFlagIn0=6
SampFreqIn0=8000.0
FramesizeIn1=15
RCFlagIn1=0
DTFlagIn1=1
SampFreqIn1=8000.0
FramesizeOut0=15
RCFlagOut0=0
DTFlagOut0=6
SampFreqOut0=8000.0
_OverflowHandling=303
_SmallFramesize=306
_FramesizeWarning=309

[Subtract 2]
Version=4.00
Precision=6
Framesize=15
FramesizeIn0=15
RCFlagIn0=0
DTFlagIn0=6
SampFreqIn0=8000.0
FramesizeIn1=15
RCFlagIn1=0
DTFlagIn1=1
SampFreqIn1=8000.0
FramesizeOut0=15
RCFlagOut0=0
DTFlagOut0=6
SampFreqOut0=8000.0
_OverflowHandling=301
_SmallFramesize=304
_FramesizeWarning=307

[Constant Generator 3]
Version=4.00
Precision=1
Framesize=15
FramesizeOut0=15
RCFlagOut0=0
DTFlagOut0=1
SampFreqOut0=8000.0
_Amplitude=1.0
_ofFrames=0
_SampleRate=Sample Rate

[Multiply 1]
Version=4.00
Precision=6
Framesize=15
FramesizeIn0=15
RCFlagIn0=0
DTFlagIn0=6
SampFreqIn0=8000.0
FramesizeIn1=15
RCFlagIn1=0
DTFlagIn1=6
SampFreqIn1=8000.0
FramesizeOut0=15
RCFlagOut0=0
DTFlagOut0=6
SampFreqOut0=8000.0
_SmallFramesize=302
_FramesizeWarning=305

[Gain 1]
Version=4.00
Precision=6
Framesize=15
FramesizeIn0=15
RCFlagIn0=0
DTFlagIn0=6
SampFreqIn0=8000.0
FramesizeOut0=15
RCFlagOut0=0
DTFlagOut0=6
SampFreqOut0=8000.0
_Gain=-1.0

[Constant Generator 4]
Version=4.00
Precision=1
Framesize=15
FramesizeOut0=15
RCFlagOut0=0
DTFlagOut0=1
SampFreqOut0=8000.0
_Amplitude=1.0
_ofFrames=0
_SampleRate=Sample Rate

[Sine Generator 1]
Version=4.00
Precision=1
Framesize=Framesize
FramesizeOut0=512
RCFlagOut0=0
DTFlagOut0=1
SampFreqOut0=8000.0
_Amplitude=0.4
_Frequency=3000.0
_PhaseOffset=0.0
_DCOffset=0.0
_ofFrames=0
_SampleRate=Sample Rate

[Sweep (Chirp) Generator 1]
Version=4.00
Precision=1
Framesize=Framesize
FramesizeOut0=512
RCFlagOut0=0
DTFlagOut0=1
SampFreqOut0=8000.0
_Amplitude=1.0
_MinFrequency=30.0
_MaxFrequency=80.0
_StepSize=60000
_PhaseOffset=0.0
_DCOffset=0.0
_ofFrames=0
_SampleRate=Sample Rate

[Multiply 2]
Version=4.00
Precision=-1
Framesize=512
FramesizeIn0=512
RCFlagIn0=0
DTFlagIn0=1
SampFreqIn0=8000.0
FramesizeIn1=512
RCFlagIn1=0
DTFlagIn1=1
SampFreqIn1=8000.0
FramesizeOut0=512
RCFlagOut0=0
DTFlagOut0=1
SampFreqOut0=8000.0
_SmallFramesize=302
_FramesizeWarning=305

[Single Channel Display 1]
Version=4.00
Precision=-1
Framesize=256
FramesizeIn0=512
RCFlagIn0=0
DTFlagIn0=1
SampFreqIn0=8000.0
Columns=4
ShowIndices=0
HTicks=10
VTicks=10
DigitPrecision=4
DecimalPrecision=2
Shadow=0
fUseSec=0
wfDense=20
Theta=45.0
Title0=Default Graph Title 0
HLabel0=Samples
VLabel0=Amplitude
BackGroundColor0=0
GridColor0=6
WaveColor0=12
ScaleColor0=6
XAmp0.Min=0.0
XAmp0.Max=512.0
XAmp0.UserScale=1.0
XAmp0.StrLabelMin=
XAmp0.StrLabelMax=
XAmp0.PercMin=50.0
XAmp0.PercMax=50.0
XAmp0.PercDev=5.0
XAmp0.fAutoMin=0
XAmp0.fAutoMax=0
XAmp0.RoundOff=10.0
XAmp0.Precision=0
XAmp0.Scaling=0
XAmp0.LogBase=10.0
XAmp0.LogFactor=1.0
YAmp0.Min=0.0
YAmp0.Max=60.0
YAmp0.UserScale=1.0
YAmp0.StrLabelMin=
YAmp0.StrLabelMax=
YAmp0.PercMin=50.0
YAmp0.PercMax=50.0
YAmp0.PercDev=5.0
YAmp0.fAutoMin=1
YAmp0.fAutoMax=1
YAmp0.RoundOff=1.0
YAmp0.Precision=0
YAmp0.Scaling=0
YAmp0.LogBase=10.0
YAmp0.LogFactor=1.0
XAmpSec0.Min=-1000.0
XAmpSec0.Max=1000.0
XAmpSec0.PercMin=50.0
XAmpSec0.PercMax=50.0
XAmpSec0.PercDev=5.0
XAmpSec0.fAutoMin=1
XAmpSec0.fAutoMax=1
XAmpSec0.Precision=0
XAmpSec0.Scaling=0
XAmpSec0.LogBase=10.0
XAmpSec0.LogFactor=1.0
YAmpSec0.Min=-1000.0
YAmpSec0.Max=1000.0
YAmpSec0.PercMin=50.0
YAmpSec0.PercMax=50.0
YAmpSec0.PercDev=5.0
YAmpSec0.fAutoMin=1
YAmpSec0.fAutoMax=1
YAmpSec0.Precision=0
YAmpSec0.Scaling=0
YAmpSec0.LogBase=10.0
YAmpSec0.LogFactor=1.0
TracePause0=1
fOverWrite0=0
Mode0=0
DrawMode0=0
DisplayMode0=5
Shape0=0
ShapeColor0=7
ShowLabels0=0
fLineRemoval0=1
fMesh0=0
sfOverWrite=0
ShowLabels=0
AutoSize=1
FrameOffset=0

[Gain 5]
Version=4.00
Precision=-1
Framesize=15
FramesizeIn0=15
RCFlagIn0=0
DTFlagIn0=6
SampFreqIn0=8000.0
FramesizeOut0=15
RCFlagOut0=0
DTFlagOut0=6
SampFreqOut0=8000.0
_Gain=2.0

[Subtract 3]
Version=4.00
Precision=1
Framesize=15
FramesizeIn0=15
RCFlagIn0=0
DTFlagIn0=6
SampFreqIn0=8000.0
FramesizeIn1=15
RCFlagIn1=0
DTFlagIn1=1
SampFreqIn1=8000.0
FramesizeOut0=15
RCFlagOut0=0
DTFlagOut0=1
SampFreqOut0=8000.0
_OverflowHandling=301
_SmallFramesize=304
_FramesizeWarning=307

[Buffer 1]
Version=2.01
Precision=1
Framesize=15
FramesizeIn0=15
RCFlagIn0=0
DTFlagIn0=1
SampFreqIn0=8000.0
FramesizeOut0=512
RCFlagOut0=0
DTFlagOut0=1
SampFreqOut0=8000.0
_BufferSize=Framesize
NumLocalElements0=1000

[Add 5]
Version=4.00
Precision=-1
Framesize=512
FramesizeIn0=512
RCFlagIn0=0
DTFlagIn0=1
SampFreqIn0=8000.0
FramesizeIn1=512
RCFlagIn1=0
DTFlagIn1=1
SampFreqIn1=8000.0
FramesizeOut0=512
RCFlagOut0=0
DTFlagOut0=1
SampFreqOut0=8000.0
_OverflowHandling=303
_SmallFramesize=306
_FramesizeWarning=309

[Add 4]
Version=4.00
Precision=-1
Framesize=512
FramesizeIn0=512
RCFlagIn0=0
DTFlagIn0=1
SampFreqIn0=8000.0
FramesizeIn1=512
RCFlagIn1=0
DTFlagIn1=1
SampFreqIn1=8000.0
FramesizeOut0=512
RCFlagOut0=0
DTFlagOut0=1
SampFreqOut0=8000.0
_OverflowHandling=303
_SmallFramesize=306
_FramesizeWarning=309

[Multiply 3]
Version=4.00
Precision=-1
Framesize=512
FramesizeIn0=512
RCFlagIn0=0
DTFlagIn0=1
SampFreqIn0=8000.0
FramesizeIn1=512
RCFlagIn1=0
DTFlagIn1=1
SampFreqIn1=8000.0
FramesizeOut0=512
RCFlagOut0=0
DTFlagOut0=1
SampFreqOut0=8000.0
_SmallFramesize=302
_FramesizeWarning=305

[Single Channel Display 2]
Version=4.00
Precision=-1
Framesize=256
FramesizeIn0=512
RCFlagIn0=0
DTFlagIn0=1
SampFreqIn0=8000.0
Columns=4
ShowIndices=0
HTicks=10
VTicks=10
DigitPrecision=4
DecimalPrecision=2
Shadow=0
fUseSec=0
wfDense=20
Theta=45.0
Title0=Default Graph Title 0
HLabel0=Samples
VLabel0=Amplitude
BackGroundColor0=0
GridColor0=6
WaveColor0=2
ScaleColor0=6
XAmp0.Min=0.0
XAmp0.Max=512.0
XAmp0.UserScale=1.0
XAmp0.StrLabelMin=
XAmp0.StrLabelMax=
XAmp0.PercMin=50.0
XAmp0.PercMax=50.0
XAmp0.PercDev=5.0
XAmp0.fAutoMin=0
XAmp0.fAutoMax=0
XAmp0.RoundOff=10.0
XAmp0.Precision=0
XAmp0.Scaling=0
XAmp0.LogBase=10.0
XAmp0.LogFactor=1.0
YAmp0.Min=-2.0
YAmp0.Max=2.0
YAmp0.UserScale=1.0
YAmp0.StrLabelMin=
YAmp0.StrLabelMax=
YAmp0.PercMin=50.0
YAmp0.PercMax=50.0
YAmp0.PercDev=5.0
YAmp0.fAutoMin=0
YAmp0.fAutoMax=0
YAmp0.RoundOff=1.0
YAmp0.Precision=0
YAmp0.Scaling=0
YAmp0.LogBase=10.0
YAmp0.LogFactor=1.0
XAmpSec0.Min=-1000.0
XAmpSec0.Max=1000.0
XAmpSec0.PercMin=50.0
XAmpSec0.PercMax=50.0
XAmpSec0.PercDev=5.0
XAmpSec0.fAutoMin=1
XAmpSec0.fAutoMax=1
XAmpSec0.Precision=0
XAmpSec0.Scaling=0
XAmpSec0.LogBase=10.0
XAmpSec0.LogFactor=1.0
YAmpSec0.Min=-1000.0
YAmpSec0.Max=1000.0
YAmpSec0.PercMin=50.0
YAmpSec0.PercMax=50.0
YAmpSec0.PercDev=5.0
YAmpSec0.fAutoMin=1
YAmpSec0.fAutoMax=1
YAmpSec0.Precision=0
YAmpSec0.Scaling=0
YAmpSec0.LogBase=10.0
YAmpSec0.LogFactor=1.0
TracePause0=1
fOverWrite0=0
Mode0=0
DrawMode0=0
DisplayMode0=5
Shape0=0
ShapeColor0=7
ShowLabels0=0
fLineRemoval0=1
fMesh0=0
sfOverWrite=0
ShowLabels=0
AutoSize=1
FrameOffset=0

[Delay 4]
Version=2.01
Precision=-1
Framesize=512
FramesizeIn0=512
RCFlagIn0=0
DTFlagIn0=1
SampFreqIn0=8000.0
FramesizeOut0=512
RCFlagOut0=0
DTFlagOut0=1
SampFreqOut0=8000.0
_DelaySamples=1
NumLocalElements0=1024

[Delay 5]
Version=2.01
Precision=-1
Framesize=512
FramesizeIn0=512
RCFlagIn0=0
DTFlagIn0=1
SampFreqIn0=8000.0
FramesizeOut0=512
RCFlagOut0=0
DTFlagOut0=1
SampFreqOut0=8000.0
_DelaySamples=1
NumLocalElements0=1024

[Delay 6]
Version=2.01
Precision=-1
Framesize=512
FramesizeIn0=512
RCFlagIn0=0
DTFlagIn0=1
SampFreqIn0=8000.0
FramesizeOut0=512
RCFlagOut0=0
DTFlagOut0=1
SampFreqOut0=8000.0
_DelaySamples=1
NumLocalElements0=1024

[Delay 7]
Version=2.01
Precision=-1
Framesize=512
FramesizeIn0=512
RCFlagIn0=0
DTFlagIn0=1
SampFreqIn0=8000.0
FramesizeOut0=512
RCFlagOut0=0
DTFlagOut0=1
SampFreqOut0=8000.0
_DelaySamples=1
NumLocalElements0=1024

[Gain 2]
Version=4.00
Precision=-1
Framesize=512
FramesizeIn0=512
RCFlagIn0=0
DTFlagIn0=1
SampFreqIn0=8000.0
FramesizeOut0=512
RCFlagOut0=0
DTFlagOut0=1
SampFreqOut0=8000.0
_Gain=3.0

[Gain 3]
Version=4.00
Precision=-1
Framesize=512
FramesizeIn0=512
RCFlagIn0=0
DTFlagIn0=1
SampFreqIn0=8000.0
FramesizeOut0=512
RCFlagOut0=0
DTFlagOut0=1
SampFreqOut0=8000.0
_Gain=2.0

[Gain 4]
Version=4.00
Precision=-1
Framesize=512
FramesizeIn0=512
RCFlagIn0=0
DTFlagIn0=1
SampFreqIn0=8000.0
FramesizeOut0=512
RCFlagOut0=0
DTFlagOut0=1
SampFreqOut0=8000.0
_Gain=2.0

[Five Input Add 1]
Version=
Precision=-1
Framesize=512
FramesizeIn0=512
RCFlagIn0=0
DTFlagIn0=1
SampFreqIn0=8000.0
FramesizeIn1=512
RCFlagIn1=0
DTFlagIn1=1
SampFreqIn1=8000.0
FramesizeIn2=512
RCFlagIn2=0
DTFlagIn2=1
SampFreqIn2=8000.0
FramesizeIn3=512
RCFlagIn3=0
DTFlagIn3=1
SampFreqIn3=8000.0
FramesizeIn4=512
RCFlagIn4=0
DTFlagIn4=1
SampFreqIn4=8000.0
FramesizeOut0=512
RCFlagOut0=0
DTFlagOut0=1
SampFreqOut0=8000.0

[Single Channel Display 3]
Version=4.00
Precision=-1
Framesize=512
FramesizeIn0=512
RCFlagIn0=0
DTFlagIn0=1
SampFreqIn0=8000.0
Columns=4
ShowIndices=0
HTicks=10
VTicks=10
DigitPrecision=4
DecimalPrecision=2
Shadow=0
fUseSec=0
wfDense=20
Theta=45.0
Title0=Default Graph Title 0
HLabel0=Samples
VLabel0=Amplitude
BackGroundColor0=0
GridColor0=6
WaveColor0=12
ScaleColor0=6
XAmp0.Min=0.0
XAmp0.Max=512.0
XAmp0.UserScale=1.0
XAmp0.StrLabelMin=
XAmp0.StrLabelMax=
XAmp0.PercMin=50.0
XAmp0.PercMax=50.0
XAmp0.PercDev=5.0
XAmp0.fAutoMin=0
XAmp0.fAutoMax=0
XAmp0.RoundOff=10.0
XAmp0.Precision=0
XAmp0.Scaling=0
XAmp0.LogBase=10.0
XAmp0.LogFactor=1.0
YAmp0.Min=0.0
YAmp0.Max=60.0
YAmp0.UserScale=1.0
YAmp0.StrLabelMin=
YAmp0.StrLabelMax=
YAmp0.PercMin=50.0
YAmp0.PercMax=50.0
YAmp0.PercDev=5.0
YAmp0.fAutoMin=1
YAmp0.fAutoMax=1
YAmp0.RoundOff=1.0
YAmp0.Precision=0
YAmp0.Scaling=0
YAmp0.LogBase=10.0
YAmp0.LogFactor=1.0
XAmpSec0.Min=-1000.0
XAmpSec0.Max=1000.0
XAmpSec0.PercMin=50.0
XAmpSec0.PercMax=50.0
XAmpSec0.PercDev=5.0
XAmpSec0.fAutoMin=1
XAmpSec0.fAutoMax=1
XAmpSec0.Precision=0
XAmpSec0.Scaling=0
XAmpSec0.LogBase=10.0
XAmpSec0.LogFactor=1.0
YAmpSec0.Min=-1000.0
YAmpSec0.Max=1000.0
YAmpSec0.PercMin=50.0
YAmpSec0.PercMax=50.0
YAmpSec0.PercDev=5.0
YAmpSec0.fAutoMin=1
YAmpSec0.fAutoMax=1
YAmpSec0.Precision=0
YAmpSec0.Scaling=0
YAmpSec0.LogBase=10.0
YAmpSec0.LogFactor=1.0
TracePause0=1
fOverWrite0=0
Mode0=0
DrawMode0=0
DisplayMode0=5
Shape0=0
ShapeColor0=7
ShowLabels0=0
fLineRemoval0=1
fMesh0=0
sfOverWrite=0
ShowLabels=0
AutoSize=1
FrameOffset=0

[FFT 1]
Version=4.00
Precision=-1
Framesize=512
FramesizeIn0=512
RCFlagIn0=0
DTFlagIn0=1
SampFreqIn0=8000.0
FramesizeOut0=512
RCFlagOut0=1
DTFlagOut0=1
SampFreqOut0=8000.0
_FFTOrder=9
NumLocalElements0=0
NumLocalElements1=0

[Magnitude 1]
Version=4.00
Precision=-1
Framesize=257
FramesizeIn0=512
RCFlagIn0=1
DTFlagIn0=1
SampFreqIn0=8000.0
FramesizeOut0=257
RCFlagOut0=0
DTFlagOut0=1
SampFreqOut0=8000.0

[Single Channel Display 5]
Version=4.00
Precision=-1
Framesize=512
FramesizeIn0=257
RCFlagIn0=0
DTFlagIn0=1
SampFreqIn0=8000.0
Columns=4
ShowIndices=0
HTicks=10
VTicks=10
DigitPrecision=4
DecimalPrecision=2
Shadow=0
fUseSec=0
wfDense=20
Theta=45.0
Title0=Default Graph Title 0
HLabel0=Samples
VLabel0=Amplitude
BackGroundColor0=0
GridColor0=6
WaveColor0=7
ScaleColor0=6
XAmp0.Min=0.0
XAmp0.Max=257.0
XAmp0.UserScale=1.0
XAmp0.StrLabelMin=
XAmp0.StrLabelMax=
XAmp0.PercMin=50.0
XAmp0.PercMax=50.0
XAmp0.PercDev=5.0
XAmp0.fAutoMin=0
XAmp0.fAutoMax=0
XAmp0.RoundOff=10.0
XAmp0.Precision=0
XAmp0.Scaling=0
XAmp0.LogBase=10.0
XAmp0.LogFactor=1.0
YAmp0.Min=0.0
YAmp0.Max=60.0
YAmp0.UserScale=1.0
YAmp0.StrLabelMin=
YAmp0.StrLabelMax=
YAmp0.PercMin=50.0
YAmp0.PercMax=50.0
YAmp0.PercDev=5.0
YAmp0.fAutoMin=0
YAmp0.fAutoMax=1
YAmp0.RoundOff=1.0
YAmp0.Precision=0
YAmp0.Scaling=0
YAmp0.LogBase=10.0
YAmp0.LogFactor=1.0
XAmpSec0.Min=-1000.0
XAmpSec0.Max=1000.0
XAmpSec0.PercMin=50.0
XAmpSec0.PercMax=50.0
XAmpSec0.PercDev=5.0
XAmpSec0.fAutoMin=1
XAmpSec0.fAutoMax=1
XAmpSec0.Precision=0
XAmpSec0.Scaling=0
XAmpSec0.LogBase=10.0
XAmpSec0.LogFactor=1.0
YAmpSec0.Min=-1000.0
YAmpSec0.Max=1000.0
YAmpSec0.PercMin=50.0
YAmpSec0.PercMax=50.0
YAmpSec0.PercDev=5.0
YAmpSec0.fAutoMin=1
YAmpSec0.fAutoMax=1
YAmpSec0.Precision=0
YAmpSec0.Scaling=0
YAmpSec0.LogBase=10.0
YAmpSec0.LogFactor=1.0
TracePause0=1
fOverWrite0=0
Mode0=0
DrawMode0=0
DisplayMode0=5
Shape0=0
ShapeColor0=7
ShowLabels0=0
fLineRemoval0=1
fMesh0=0
sfOverWrite=0
ShowLabels=0
AutoSize=1
FrameOffset=0

[Cosine Generator 1]
Version=4.00
Precision=1
Framesize=Framesize
FramesizeOut0=512
RCFlagOut0=0
DTFlagOut0=1
SampFreqOut0=8000.0
_Amplitude=0.4
_Frequency=2500.0
_PhaseOffset=0.0
_DCOffset=0.0
_ofFrames=0
_SampleRate=Sample Rate

[Single Channel Display 6]
Version=4.00
Precision=-1
Framesize=64
FramesizeIn0=512
RCFlagIn0=0
DTFlagIn0=1
SampFreqIn0=8000.0
Columns=4
ShowIndices=0
HTicks=10
VTicks=10
DigitPrecision=4
DecimalPrecision=2
Shadow=0
fUseSec=0
wfDense=256
Theta=30.0
Title0=Default Graph Title 0
HLabel0=Samples
VLabel0=Amplitude
BackGroundColor0=0
GridColor0=6
WaveColor0=11
ScaleColor0=6
XAmp0.Min=0.0
XAmp0.Max=64.0
XAmp0.UserScale=1.0
XAmp0.StrLabelMin=
XAmp0.StrLabelMax=
XAmp0.PercMin=50.0
XAmp0.PercMax=50.0
XAmp0.PercDev=5.0
XAmp0.fAutoMin=0
XAmp0.fAutoMax=0
XAmp0.RoundOff=10.0
XAmp0.Precision=0
XAmp0.Scaling=0
XAmp0.LogBase=10.0
XAmp0.LogFactor=1.0
YAmp0.Min=-2.0
YAmp0.Max=2.0
YAmp0.UserScale=1.0
YAmp0.StrLabelMin=
YAmp0.StrLabelMax=
YAmp0.PercMin=50.0
YAmp0.PercMax=50.0
YAmp0.PercDev=5.0
YAmp0.fAutoMin=0
YAmp0.fAutoMax=0
YAmp0.RoundOff=10.0
YAmp0.Precision=0
YAmp0.Scaling=0
YAmp0.LogBase=10.0
YAmp0.LogFactor=1.0
XAmpSec0.Min=-1000.0
XAmpSec0.Max=1000.0
XAmpSec0.PercMin=50.0
XAmpSec0.PercMax=50.0
XAmpSec0.PercDev=5.0
XAmpSec0.fAutoMin=1
XAmpSec0.fAutoMax=1
XAmpSec0.Precision=0
XAmpSec0.Scaling=0
XAmpSec0.LogBase=10.0
XAmpSec0.LogFactor=1.0
YAmpSec0.Min=-1000.0
YAmpSec0.Max=1000.0
YAmpSec0.PercMin=50.0
YAmpSec0.PercMax=50.0
YAmpSec0.PercDev=5.0
YAmpSec0.fAutoMin=1
YAmpSec0.fAutoMax=1
YAmpSec0.Precision=0
YAmpSec0.Scaling=0
YAmpSec0.LogBase=10.0
YAmpSec0.LogFactor=1.0
TracePause0=1
fOverWrite0=0
Mode0=0
DrawMode0=0
DisplayMode0=5
Shape0=0
ShapeColor0=7
ShowLabels0=0
fLineRemoval0=1
fMesh0=0
sfOverWrite=0
ShowLabels=0
AutoSize=0
FrameOffset=0

[Single Channel Display 7]
Version=4.00
Precision=-1
Framesize=256
FramesizeIn0=512
RCFlagIn0=0
DTFlagIn0=1
SampFreqIn0=8000.0
Columns=4
ShowIndices=0
HTicks=10
VTicks=10
DigitPrecision=4
DecimalPrecision=2
Shadow=0
fUseSec=0
wfDense=256
Theta=30.0
Title0=Default Graph Title 0
HLabel0=Samples
VLabel0=Amplitude
BackGroundColor0=0
GridColor0=6
WaveColor0=9
ScaleColor0=6
XAmp0.Min=0.0
XAmp0.Max=512.0
XAmp0.UserScale=1.0
XAmp0.StrLabelMin=
XAmp0.StrLabelMax=
XAmp0.PercMin=50.0
XAmp0.PercMax=50.0
XAmp0.PercDev=5.0
XAmp0.fAutoMin=0
XAmp0.fAutoMax=0
XAmp0.RoundOff=10.0
XAmp0.Precision=0
XAmp0.Scaling=0
XAmp0.LogBase=10.0
XAmp0.LogFactor=1.0
YAmp0.Min=-2.0
YAmp0.Max=2.0
YAmp0.UserScale=1.0
YAmp0.StrLabelMin=
YAmp0.StrLabelMax=
YAmp0.PercMin=50.0
YAmp0.PercMax=50.0
YAmp0.PercDev=5.0
YAmp0.fAutoMin=0
YAmp0.fAutoMax=0
YAmp0.RoundOff=10.0
YAmp0.Precision=0
YAmp0.Scaling=0
YAmp0.LogBase=10.0
YAmp0.LogFactor=1.0
XAmpSec0.Min=-1000.0
XAmpSec0.Max=1000.0
XAmpSec0.PercMin=50.0
XAmpSec0.PercMax=50.0
XAmpSec0.PercDev=5.0
XAmpSec0.fAutoMin=1
XAmpSec0.fAutoMax=1
XAmpSec0.Precision=0
XAmpSec0.Scaling=0
XAmpSec0.LogBase=10.0
XAmpSec0.LogFactor=1.0
YAmpSec0.Min=-1000.0
YAmpSec0.Max=1000.0
YAmpSec0.PercMin=50.0
YAmpSec0.PercMax=50.0
YAmpSec0.PercDev=5.0
YAmpSec0.fAutoMin=1
YAmpSec0.fAutoMax=1
YAmpSec0.Precision=0
YAmpSec0.Scaling=0
YAmpSec0.LogBase=10.0
YAmpSec0.LogFactor=1.0
TracePause0=1
fOverWrite0=0
Mode0=0
DrawMode0=0
DisplayMode0=5
Shape0=0
ShapeColor0=7
ShowLabels0=0
fLineRemoval0=1
fMesh0=0
sfOverWrite=0
ShowLabels=0
AutoSize=1
FrameOffset=0

