[Block Diagram Listing]
Header=Hypersignal for Windows Block Diagram Application, Block Listing
Version=4.00
Block Count=8
Horizontal Scroll Position=0
Vertical Scroll Position=0
Manual Compile=0
Block Library1=Simulation Library
Block Name1=Sweep (Chirp) Generator 1
DLL Name1=SWEEP.DLL
Block Type1=2
Block Class1=0
Layer1=-1
Position1=64,96,96,128
Input Count1=0
Output Count1=1
Parameter Count1=0
Block Library2=Simulation Library
Block Name2=Sine Generator 1
DLL Name2=SINE.DLL
Block Type2=1
Block Class2=0
Layer2=-1
Position2=64,192,96,224
Input Count2=0
Output Count2=1
Parameter Count2=0
Block Library3=Simulation Library
Block Name3=Add 1
DLL Name3=ADD.DLL
Block Type3=2
Block Class3=0
Layer3=-1
Position3=160,160,192,192
Input Count3=2
Output Count3=1
Parameter Count3=0
Block3,Input Channel 0=Sweep (Chirp) Generator 1,Output Channel 0
Block3,Input Channel 1=Sine Generator 1,Output Channel 0
Block Library4=Simulation Library
Block Name4=Single Channel Display 1
DLL Name4=SCD.DLL
Block Label4=Sweep+Sine in Time Domain
Block Label Font4=-17,0,0,0,700,0,0,0,0,1,2,1,34,MS Sans Serif
Block Type4=8
Block Class4=0
Layer4=-1
Position4=352,64,704,224
Input Count4=1
Output Count4=0
Parameter Count4=0
Block4,Input Channel 0=Add 1,Output Channel 0
Block Library5=Simulation Library
Block Name5=FFT 1
DLL Name5=FFT.DLL
Block Type5=2
Block Class5=0
Layer5=-1
Position5=224,320,256,352
Input Count5=1
Output Count5=1
Parameter Count5=0
Block5,Input Channel 0=Add 1,Output Channel 0
Block Library6=Simulation Library
Block Name6=Magnitude 1
DLL Name6=MAG.DLL
Block Type6=2
Block Class6=0
Layer6=-1
Position6=288,320,320,352
Input Count6=1
Output Count6=1
Parameter Count6=0
Block6,Input Channel 0=FFT 1,Output Channel 0
Block Library7=Simulation Library
Block Name7=Single Channel Display 2
DLL Name7=SCD.DLL
Block Label7=Sweep+Sine in Frequency Domain
Block Label Font7=-17,0,0,0,700,0,0,0,0,1,2,1,34,MS Sans Serif
Block Type7=8
Block Class7=0
Layer7=-1
Position7=352,256,704,416
Input Count7=1
Output Count7=0
Parameter Count7=0
Block7,Input Channel 0=Magnitude 1,Output Channel 0
Block Library8=Simulation Library
Block Name8=Sound Card D/A 1
DLL Name8=SndCrdDA.dll
Block Type8=68
Block Class8=64
Layer8=-1
Position8=274,221,306,253
Input Count8=2
Output Count8=0
Parameter Count8=0
Block8,Input Channel 0=Add 1,Output Channel 0
Block8,Input Channel 1=Input Not Connected

[Variables]
Num=2
Var1=Framesize
Value1=256
Var2=Sample Rate
Value2=8000.0

[Environment]
Undo Buffer Size=30

[Text Boxes]
Count=2
Text1=Example using a sound card for listening to a signal
Position1=100,10
ColorR1=255
ColorG1=255
ColorB1=0
Font1=-19,0,0,0,700,0,0,0,0,3,2,1,34,Arial
Text2=Note: you must have a sound card for this to work properly!
Position2=110,36
ColorR2=255
ColorG2=0
ColorB2=0
Font2=-16,0,0,0,700,0,0,0,0,3,2,1,34,Arial

[Layers]
Current Layer=-1
Mode=1
Num=1

[Sweep (Chirp) Generator 1]
Version=4.00
Precision=0
Framesize=4000
FramesizeOut0=4000
RCFlagOut0=0
DTFlagOut0=0
SampFreqOut0=11025.0
_Amplitude=10000.0
_MinFrequency=10.0
_MaxFrequency=1000.0
_StepSize=500
_PhaseOffset=0.0
_DCOffset=0.0
_ofFrames=0
_SampleRate=11025.0

[Sine Generator 1]
Version=4.00
Precision=1
Framesize=4000
FramesizeOut0=4000
RCFlagOut0=0
DTFlagOut0=1
SampFreqOut0=11025.0
_Amplitude=5000.0
_Frequency=300.0
_PhaseOffset=0.0
_DCOffset=0.0
_ofFrames=0
_SampleRate=11025.0

[Add 1]
Version=4.00
Precision=-1
Framesize=4000
FramesizeIn0=4000
RCFlagIn0=0
DTFlagIn0=0
SampFreqIn0=11025.0
FramesizeIn1=4000
RCFlagIn1=0
DTFlagIn1=1
SampFreqIn1=11025.0
FramesizeOut0=4000
RCFlagOut0=0
DTFlagOut0=1
SampFreqOut0=11025.0
_OverflowHandling=303
_SmallFramesize=306
_FramesizeWarning=309

[Single Channel Display 1]
Version=4.00
Precision=-1
Framesize=100
FramesizeIn0=4000
RCFlagIn0=0
DTFlagIn0=1
SampFreqIn0=11025.0
Columns=4
ShowIndices=0
HTicks=10
VTicks=10
DigitPrecision=4
DecimalPrecision=2
Shadow=0
fUseSec=0
wfDense=256
Theta=30.0
Title0=Sweep Generator Output
HLabel0=Samples
VLabel0=Amplitude
BackGroundColor0=0
GridColor0=6
WaveColor0=9
ScaleColor0=6
XAmp0.Min=0.0
XAmp0.Max=4000.0
XAmp0.UserScale=1.0
XAmp0.StrLabelMin=
XAmp0.StrLabelMax=
XAmp0.PercMin=50.0
XAmp0.PercMax=50.0
XAmp0.PercDev=5.0
XAmp0.fAutoMin=0
XAmp0.fAutoMax=0
XAmp0.RoundOff=10.0
XAmp0.Precision=0
XAmp0.Scaling=0
XAmp0.LogBase=10.0
XAmp0.LogFactor=1.0
YAmp0.Min=0.0
YAmp0.Max=1.5
YAmp0.UserScale=1.0
YAmp0.StrLabelMin=
YAmp0.StrLabelMax=
YAmp0.PercMin=50.0
YAmp0.PercMax=50.0
YAmp0.PercDev=5.0
YAmp0.fAutoMin=1
YAmp0.fAutoMax=1
YAmp0.RoundOff=10.0
YAmp0.Precision=0
YAmp0.Scaling=0
YAmp0.LogBase=10.0
YAmp0.LogFactor=1.0
XAmpSec0.Min=-1000.0
XAmpSec0.Max=1000.0
XAmpSec0.PercMin=50.0
XAmpSec0.PercMax=50.0
XAmpSec0.PercDev=5.0
XAmpSec0.fAutoMin=1
XAmpSec0.fAutoMax=1
XAmpSec0.Precision=0
XAmpSec0.Scaling=0
XAmpSec0.LogBase=10.0
XAmpSec0.LogFactor=1.0
YAmpSec0.Min=-1000.0
YAmpSec0.Max=1000.0
YAmpSec0.PercMin=50.0
YAmpSec0.PercMax=50.0
YAmpSec0.PercDev=5.0
YAmpSec0.fAutoMin=1
YAmpSec0.fAutoMax=1
YAmpSec0.Precision=0
YAmpSec0.Scaling=0
YAmpSec0.LogBase=10.0
YAmpSec0.LogFactor=1.0
TracePause0=1
fOverWrite0=0
Mode0=0
DrawMode0=0
DisplayMode0=5
Shape0=0
ShapeColor0=7
ShowLabels0=1
fLineRemoval0=1
fMesh0=0
sfOverWrite=0
ShowLabels=1
AutoSize=1
FrameOffset=0

[FFT 1]
Version=4.00
Precision=-1
Framesize=512
FramesizeIn0=4000
RCFlagIn0=0
DTFlagIn0=1
SampFreqIn0=11025.0
FramesizeOut0=512
RCFlagOut0=1
DTFlagOut0=1
SampFreqOut0=11025.0
_FFTOrder=9
NumLocalElements0=0
NumLocalElements1=0

[Magnitude 1]
Version=4.00
Precision=-1
Framesize=257
FramesizeIn0=512
RCFlagIn0=1
DTFlagIn0=1
SampFreqIn0=11025.0
FramesizeOut0=257
RCFlagOut0=0
DTFlagOut0=1
SampFreqOut0=11025.0

[Single Channel Display 2]
Version=4.00
Precision=-1
Framesize=100
FramesizeIn0=257
RCFlagIn0=0
DTFlagIn0=1
SampFreqIn0=11025.0
Columns=4
ShowIndices=0
HTicks=10
VTicks=10
DigitPrecision=4
DecimalPrecision=2
Shadow=0
fUseSec=0
wfDense=256
Theta=30.0
Title0=Sweep Generator Output
HLabel0=Samples
VLabel0=Amplitude
BackGroundColor0=0
GridColor0=6
WaveColor0=12
ScaleColor0=6
XAmp0.Min=0.0
XAmp0.Max=257.0
XAmp0.UserScale=1.0
XAmp0.StrLabelMin=
XAmp0.StrLabelMax=
XAmp0.PercMin=50.0
XAmp0.PercMax=50.0
XAmp0.PercDev=5.0
XAmp0.fAutoMin=0
XAmp0.fAutoMax=0
XAmp0.RoundOff=10.0
XAmp0.Precision=0
XAmp0.Scaling=0
XAmp0.LogBase=10.0
XAmp0.LogFactor=1.0
YAmp0.Min=0.0
YAmp0.Max=1.5
YAmp0.UserScale=1.0
YAmp0.StrLabelMin=
YAmp0.StrLabelMax=
YAmp0.PercMin=90.0
YAmp0.PercMax=90.0
YAmp0.PercDev=5.0
YAmp0.fAutoMin=1
YAmp0.fAutoMax=1
YAmp0.RoundOff=10.0
YAmp0.Precision=0
YAmp0.Scaling=0
YAmp0.LogBase=10.0
YAmp0.LogFactor=1.0
XAmpSec0.Min=-1000.0
XAmpSec0.Max=1000.0
XAmpSec0.PercMin=50.0
XAmpSec0.PercMax=50.0
XAmpSec0.PercDev=5.0
XAmpSec0.fAutoMin=1
XAmpSec0.fAutoMax=1
XAmpSec0.Precision=0
XAmpSec0.Scaling=0
XAmpSec0.LogBase=10.0
XAmpSec0.LogFactor=1.0
YAmpSec0.Min=-1000.0
YAmpSec0.Max=1000.0
YAmpSec0.PercMin=50.0
YAmpSec0.PercMax=50.0
YAmpSec0.PercDev=5.0
YAmpSec0.fAutoMin=1
YAmpSec0.fAutoMax=1
YAmpSec0.Precision=0
YAmpSec0.Scaling=0
YAmpSec0.LogBase=10.0
YAmpSec0.LogFactor=1.0
TracePause0=1
fOverWrite0=0
Mode0=2
DrawMode0=0
DisplayMode0=5
Shape0=0
ShapeColor0=7
ShowLabels0=0
fLineRemoval0=1
fMesh0=0
sfOverWrite=0
ShowLabels=0
AutoSize=1
FrameOffset=0

[Sound Card D/A 1]
Version=4.00
Precision=-1
Framesize=4000
FramesizeIn0=4000
RCFlagIn0=0
DTFlagIn0=1
SampFreqIn0=11025.0
FramesizeIn1=0
RCFlagIn1=0
DTFlagIn1=6
SampFreqIn1=0.0
_SampleRate=Sample Rate
_UseInputRate=303
_WaveDevice=0
_Precision=0
NumChannels0=1
NumChannels1=0
Channels=1

